[0.132s] Invoking command in '/home/mkouda/create_ws/src/build/create_msgs': CMAKE_PREFIX_PATH=${CMAKE_PREFIX_PATH}:/opt/ros/humble /usr/bin/cmake /home/mkouda/create_ws/src/create_robot/create_msgs -DCMAKE_INSTALL_PREFIX=/home/mkouda/create_ws/src/install/create_msgs
[1.261s] -- The C compiler identification is GNU 11.4.0
[2.081s] -- The CXX compiler identification is GNU 11.4.0
[2.114s] -- Detecting C compiler ABI info
[2.646s] -- Detecting C compiler ABI info - done
[2.673s] -- Check for working C compiler: /usr/bin/cc - skipped
[2.676s] -- Detecting C compile features
[2.679s] -- Detecting C compile features - done
[2.695s] -- Detecting CXX compiler ABI info
[3.152s] -- Detecting CXX compiler ABI info - done
[3.182s] -- Check for working CXX compiler: /usr/bin/c++ - skipped
[3.183s] -- Detecting CXX compile features
[3.186s] -- Detecting CXX compile features - done
[3.247s] -- Found ament_cmake: 1.3.11 (/opt/ros/humble/share/ament_cmake/cmake)
[4.390s] -- Found Python3: /usr/bin/python3 (found version "3.10.12") found components: Interpreter 
[5.541s] -- Found rosidl_default_generators: 1.2.0 (/opt/ros/humble/share/rosidl_default_generators/cmake)
[5.637s] -- Using all available rosidl_typesupport_c: rosidl_typesupport_fastrtps_c;rosidl_typesupport_introspection_c
[5.857s] -- Found rosidl_adapter: 3.1.6 (/opt/ros/humble/share/rosidl_adapter/cmake)
[6.929s] -- Using all available rosidl_typesupport_cpp: rosidl_typesupport_fastrtps_cpp;rosidl_typesupport_introspection_cpp
[7.891s] -- Found std_msgs: 4.8.0 (/opt/ros/humble/share/std_msgs/cmake)
[10.943s] -- Found ament_cmake_ros: 0.10.0 (/opt/ros/humble/share/ament_cmake_ros/cmake)
[13.538s] -- Using all available rosidl_typesupport_c: rosidl_typesupport_fastrtps_c;rosidl_typesupport_introspection_c
[16.929s] -- Using all available rosidl_typesupport_cpp: rosidl_typesupport_fastrtps_cpp;rosidl_typesupport_introspection_cpp
[17.137s] -- Found PythonInterp: /usr/bin/python3 (found suitable version "3.10.12", minimum required is "3.6") 
[17.183s] -- Found python_cmake_module: 0.10.0 (/opt/ros/humble/share/python_cmake_module/cmake)
[17.410s] -- Found PythonLibs: /usr/lib/aarch64-linux-gnu/libpython3.10.so (found suitable version "3.10.12", minimum required is "3.5") 
[17.420s] -- Using PYTHON_EXECUTABLE: /usr/bin/python3
[17.421s] -- Using PYTHON_INCLUDE_DIRS: /usr/include/python3.10
[17.422s] -- Using PYTHON_LIBRARIES: /usr/lib/aarch64-linux-gnu/libpython3.10.so
[17.573s] -- Found PythonExtra: .so  
[18.289s] -- Configuring done
[18.653s] -- Generating done
[18.740s] -- Build files have been written to: /home/mkouda/create_ws/src/build/create_msgs
[18.769s] Invoked command in '/home/mkouda/create_ws/src/build/create_msgs' returned '0': CMAKE_PREFIX_PATH=${CMAKE_PREFIX_PATH}:/opt/ros/humble /usr/bin/cmake /home/mkouda/create_ws/src/create_robot/create_msgs -DCMAKE_INSTALL_PREFIX=/home/mkouda/create_ws/src/install/create_msgs
[18.778s] Invoking command in '/home/mkouda/create_ws/src/build/create_msgs': CMAKE_PREFIX_PATH=${CMAKE_PREFIX_PATH}:/opt/ros/humble /usr/bin/cmake --build /home/mkouda/create_ws/src/build/create_msgs -- -j4 -l4
[19.241s] [  1%] [34m[1mGenerating C code for ROS interfaces[0m
[19.379s] [  2%] [34m[1mGenerating C++ code for ROS interfaces[0m
[19.517s] [  2%] Built target ament_cmake_python_copy_create_msgs
[21.639s] running egg_info
[21.642s] creating create_msgs.egg-info
[21.643s] writing create_msgs.egg-info/PKG-INFO
[21.644s] writing dependency_links to create_msgs.egg-info/dependency_links.txt
[21.645s] writing top-level names to create_msgs.egg-info/top_level.txt
[21.647s] writing manifest file 'create_msgs.egg-info/SOURCES.txt'
[21.660s] reading manifest file 'create_msgs.egg-info/SOURCES.txt'
[21.663s] writing manifest file 'create_msgs.egg-info/SOURCES.txt'
[21.853s] [  2%] Built target ament_cmake_python_build_create_msgs_egg
[27.769s] [  2%] Built target create_msgs__cpp
[27.886s] [  3%] [34m[1mGenerating C++ type support for eProsima Fast-RTPS[0m
[27.904s] [  5%] [34m[1mGenerating C++ introspection for ROS interfaces[0m
[27.915s] [  6%] [34m[1mGenerating C++ type support dispatch for ROS interfaces[0m
[27.967s] [  7%] [32mBuilding C object CMakeFiles/create_msgs__rosidl_generator_c.dir/rosidl_generator_c/create_msgs/msg/detail/bumper__functions.c.o[0m
[28.590s] [  8%] [32mBuilding C object CMakeFiles/create_msgs__rosidl_generator_c.dir/rosidl_generator_c/create_msgs/msg/detail/charging_state__functions.c.o[0m
[29.130s] [ 10%] [32mBuilding C object CMakeFiles/create_msgs__rosidl_generator_c.dir/rosidl_generator_c/create_msgs/msg/detail/define_song__functions.c.o[0m
[29.513s] [ 11%] [32mBuilding C object CMakeFiles/create_msgs__rosidl_generator_c.dir/rosidl_generator_c/create_msgs/msg/detail/mode__functions.c.o[0m
[29.835s] [ 12%] [32mBuilding C object CMakeFiles/create_msgs__rosidl_generator_c.dir/rosidl_generator_c/create_msgs/msg/detail/play_song__functions.c.o[0m
[30.171s] [ 13%] [32mBuilding C object CMakeFiles/create_msgs__rosidl_generator_c.dir/rosidl_generator_c/create_msgs/msg/detail/motor_setpoint__functions.c.o[0m
[30.580s] [ 15%] [32mBuilding C object CMakeFiles/create_msgs__rosidl_generator_c.dir/rosidl_generator_c/create_msgs/msg/detail/cliff__functions.c.o[0m
[31.067s] [ 16%] [32m[1mLinking C shared library libcreate_msgs__rosidl_generator_c.so[0m
[31.503s] [ 16%] Built target create_msgs__rosidl_generator_c
[31.540s] [ 17%] [32mBuilding CXX object CMakeFiles/create_msgs__rosidl_typesupport_cpp.dir/rosidl_typesupport_cpp/create_msgs/msg/bumper__type_support.cpp.o[0m
[31.621s] [ 18%] [32mBuilding CXX object CMakeFiles/create_msgs__rosidl_typesupport_cpp.dir/rosidl_typesupport_cpp/create_msgs/msg/charging_state__type_support.cpp.o[0m
[33.600s] [ 20%] [32mBuilding CXX object CMakeFiles/create_msgs__rosidl_typesupport_introspection_cpp.dir/rosidl_typesupport_introspection_cpp/create_msgs/msg/detail/bumper__type_support.cpp.o[0m
[34.141s] [ 21%] [32mBuilding CXX object CMakeFiles/create_msgs__rosidl_typesupport_fastrtps_cpp.dir/rosidl_typesupport_fastrtps_cpp/create_msgs/msg/detail/dds_fastrtps/bumper__type_support.cpp.o[0m
[35.653s] [ 22%] [32mBuilding CXX object CMakeFiles/create_msgs__rosidl_typesupport_cpp.dir/rosidl_typesupport_cpp/create_msgs/msg/define_song__type_support.cpp.o[0m
[35.732s] [ 24%] [32mBuilding CXX object CMakeFiles/create_msgs__rosidl_typesupport_cpp.dir/rosidl_typesupport_cpp/create_msgs/msg/mode__type_support.cpp.o[0m
[38.780s] [ 25%] [32mBuilding CXX object CMakeFiles/create_msgs__rosidl_typesupport_cpp.dir/rosidl_typesupport_cpp/create_msgs/msg/play_song__type_support.cpp.o[0m
[39.525s] [ 26%] [32mBuilding CXX object CMakeFiles/create_msgs__rosidl_typesupport_introspection_cpp.dir/rosidl_typesupport_introspection_cpp/create_msgs/msg/detail/charging_state__type_support.cpp.o[0m
[39.864s] [ 27%] [32mBuilding CXX object CMakeFiles/create_msgs__rosidl_typesupport_cpp.dir/rosidl_typesupport_cpp/create_msgs/msg/motor_setpoint__type_support.cpp.o[0m
[40.565s] [ 29%] [32mBuilding CXX object CMakeFiles/create_msgs__rosidl_typesupport_fastrtps_cpp.dir/rosidl_typesupport_fastrtps_cpp/create_msgs/msg/detail/dds_fastrtps/charging_state__type_support.cpp.o[0m
[40.598s] [ 30%] [32mBuilding CXX object CMakeFiles/create_msgs__rosidl_typesupport_cpp.dir/rosidl_typesupport_cpp/create_msgs/msg/cliff__type_support.cpp.o[0m
[42.390s] [ 31%] [32mBuilding CXX object CMakeFiles/create_msgs__rosidl_typesupport_fastrtps_cpp.dir/rosidl_typesupport_fastrtps_cpp/create_msgs/msg/detail/dds_fastrtps/define_song__type_support.cpp.o[0m
[43.522s] [ 32%] [32mBuilding CXX object CMakeFiles/create_msgs__rosidl_typesupport_introspection_cpp.dir/rosidl_typesupport_introspection_cpp/create_msgs/msg/detail/define_song__type_support.cpp.o[0m
[43.900s] [ 34%] [32m[1mLinking CXX shared library libcreate_msgs__rosidl_typesupport_cpp.so[0m
[44.355s] [ 34%] Built target create_msgs__rosidl_typesupport_cpp
[44.523s] [ 35%] [34m[1mGenerating C type support for eProsima Fast-RTPS[0m
[48.824s] [ 36%] [32mBuilding CXX object CMakeFiles/create_msgs__rosidl_typesupport_fastrtps_cpp.dir/rosidl_typesupport_fastrtps_cpp/create_msgs/msg/detail/dds_fastrtps/mode__type_support.cpp.o[0m
[49.087s] [ 37%] [32mBuilding CXX object CMakeFiles/create_msgs__rosidl_typesupport_introspection_cpp.dir/rosidl_typesupport_introspection_cpp/create_msgs/msg/detail/mode__type_support.cpp.o[0m
[53.650s] [ 39%] [32mBuilding CXX object CMakeFiles/create_msgs__rosidl_typesupport_fastrtps_cpp.dir/rosidl_typesupport_fastrtps_cpp/create_msgs/msg/detail/dds_fastrtps/play_song__type_support.cpp.o[0m
[53.839s] [ 40%] [32mBuilding CXX object CMakeFiles/create_msgs__rosidl_typesupport_fastrtps_c.dir/rosidl_typesupport_fastrtps_c/create_msgs/msg/detail/bumper__type_support_c.cpp.o[0m
[53.923s] [ 41%] [32mBuilding CXX object CMakeFiles/create_msgs__rosidl_typesupport_introspection_cpp.dir/rosidl_typesupport_introspection_cpp/create_msgs/msg/detail/play_song__type_support.cpp.o[0m
[57.842s] [ 43%] [32mBuilding CXX object CMakeFiles/create_msgs__rosidl_typesupport_fastrtps_c.dir/rosidl_typesupport_fastrtps_c/create_msgs/msg/detail/charging_state__type_support_c.cpp.o[0m
[58.055s] [ 44%] [32mBuilding CXX object CMakeFiles/create_msgs__rosidl_typesupport_introspection_cpp.dir/rosidl_typesupport_introspection_cpp/create_msgs/msg/detail/motor_setpoint__type_support.cpp.o[0m
[58.097s] [ 45%] [32mBuilding CXX object CMakeFiles/create_msgs__rosidl_typesupport_fastrtps_cpp.dir/rosidl_typesupport_fastrtps_cpp/create_msgs/msg/detail/dds_fastrtps/motor_setpoint__type_support.cpp.o[0m
[60.029s] [ 46%] [32mBuilding CXX object CMakeFiles/create_msgs__rosidl_typesupport_fastrtps_c.dir/rosidl_typesupport_fastrtps_c/create_msgs/msg/detail/define_song__type_support_c.cpp.o[0m
[60.490s] [ 48%] [32mBuilding CXX object CMakeFiles/create_msgs__rosidl_typesupport_introspection_cpp.dir/rosidl_typesupport_introspection_cpp/create_msgs/msg/detail/cliff__type_support.cpp.o[0m
[60.654s] [ 49%] [32mBuilding CXX object CMakeFiles/create_msgs__rosidl_typesupport_fastrtps_cpp.dir/rosidl_typesupport_fastrtps_cpp/create_msgs/msg/detail/dds_fastrtps/cliff__type_support.cpp.o[0m
[62.404s] [ 50%] [32mBuilding CXX object CMakeFiles/create_msgs__rosidl_typesupport_fastrtps_c.dir/rosidl_typesupport_fastrtps_c/create_msgs/msg/detail/mode__type_support_c.cpp.o[0m
[63.071s] [ 51%] [32m[1mLinking CXX shared library libcreate_msgs__rosidl_typesupport_introspection_cpp.so[0m
[63.406s] [ 53%] [32m[1mLinking CXX shared library libcreate_msgs__rosidl_typesupport_fastrtps_cpp.so[0m
[63.516s] [ 53%] Built target create_msgs__rosidl_typesupport_introspection_cpp
[63.808s] [ 53%] Built target create_msgs__rosidl_typesupport_fastrtps_cpp
[64.377s] [ 54%] [32mBuilding CXX object CMakeFiles/create_msgs__rosidl_typesupport_fastrtps_c.dir/rosidl_typesupport_fastrtps_c/create_msgs/msg/detail/play_song__type_support_c.cpp.o[0m
[66.021s] [ 55%] [32mBuilding CXX object CMakeFiles/create_msgs__rosidl_typesupport_fastrtps_c.dir/rosidl_typesupport_fastrtps_c/create_msgs/msg/detail/motor_setpoint__type_support_c.cpp.o[0m
[67.585s] [ 56%] [32mBuilding CXX object CMakeFiles/create_msgs__rosidl_typesupport_fastrtps_c.dir/rosidl_typesupport_fastrtps_c/create_msgs/msg/detail/cliff__type_support_c.cpp.o[0m
[69.184s] [ 58%] [32m[1mLinking CXX shared library libcreate_msgs__rosidl_typesupport_fastrtps_c.so[0m
[69.554s] [ 58%] Built target create_msgs__rosidl_typesupport_fastrtps_c
[69.597s] [ 59%] [34m[1mGenerating C type support dispatch for ROS interfaces[0m
[71.985s] [ 60%] [32mBuilding CXX object CMakeFiles/create_msgs__rosidl_typesupport_c.dir/rosidl_typesupport_c/create_msgs/msg/bumper__type_support.cpp.o[0m
[72.148s] [ 62%] [32mBuilding CXX object CMakeFiles/create_msgs__rosidl_typesupport_c.dir/rosidl_typesupport_c/create_msgs/msg/define_song__type_support.cpp.o[0m
[72.307s] [ 63%] [32mBuilding CXX object CMakeFiles/create_msgs__rosidl_typesupport_c.dir/rosidl_typesupport_c/create_msgs/msg/mode__type_support.cpp.o[0m
[72.474s] [ 64%] [32mBuilding CXX object CMakeFiles/create_msgs__rosidl_typesupport_c.dir/rosidl_typesupport_c/create_msgs/msg/play_song__type_support.cpp.o[0m
[72.624s] [ 65%] [32mBuilding CXX object CMakeFiles/create_msgs__rosidl_typesupport_c.dir/rosidl_typesupport_c/create_msgs/msg/motor_setpoint__type_support.cpp.o[0m
[72.775s] [ 67%] [32mBuilding CXX object CMakeFiles/create_msgs__rosidl_typesupport_c.dir/rosidl_typesupport_c/create_msgs/msg/cliff__type_support.cpp.o[0m
[72.938s] [ 68%] [32mBuilding CXX object CMakeFiles/create_msgs__rosidl_typesupport_c.dir/rosidl_typesupport_c/create_msgs/msg/charging_state__type_support.cpp.o[0m
[73.094s] [ 69%] [32m[1mLinking CXX shared library libcreate_msgs__rosidl_typesupport_c.so[0m
[73.277s] [ 69%] Built target create_msgs__rosidl_typesupport_c
[73.323s] [ 70%] [34m[1mGenerating C introspection for ROS interfaces[0m
[76.341s] [ 72%] [32mBuilding C object CMakeFiles/create_msgs__rosidl_typesupport_introspection_c.dir/rosidl_typesupport_introspection_c/create_msgs/msg/detail/bumper__type_support.c.o[0m
[76.534s] [ 73%] [32mBuilding C object CMakeFiles/create_msgs__rosidl_typesupport_introspection_c.dir/rosidl_typesupport_introspection_c/create_msgs/msg/detail/mode__type_support.c.o[0m
[76.719s] [ 74%] [32mBuilding C object CMakeFiles/create_msgs__rosidl_typesupport_introspection_c.dir/rosidl_typesupport_introspection_c/create_msgs/msg/detail/play_song__type_support.c.o[0m
[76.896s] [ 75%] [32mBuilding C object CMakeFiles/create_msgs__rosidl_typesupport_introspection_c.dir/rosidl_typesupport_introspection_c/create_msgs/msg/detail/motor_setpoint__type_support.c.o[0m
[77.084s] [ 77%] [32mBuilding C object CMakeFiles/create_msgs__rosidl_typesupport_introspection_c.dir/rosidl_typesupport_introspection_c/create_msgs/msg/detail/cliff__type_support.c.o[0m
[77.292s] [ 78%] [32mBuilding C object CMakeFiles/create_msgs__rosidl_typesupport_introspection_c.dir/rosidl_typesupport_introspection_c/create_msgs/msg/detail/charging_state__type_support.c.o[0m
[77.304s] [ 79%] [32mBuilding C object CMakeFiles/create_msgs__rosidl_typesupport_introspection_c.dir/rosidl_typesupport_introspection_c/create_msgs/msg/detail/define_song__type_support.c.o[0m
[77.557s] [ 81%] [32m[1mLinking C shared library libcreate_msgs__rosidl_typesupport_introspection_c.so[0m
[77.731s] [ 81%] Built target create_msgs__rosidl_typesupport_introspection_c
[77.835s] [ 81%] Built target create_msgs
[77.948s] [ 82%] [34m[1mGenerating Python code for ROS interfaces[0m
[88.332s] [ 82%] Built target create_msgs__py
[88.594s] [ 83%] [32mBuilding C object CMakeFiles/create_msgs__rosidl_generator_py.dir/rosidl_generator_py/create_msgs/msg/_bumper_s.c.o[0m
[89.810s] [ 84%] [32mBuilding C object CMakeFiles/create_msgs__rosidl_generator_py.dir/rosidl_generator_py/create_msgs/msg/_mode_s.c.o[0m
[90.451s] [ 86%] [32mBuilding C object CMakeFiles/create_msgs__rosidl_generator_py.dir/rosidl_generator_py/create_msgs/msg/_play_song_s.c.o[0m
[91.070s] [ 87%] [32mBuilding C object CMakeFiles/create_msgs__rosidl_generator_py.dir/rosidl_generator_py/create_msgs/msg/_motor_setpoint_s.c.o[0m
[91.693s] [ 88%] [32mBuilding C object CMakeFiles/create_msgs__rosidl_generator_py.dir/rosidl_generator_py/create_msgs/msg/_cliff_s.c.o[0m
[92.372s] [ 89%] [32mBuilding C object CMakeFiles/create_msgs__rosidl_generator_py.dir/rosidl_generator_py/create_msgs/msg/_define_song_s.c.o[0m
[93.126s] [ 91%] [32mBuilding C object CMakeFiles/create_msgs__rosidl_generator_py.dir/rosidl_generator_py/create_msgs/msg/_charging_state_s.c.o[0m
[93.686s] [ 92%] [32m[1mLinking C shared library rosidl_generator_py/create_msgs/libcreate_msgs__rosidl_generator_py.so[0m
[93.938s] [ 92%] Built target create_msgs__rosidl_generator_py
[94.041s] [ 93%] [32mBuilding C object CMakeFiles/create_msgs__rosidl_typesupport_fastrtps_c__pyext.dir/rosidl_generator_py/create_msgs/_create_msgs_s.ep.rosidl_typesupport_fastrtps_c.c.o[0m
[94.758s] [ 94%] [32m[1mLinking C shared library rosidl_generator_py/create_msgs/create_msgs_s__rosidl_typesupport_fastrtps_c.cpython-310-aarch64-linux-gnu.so[0m
[95.032s] [ 94%] Built target create_msgs__rosidl_typesupport_fastrtps_c__pyext
[95.147s] [ 96%] [32mBuilding C object CMakeFiles/create_msgs__rosidl_typesupport_c__pyext.dir/rosidl_generator_py/create_msgs/_create_msgs_s.ep.rosidl_typesupport_c.c.o[0m
[95.758s] [ 97%] [32m[1mLinking C shared library rosidl_generator_py/create_msgs/create_msgs_s__rosidl_typesupport_c.cpython-310-aarch64-linux-gnu.so[0m
[95.949s] [ 97%] Built target create_msgs__rosidl_typesupport_c__pyext
[96.035s] [ 98%] [32mBuilding C object CMakeFiles/create_msgs__rosidl_typesupport_introspection_c__pyext.dir/rosidl_generator_py/create_msgs/_create_msgs_s.ep.rosidl_typesupport_introspection_c.c.o[0m
[96.665s] [100%] [32m[1mLinking C shared library rosidl_generator_py/create_msgs/create_msgs_s__rosidl_typesupport_introspection_c.cpython-310-aarch64-linux-gnu.so[0m
[96.879s] [100%] Built target create_msgs__rosidl_typesupport_introspection_c__pyext
[96.933s] Invoked command in '/home/mkouda/create_ws/src/build/create_msgs' returned '0': CMAKE_PREFIX_PATH=${CMAKE_PREFIX_PATH}:/opt/ros/humble /usr/bin/cmake --build /home/mkouda/create_ws/src/build/create_msgs -- -j4 -l4
[96.943s] Invoking command in '/home/mkouda/create_ws/src/build/create_msgs': CMAKE_PREFIX_PATH=${CMAKE_PREFIX_PATH}:/opt/ros/humble /usr/bin/cmake --install /home/mkouda/create_ws/src/build/create_msgs
[96.976s] -- Install configuration: ""
[96.977s] -- Installing: /home/mkouda/create_ws/src/install/create_msgs/share/ament_index/resource_index/rosidl_interfaces/create_msgs
[96.979s] -- Installing: /home/mkouda/create_ws/src/install/create_msgs/include/create_msgs/create_msgs
[96.980s] -- Installing: /home/mkouda/create_ws/src/install/create_msgs/include/create_msgs/create_msgs/msg
[96.980s] -- Installing: /home/mkouda/create_ws/src/install/create_msgs/include/create_msgs/create_msgs/msg/cliff.h
[96.982s] -- Installing: /home/mkouda/create_ws/src/install/create_msgs/include/create_msgs/create_msgs/msg/motor_setpoint.h
[96.983s] -- Installing: /home/mkouda/create_ws/src/install/create_msgs/include/create_msgs/create_msgs/msg/define_song.h
[96.985s] -- Installing: /home/mkouda/create_ws/src/install/create_msgs/include/create_msgs/create_msgs/msg/rosidl_generator_c__visibility_control.h
[96.986s] -- Installing: /home/mkouda/create_ws/src/install/create_msgs/include/create_msgs/create_msgs/msg/play_song.h
[96.987s] -- Installing: /home/mkouda/create_ws/src/install/create_msgs/include/create_msgs/create_msgs/msg/detail
[96.988s] -- Installing: /home/mkouda/create_ws/src/install/create_msgs/include/create_msgs/create_msgs/msg/detail/define_song__functions.c
[96.990s] -- Installing: /home/mkouda/create_ws/src/install/create_msgs/include/create_msgs/create_msgs/msg/detail/define_song__functions.h
[96.991s] -- Installing: /home/mkouda/create_ws/src/install/create_msgs/include/create_msgs/create_msgs/msg/detail/motor_setpoint__functions.c
[96.993s] -- Installing: /home/mkouda/create_ws/src/install/create_msgs/include/create_msgs/create_msgs/msg/detail/bumper__type_support.h
[96.995s] -- Installing: /home/mkouda/create_ws/src/install/create_msgs/include/create_msgs/create_msgs/msg/detail/charging_state__functions.c
[96.996s] -- Installing: /home/mkouda/create_ws/src/install/create_msgs/include/create_msgs/create_msgs/msg/detail/motor_setpoint__type_support.h
[96.998s] -- Installing: /home/mkouda/create_ws/src/install/create_msgs/include/create_msgs/create_msgs/msg/detail/bumper__functions.h
[96.999s] -- Installing: /home/mkouda/create_ws/src/install/create_msgs/include/create_msgs/create_msgs/msg/detail/mode__functions.h
[97.001s] -- Installing: /home/mkouda/create_ws/src/install/create_msgs/include/create_msgs/create_msgs/msg/detail/mode__type_support.h
[97.002s] -- Installing: /home/mkouda/create_ws/src/install/create_msgs/include/create_msgs/create_msgs/msg/detail/play_song__functions.h
[97.004s] -- Installing: /home/mkouda/create_ws/src/install/create_msgs/include/create_msgs/create_msgs/msg/detail/charging_state__type_support.h
[97.005s] -- Installing: /home/mkouda/create_ws/src/install/create_msgs/include/create_msgs/create_msgs/msg/detail/play_song__functions.c
[97.007s] -- Installing: /home/mkouda/create_ws/src/install/create_msgs/include/create_msgs/create_msgs/msg/detail/mode__functions.c
[97.008s] -- Installing: /home/mkouda/create_ws/src/install/create_msgs/include/create_msgs/create_msgs/msg/detail/mode__struct.h
[97.010s] -- Installing: /home/mkouda/create_ws/src/install/create_msgs/include/create_msgs/create_msgs/msg/detail/cliff__struct.h
[97.011s] -- Installing: /home/mkouda/create_ws/src/install/create_msgs/include/create_msgs/create_msgs/msg/detail/define_song__type_support.h
[97.012s] -- Installing: /home/mkouda/create_ws/src/install/create_msgs/include/create_msgs/create_msgs/msg/detail/charging_state__struct.h
[97.013s] -- Installing: /home/mkouda/create_ws/src/install/create_msgs/include/create_msgs/create_msgs/msg/detail/motor_setpoint__functions.h
[97.015s] -- Installing: /home/mkouda/create_ws/src/install/create_msgs/include/create_msgs/create_msgs/msg/detail/cliff__functions.h
[97.016s] -- Installing: /home/mkouda/create_ws/src/install/create_msgs/include/create_msgs/create_msgs/msg/detail/play_song__struct.h
[97.017s] -- Installing: /home/mkouda/create_ws/src/install/create_msgs/include/create_msgs/create_msgs/msg/detail/play_song__type_support.h
[97.019s] -- Installing: /home/mkouda/create_ws/src/install/create_msgs/include/create_msgs/create_msgs/msg/detail/charging_state__functions.h
[97.020s] -- Installing: /home/mkouda/create_ws/src/install/create_msgs/include/create_msgs/create_msgs/msg/detail/define_song__struct.h
[97.021s] -- Installing: /home/mkouda/create_ws/src/install/create_msgs/include/create_msgs/create_msgs/msg/detail/motor_setpoint__struct.h
[97.023s] -- Installing: /home/mkouda/create_ws/src/install/create_msgs/include/create_msgs/create_msgs/msg/detail/cliff__functions.c
[97.024s] -- Installing: /home/mkouda/create_ws/src/install/create_msgs/include/create_msgs/create_msgs/msg/detail/bumper__struct.h
[97.025s] -- Installing: /home/mkouda/create_ws/src/install/create_msgs/include/create_msgs/create_msgs/msg/detail/bumper__functions.c
[97.027s] -- Installing: /home/mkouda/create_ws/src/install/create_msgs/include/create_msgs/create_msgs/msg/detail/cliff__type_support.h
[97.028s] -- Installing: /home/mkouda/create_ws/src/install/create_msgs/include/create_msgs/create_msgs/msg/mode.h
[97.029s] -- Installing: /home/mkouda/create_ws/src/install/create_msgs/include/create_msgs/create_msgs/msg/bumper.h
[97.031s] -- Installing: /home/mkouda/create_ws/src/install/create_msgs/include/create_msgs/create_msgs/msg/charging_state.h
[97.033s] -- Installing: /home/mkouda/create_ws/src/install/create_msgs/share/create_msgs/environment/library_path.sh
[97.034s] -- Installing: /home/mkouda/create_ws/src/install/create_msgs/share/create_msgs/environment/library_path.dsv
[97.036s] -- Installing: /home/mkouda/create_ws/src/install/create_msgs/lib/libcreate_msgs__rosidl_generator_c.so
[97.039s] -- Set runtime path of "/home/mkouda/create_ws/src/install/create_msgs/lib/libcreate_msgs__rosidl_generator_c.so" to ""
[97.040s] -- Up-to-date: /home/mkouda/create_ws/src/install/create_msgs/include/create_msgs/create_msgs
[97.041s] -- Up-to-date: /home/mkouda/create_ws/src/install/create_msgs/include/create_msgs/create_msgs/msg
[97.041s] -- Up-to-date: /home/mkouda/create_ws/src/install/create_msgs/include/create_msgs/create_msgs/msg/detail
[97.042s] -- Installing: /home/mkouda/create_ws/src/install/create_msgs/include/create_msgs/create_msgs/msg/detail/define_song__rosidl_typesupport_fastrtps_c.h
[97.042s] -- Installing: /home/mkouda/create_ws/src/install/create_msgs/include/create_msgs/create_msgs/msg/detail/motor_setpoint__rosidl_typesupport_fastrtps_c.h
[97.044s] -- Installing: /home/mkouda/create_ws/src/install/create_msgs/include/create_msgs/create_msgs/msg/detail/cliff__rosidl_typesupport_fastrtps_c.h
[97.045s] -- Installing: /home/mkouda/create_ws/src/install/create_msgs/include/create_msgs/create_msgs/msg/detail/charging_state__rosidl_typesupport_fastrtps_c.h
[97.047s] -- Installing: /home/mkouda/create_ws/src/install/create_msgs/include/create_msgs/create_msgs/msg/detail/bumper__rosidl_typesupport_fastrtps_c.h
[97.048s] -- Installing: /home/mkouda/create_ws/src/install/create_msgs/include/create_msgs/create_msgs/msg/detail/mode__rosidl_typesupport_fastrtps_c.h
[97.050s] -- Installing: /home/mkouda/create_ws/src/install/create_msgs/include/create_msgs/create_msgs/msg/detail/play_song__rosidl_typesupport_fastrtps_c.h
[97.051s] -- Installing: /home/mkouda/create_ws/src/install/create_msgs/include/create_msgs/create_msgs/msg/rosidl_typesupport_fastrtps_c__visibility_control.h
[97.053s] -- Installing: /home/mkouda/create_ws/src/install/create_msgs/lib/libcreate_msgs__rosidl_typesupport_fastrtps_c.so
[97.056s] -- Set runtime path of "/home/mkouda/create_ws/src/install/create_msgs/lib/libcreate_msgs__rosidl_typesupport_fastrtps_c.so" to ""
[97.057s] -- Up-to-date: /home/mkouda/create_ws/src/install/create_msgs/include/create_msgs/create_msgs
[97.058s] -- Up-to-date: /home/mkouda/create_ws/src/install/create_msgs/include/create_msgs/create_msgs/msg
[97.058s] -- Up-to-date: /home/mkouda/create_ws/src/install/create_msgs/include/create_msgs/create_msgs/msg/detail
[97.059s] -- Installing: /home/mkouda/create_ws/src/install/create_msgs/include/create_msgs/create_msgs/msg/detail/cliff__rosidl_typesupport_introspection_c.h
[97.060s] -- Installing: /home/mkouda/create_ws/src/install/create_msgs/include/create_msgs/create_msgs/msg/detail/define_song__type_support.c
[97.061s] -- Installing: /home/mkouda/create_ws/src/install/create_msgs/include/create_msgs/create_msgs/msg/detail/play_song__rosidl_typesupport_introspection_c.h
[97.062s] -- Installing: /home/mkouda/create_ws/src/install/create_msgs/include/create_msgs/create_msgs/msg/detail/bumper__type_support.c
[97.064s] -- Installing: /home/mkouda/create_ws/src/install/create_msgs/include/create_msgs/create_msgs/msg/detail/charging_state__type_support.c
[97.065s] -- Installing: /home/mkouda/create_ws/src/install/create_msgs/include/create_msgs/create_msgs/msg/detail/charging_state__rosidl_typesupport_introspection_c.h
[97.067s] -- Installing: /home/mkouda/create_ws/src/install/create_msgs/include/create_msgs/create_msgs/msg/detail/bumper__rosidl_typesupport_introspection_c.h
[97.068s] -- Installing: /home/mkouda/create_ws/src/install/create_msgs/include/create_msgs/create_msgs/msg/detail/motor_setpoint__type_support.c
[97.069s] -- Installing: /home/mkouda/create_ws/src/install/create_msgs/include/create_msgs/create_msgs/msg/detail/play_song__type_support.c
[97.071s] -- Installing: /home/mkouda/create_ws/src/install/create_msgs/include/create_msgs/create_msgs/msg/detail/define_song__rosidl_typesupport_introspection_c.h
[97.073s] -- Installing: /home/mkouda/create_ws/src/install/create_msgs/include/create_msgs/create_msgs/msg/detail/cliff__type_support.c
[97.074s] -- Installing: /home/mkouda/create_ws/src/install/create_msgs/include/create_msgs/create_msgs/msg/detail/mode__rosidl_typesupport_introspection_c.h
[97.075s] -- Installing: /home/mkouda/create_ws/src/install/create_msgs/include/create_msgs/create_msgs/msg/detail/motor_setpoint__rosidl_typesupport_introspection_c.h
[97.077s] -- Installing: /home/mkouda/create_ws/src/install/create_msgs/include/create_msgs/create_msgs/msg/detail/mode__type_support.c
[97.078s] -- Installing: /home/mkouda/create_ws/src/install/create_msgs/include/create_msgs/create_msgs/msg/rosidl_typesupport_introspection_c__visibility_control.h
[97.080s] -- Installing: /home/mkouda/create_ws/src/install/create_msgs/lib/libcreate_msgs__rosidl_typesupport_introspection_c.so
[97.083s] -- Set runtime path of "/home/mkouda/create_ws/src/install/create_msgs/lib/libcreate_msgs__rosidl_typesupport_introspection_c.so" to ""
[97.084s] -- Installing: /home/mkouda/create_ws/src/install/create_msgs/lib/libcreate_msgs__rosidl_typesupport_c.so
[97.086s] -- Set runtime path of "/home/mkouda/create_ws/src/install/create_msgs/lib/libcreate_msgs__rosidl_typesupport_c.so" to ""
[97.087s] -- Up-to-date: /home/mkouda/create_ws/src/install/create_msgs/include/create_msgs/create_msgs
[97.088s] -- Up-to-date: /home/mkouda/create_ws/src/install/create_msgs/include/create_msgs/create_msgs/msg
[97.088s] -- Installing: /home/mkouda/create_ws/src/install/create_msgs/include/create_msgs/create_msgs/msg/rosidl_generator_cpp__visibility_control.hpp
[97.089s] -- Installing: /home/mkouda/create_ws/src/install/create_msgs/include/create_msgs/create_msgs/msg/mode.hpp
[97.091s] -- Installing: /home/mkouda/create_ws/src/install/create_msgs/include/create_msgs/create_msgs/msg/motor_setpoint.hpp
[97.092s] -- Installing: /home/mkouda/create_ws/src/install/create_msgs/include/create_msgs/create_msgs/msg/bumper.hpp
[97.093s] -- Installing: /home/mkouda/create_ws/src/install/create_msgs/include/create_msgs/create_msgs/msg/charging_state.hpp
[97.094s] -- Installing: /home/mkouda/create_ws/src/install/create_msgs/include/create_msgs/create_msgs/msg/define_song.hpp
[97.096s] -- Up-to-date: /home/mkouda/create_ws/src/install/create_msgs/include/create_msgs/create_msgs/msg/detail
[97.096s] -- Installing: /home/mkouda/create_ws/src/install/create_msgs/include/create_msgs/create_msgs/msg/detail/charging_state__struct.hpp
[97.098s] -- Installing: /home/mkouda/create_ws/src/install/create_msgs/include/create_msgs/create_msgs/msg/detail/play_song__builder.hpp
[97.099s] -- Installing: /home/mkouda/create_ws/src/install/create_msgs/include/create_msgs/create_msgs/msg/detail/charging_state__type_support.hpp
[97.101s] -- Installing: /home/mkouda/create_ws/src/install/create_msgs/include/create_msgs/create_msgs/msg/detail/motor_setpoint__type_support.hpp
[97.102s] -- Installing: /home/mkouda/create_ws/src/install/create_msgs/include/create_msgs/create_msgs/msg/detail/bumper__builder.hpp
[97.103s] -- Installing: /home/mkouda/create_ws/src/install/create_msgs/include/create_msgs/create_msgs/msg/detail/play_song__type_support.hpp
[97.105s] -- Installing: /home/mkouda/create_ws/src/install/create_msgs/include/create_msgs/create_msgs/msg/detail/cliff__struct.hpp
[97.106s] -- Installing: /home/mkouda/create_ws/src/install/create_msgs/include/create_msgs/create_msgs/msg/detail/charging_state__builder.hpp
[97.107s] -- Installing: /home/mkouda/create_ws/src/install/create_msgs/include/create_msgs/create_msgs/msg/detail/bumper__traits.hpp
[97.109s] -- Installing: /home/mkouda/create_ws/src/install/create_msgs/include/create_msgs/create_msgs/msg/detail/cliff__type_support.hpp
[97.110s] -- Installing: /home/mkouda/create_ws/src/install/create_msgs/include/create_msgs/create_msgs/msg/detail/play_song__struct.hpp
[97.111s] -- Installing: /home/mkouda/create_ws/src/install/create_msgs/include/create_msgs/create_msgs/msg/detail/define_song__builder.hpp
[97.113s] -- Installing: /home/mkouda/create_ws/src/install/create_msgs/include/create_msgs/create_msgs/msg/detail/motor_setpoint__traits.hpp
[97.114s] -- Installing: /home/mkouda/create_ws/src/install/create_msgs/include/create_msgs/create_msgs/msg/detail/cliff__builder.hpp
[97.115s] -- Installing: /home/mkouda/create_ws/src/install/create_msgs/include/create_msgs/create_msgs/msg/detail/mode__struct.hpp
[97.117s] -- Installing: /home/mkouda/create_ws/src/install/create_msgs/include/create_msgs/create_msgs/msg/detail/define_song__struct.hpp
[97.118s] -- Installing: /home/mkouda/create_ws/src/install/create_msgs/include/create_msgs/create_msgs/msg/detail/bumper__type_support.hpp
[97.119s] -- Installing: /home/mkouda/create_ws/src/install/create_msgs/include/create_msgs/create_msgs/msg/detail/motor_setpoint__struct.hpp
[97.121s] -- Installing: /home/mkouda/create_ws/src/install/create_msgs/include/create_msgs/create_msgs/msg/detail/define_song__type_support.hpp
[97.122s] -- Installing: /home/mkouda/create_ws/src/install/create_msgs/include/create_msgs/create_msgs/msg/detail/mode__type_support.hpp
[97.123s] -- Installing: /home/mkouda/create_ws/src/install/create_msgs/include/create_msgs/create_msgs/msg/detail/mode__builder.hpp
[97.125s] -- Installing: /home/mkouda/create_ws/src/install/create_msgs/include/create_msgs/create_msgs/msg/detail/define_song__traits.hpp
[97.126s] -- Installing: /home/mkouda/create_ws/src/install/create_msgs/include/create_msgs/create_msgs/msg/detail/charging_state__traits.hpp
[97.127s] -- Installing: /home/mkouda/create_ws/src/install/create_msgs/include/create_msgs/create_msgs/msg/detail/cliff__traits.hpp
[97.129s] -- Installing: /home/mkouda/create_ws/src/install/create_msgs/include/create_msgs/create_msgs/msg/detail/mode__traits.hpp
[97.130s] -- Installing: /home/mkouda/create_ws/src/install/create_msgs/include/create_msgs/create_msgs/msg/detail/bumper__struct.hpp
[97.131s] -- Installing: /home/mkouda/create_ws/src/install/create_msgs/include/create_msgs/create_msgs/msg/detail/play_song__traits.hpp
[97.133s] -- Installing: /home/mkouda/create_ws/src/install/create_msgs/include/create_msgs/create_msgs/msg/detail/motor_setpoint__builder.hpp
[97.134s] -- Installing: /home/mkouda/create_ws/src/install/create_msgs/include/create_msgs/create_msgs/msg/cliff.hpp
[97.136s] -- Installing: /home/mkouda/create_ws/src/install/create_msgs/include/create_msgs/create_msgs/msg/play_song.hpp
[97.138s] -- Up-to-date: /home/mkouda/create_ws/src/install/create_msgs/include/create_msgs/create_msgs
[97.139s] -- Up-to-date: /home/mkouda/create_ws/src/install/create_msgs/include/create_msgs/create_msgs/msg
[97.140s] -- Installing: /home/mkouda/create_ws/src/install/create_msgs/include/create_msgs/create_msgs/msg/rosidl_typesupport_fastrtps_cpp__visibility_control.h
[97.141s] -- Up-to-date: /home/mkouda/create_ws/src/install/create_msgs/include/create_msgs/create_msgs/msg/detail
[97.141s] -- Installing: /home/mkouda/create_ws/src/install/create_msgs/include/create_msgs/create_msgs/msg/detail/mode__rosidl_typesupport_fastrtps_cpp.hpp
[97.143s] -- Installing: /home/mkouda/create_ws/src/install/create_msgs/include/create_msgs/create_msgs/msg/detail/play_song__rosidl_typesupport_fastrtps_cpp.hpp
[97.144s] -- Installing: /home/mkouda/create_ws/src/install/create_msgs/include/create_msgs/create_msgs/msg/detail/charging_state__rosidl_typesupport_fastrtps_cpp.hpp
[97.146s] -- Installing: /home/mkouda/create_ws/src/install/create_msgs/include/create_msgs/create_msgs/msg/detail/cliff__rosidl_typesupport_fastrtps_cpp.hpp
[97.148s] -- Installing: /home/mkouda/create_ws/src/install/create_msgs/include/create_msgs/create_msgs/msg/detail/bumper__rosidl_typesupport_fastrtps_cpp.hpp
[97.151s] -- Installing: /home/mkouda/create_ws/src/install/create_msgs/include/create_msgs/create_msgs/msg/detail/dds_fastrtps
[97.153s] -- Installing: /home/mkouda/create_ws/src/install/create_msgs/include/create_msgs/create_msgs/msg/detail/define_song__rosidl_typesupport_fastrtps_cpp.hpp
[97.154s] -- Installing: /home/mkouda/create_ws/src/install/create_msgs/include/create_msgs/create_msgs/msg/detail/motor_setpoint__rosidl_typesupport_fastrtps_cpp.hpp
[97.156s] -- Installing: /home/mkouda/create_ws/src/install/create_msgs/lib/libcreate_msgs__rosidl_typesupport_fastrtps_cpp.so
[97.160s] -- Set runtime path of "/home/mkouda/create_ws/src/install/create_msgs/lib/libcreate_msgs__rosidl_typesupport_fastrtps_cpp.so" to ""
[97.160s] -- Up-to-date: /home/mkouda/create_ws/src/install/create_msgs/include/create_msgs/create_msgs
[97.161s] -- Up-to-date: /home/mkouda/create_ws/src/install/create_msgs/include/create_msgs/create_msgs/msg
[97.161s] -- Up-to-date: /home/mkouda/create_ws/src/install/create_msgs/include/create_msgs/create_msgs/msg/detail
[97.162s] -- Installing: /home/mkouda/create_ws/src/install/create_msgs/include/create_msgs/create_msgs/msg/detail/bumper__type_support.cpp
[97.163s] -- Installing: /home/mkouda/create_ws/src/install/create_msgs/include/create_msgs/create_msgs/msg/detail/cliff__type_support.cpp
[97.164s] -- Installing: /home/mkouda/create_ws/src/install/create_msgs/include/create_msgs/create_msgs/msg/detail/charging_state__type_support.cpp
[97.166s] -- Installing: /home/mkouda/create_ws/src/install/create_msgs/include/create_msgs/create_msgs/msg/detail/bumper__rosidl_typesupport_introspection_cpp.hpp
[97.167s] -- Installing: /home/mkouda/create_ws/src/install/create_msgs/include/create_msgs/create_msgs/msg/detail/mode__type_support.cpp
[97.169s] -- Installing: /home/mkouda/create_ws/src/install/create_msgs/include/create_msgs/create_msgs/msg/detail/charging_state__rosidl_typesupport_introspection_cpp.hpp
[97.170s] -- Installing: /home/mkouda/create_ws/src/install/create_msgs/include/create_msgs/create_msgs/msg/detail/define_song__rosidl_typesupport_introspection_cpp.hpp
[97.172s] -- Installing: /home/mkouda/create_ws/src/install/create_msgs/include/create_msgs/create_msgs/msg/detail/play_song__rosidl_typesupport_introspection_cpp.hpp
[97.173s] -- Installing: /home/mkouda/create_ws/src/install/create_msgs/include/create_msgs/create_msgs/msg/detail/motor_setpoint__type_support.cpp
[97.175s] -- Installing: /home/mkouda/create_ws/src/install/create_msgs/include/create_msgs/create_msgs/msg/detail/define_song__type_support.cpp
[97.176s] -- Installing: /home/mkouda/create_ws/src/install/create_msgs/include/create_msgs/create_msgs/msg/detail/mode__rosidl_typesupport_introspection_cpp.hpp
[97.178s] -- Installing: /home/mkouda/create_ws/src/install/create_msgs/include/create_msgs/create_msgs/msg/detail/motor_setpoint__rosidl_typesupport_introspection_cpp.hpp
[97.179s] -- Installing: /home/mkouda/create_ws/src/install/create_msgs/include/create_msgs/create_msgs/msg/detail/cliff__rosidl_typesupport_introspection_cpp.hpp
[97.181s] -- Installing: /home/mkouda/create_ws/src/install/create_msgs/include/create_msgs/create_msgs/msg/detail/play_song__type_support.cpp
[97.182s] -- Installing: /home/mkouda/create_ws/src/install/create_msgs/lib/libcreate_msgs__rosidl_typesupport_introspection_cpp.so
[97.186s] -- Set runtime path of "/home/mkouda/create_ws/src/install/create_msgs/lib/libcreate_msgs__rosidl_typesupport_introspection_cpp.so" to ""
[97.187s] -- Installing: /home/mkouda/create_ws/src/install/create_msgs/lib/libcreate_msgs__rosidl_typesupport_cpp.so
[97.189s] -- Set runtime path of "/home/mkouda/create_ws/src/install/create_msgs/lib/libcreate_msgs__rosidl_typesupport_cpp.so" to ""
[97.190s] -- Installing: /home/mkouda/create_ws/src/install/create_msgs/share/create_msgs/environment/pythonpath.sh
[97.191s] -- Installing: /home/mkouda/create_ws/src/install/create_msgs/share/create_msgs/environment/pythonpath.dsv
[97.192s] -- Installing: /home/mkouda/create_ws/src/install/create_msgs/local/lib/python3.10/dist-packages/create_msgs-3.1.0-py3.10.egg-info
[97.194s] -- Installing: /home/mkouda/create_ws/src/install/create_msgs/local/lib/python3.10/dist-packages/create_msgs-3.1.0-py3.10.egg-info/PKG-INFO
[97.195s] -- Installing: /home/mkouda/create_ws/src/install/create_msgs/local/lib/python3.10/dist-packages/create_msgs-3.1.0-py3.10.egg-info/top_level.txt
[97.196s] -- Installing: /home/mkouda/create_ws/src/install/create_msgs/local/lib/python3.10/dist-packages/create_msgs-3.1.0-py3.10.egg-info/dependency_links.txt
[97.198s] -- Installing: /home/mkouda/create_ws/src/install/create_msgs/local/lib/python3.10/dist-packages/create_msgs-3.1.0-py3.10.egg-info/SOURCES.txt
[97.199s] -- Installing: /home/mkouda/create_ws/src/install/create_msgs/local/lib/python3.10/dist-packages/create_msgs
[97.200s] -- Installing: /home/mkouda/create_ws/src/install/create_msgs/local/lib/python3.10/dist-packages/create_msgs/libcreate_msgs__rosidl_generator_py.so
[97.202s] -- Installing: /home/mkouda/create_ws/src/install/create_msgs/local/lib/python3.10/dist-packages/create_msgs/msg
[97.203s] -- Installing: /home/mkouda/create_ws/src/install/create_msgs/local/lib/python3.10/dist-packages/create_msgs/msg/_cliff.py
[97.204s] -- Installing: /home/mkouda/create_ws/src/install/create_msgs/local/lib/python3.10/dist-packages/create_msgs/msg/_cliff_s.c
[97.205s] -- Installing: /home/mkouda/create_ws/src/install/create_msgs/local/lib/python3.10/dist-packages/create_msgs/msg/_charging_state_s.c
[97.207s] -- Installing: /home/mkouda/create_ws/src/install/create_msgs/local/lib/python3.10/dist-packages/create_msgs/msg/_bumper_s.c
[97.208s] -- Installing: /home/mkouda/create_ws/src/install/create_msgs/local/lib/python3.10/dist-packages/create_msgs/msg/_bumper.py
[97.209s] -- Installing: /home/mkouda/create_ws/src/install/create_msgs/local/lib/python3.10/dist-packages/create_msgs/msg/_play_song_s.c
[97.211s] -- Installing: /home/mkouda/create_ws/src/install/create_msgs/local/lib/python3.10/dist-packages/create_msgs/msg/_mode.py
[97.212s] -- Installing: /home/mkouda/create_ws/src/install/create_msgs/local/lib/python3.10/dist-packages/create_msgs/msg/_motor_setpoint_s.c
[97.213s] -- Installing: /home/mkouda/create_ws/src/install/create_msgs/local/lib/python3.10/dist-packages/create_msgs/msg/__init__.py
[97.214s] -- Installing: /home/mkouda/create_ws/src/install/create_msgs/local/lib/python3.10/dist-packages/create_msgs/msg/_motor_setpoint.py
[97.216s] -- Installing: /home/mkouda/create_ws/src/install/create_msgs/local/lib/python3.10/dist-packages/create_msgs/msg/_define_song.py
[97.217s] -- Installing: /home/mkouda/create_ws/src/install/create_msgs/local/lib/python3.10/dist-packages/create_msgs/msg/_charging_state.py
[97.218s] -- Installing: /home/mkouda/create_ws/src/install/create_msgs/local/lib/python3.10/dist-packages/create_msgs/msg/_define_song_s.c
[97.220s] -- Installing: /home/mkouda/create_ws/src/install/create_msgs/local/lib/python3.10/dist-packages/create_msgs/msg/_mode_s.c
[97.221s] -- Installing: /home/mkouda/create_ws/src/install/create_msgs/local/lib/python3.10/dist-packages/create_msgs/msg/_play_song.py
[97.222s] -- Installing: /home/mkouda/create_ws/src/install/create_msgs/local/lib/python3.10/dist-packages/create_msgs/create_msgs_s__rosidl_typesupport_fastrtps_c.cpython-310-aarch64-linux-gnu.so
[97.224s] -- Installing: /home/mkouda/create_ws/src/install/create_msgs/local/lib/python3.10/dist-packages/create_msgs/create_msgs_s__rosidl_typesupport_introspection_c.cpython-310-aarch64-linux-gnu.so
[97.226s] -- Installing: /home/mkouda/create_ws/src/install/create_msgs/local/lib/python3.10/dist-packages/create_msgs/_create_msgs_s.ep.rosidl_typesupport_c.c
[97.227s] -- Installing: /home/mkouda/create_ws/src/install/create_msgs/local/lib/python3.10/dist-packages/create_msgs/__init__.py
[97.229s] -- Installing: /home/mkouda/create_ws/src/install/create_msgs/local/lib/python3.10/dist-packages/create_msgs/_create_msgs_s.ep.rosidl_typesupport_fastrtps_c.c
[97.230s] -- Installing: /home/mkouda/create_ws/src/install/create_msgs/local/lib/python3.10/dist-packages/create_msgs/_create_msgs_s.ep.rosidl_typesupport_introspection_c.c
[97.232s] -- Installing: /home/mkouda/create_ws/src/install/create_msgs/local/lib/python3.10/dist-packages/create_msgs/create_msgs_s__rosidl_typesupport_c.cpython-310-aarch64-linux-gnu.so
[97.446s] Listing '/home/mkouda/create_ws/src/install/create_msgs/local/lib/python3.10/dist-packages/create_msgs'...
[97.447s] Compiling '/home/mkouda/create_ws/src/install/create_msgs/local/lib/python3.10/dist-packages/create_msgs/__init__.py'...
[97.448s] Listing '/home/mkouda/create_ws/src/install/create_msgs/local/lib/python3.10/dist-packages/create_msgs/msg'...
[97.450s] Compiling '/home/mkouda/create_ws/src/install/create_msgs/local/lib/python3.10/dist-packages/create_msgs/msg/__init__.py'...
[97.451s] Compiling '/home/mkouda/create_ws/src/install/create_msgs/local/lib/python3.10/dist-packages/create_msgs/msg/_bumper.py'...
[97.452s] Compiling '/home/mkouda/create_ws/src/install/create_msgs/local/lib/python3.10/dist-packages/create_msgs/msg/_charging_state.py'...
[97.453s] Compiling '/home/mkouda/create_ws/src/install/create_msgs/local/lib/python3.10/dist-packages/create_msgs/msg/_cliff.py'...
[97.454s] Compiling '/home/mkouda/create_ws/src/install/create_msgs/local/lib/python3.10/dist-packages/create_msgs/msg/_define_song.py'...
[97.455s] Compiling '/home/mkouda/create_ws/src/install/create_msgs/local/lib/python3.10/dist-packages/create_msgs/msg/_mode.py'...
[97.457s] Compiling '/home/mkouda/create_ws/src/install/create_msgs/local/lib/python3.10/dist-packages/create_msgs/msg/_motor_setpoint.py'...
[97.458s] Compiling '/home/mkouda/create_ws/src/install/create_msgs/local/lib/python3.10/dist-packages/create_msgs/msg/_play_song.py'...
[97.478s] -- Installing: /home/mkouda/create_ws/src/install/create_msgs/local/lib/python3.10/dist-packages/create_msgs/create_msgs_s__rosidl_typesupport_fastrtps_c.cpython-310-aarch64-linux-gnu.so
[97.481s] -- Set runtime path of "/home/mkouda/create_ws/src/install/create_msgs/local/lib/python3.10/dist-packages/create_msgs/create_msgs_s__rosidl_typesupport_fastrtps_c.cpython-310-aarch64-linux-gnu.so" to ""
[97.483s] -- Installing: /home/mkouda/create_ws/src/install/create_msgs/local/lib/python3.10/dist-packages/create_msgs/create_msgs_s__rosidl_typesupport_introspection_c.cpython-310-aarch64-linux-gnu.so
[97.486s] -- Set runtime path of "/home/mkouda/create_ws/src/install/create_msgs/local/lib/python3.10/dist-packages/create_msgs/create_msgs_s__rosidl_typesupport_introspection_c.cpython-310-aarch64-linux-gnu.so" to ""
[97.488s] -- Installing: /home/mkouda/create_ws/src/install/create_msgs/local/lib/python3.10/dist-packages/create_msgs/create_msgs_s__rosidl_typesupport_c.cpython-310-aarch64-linux-gnu.so
[97.491s] -- Set runtime path of "/home/mkouda/create_ws/src/install/create_msgs/local/lib/python3.10/dist-packages/create_msgs/create_msgs_s__rosidl_typesupport_c.cpython-310-aarch64-linux-gnu.so" to ""
[97.492s] -- Installing: /home/mkouda/create_ws/src/install/create_msgs/lib/libcreate_msgs__rosidl_generator_py.so
[97.495s] -- Set runtime path of "/home/mkouda/create_ws/src/install/create_msgs/lib/libcreate_msgs__rosidl_generator_py.so" to ""
[97.496s] -- Installing: /home/mkouda/create_ws/src/install/create_msgs/share/create_msgs/msg/Bumper.idl
[97.497s] -- Installing: /home/mkouda/create_ws/src/install/create_msgs/share/create_msgs/msg/ChargingState.idl
[97.498s] -- Installing: /home/mkouda/create_ws/src/install/create_msgs/share/create_msgs/msg/DefineSong.idl
[97.500s] -- Installing: /home/mkouda/create_ws/src/install/create_msgs/share/create_msgs/msg/Mode.idl
[97.501s] -- Installing: /home/mkouda/create_ws/src/install/create_msgs/share/create_msgs/msg/PlaySong.idl
[97.503s] -- Installing: /home/mkouda/create_ws/src/install/create_msgs/share/create_msgs/msg/MotorSetpoint.idl
[97.504s] -- Installing: /home/mkouda/create_ws/src/install/create_msgs/share/create_msgs/msg/Cliff.idl
[97.505s] -- Installing: /home/mkouda/create_ws/src/install/create_msgs/share/create_msgs/msg/Bumper.msg
[97.507s] -- Installing: /home/mkouda/create_ws/src/install/create_msgs/share/create_msgs/msg/ChargingState.msg
[97.508s] -- Installing: /home/mkouda/create_ws/src/install/create_msgs/share/create_msgs/msg/DefineSong.msg
[97.509s] -- Installing: /home/mkouda/create_ws/src/install/create_msgs/share/create_msgs/msg/Mode.msg
[97.511s] -- Installing: /home/mkouda/create_ws/src/install/create_msgs/share/create_msgs/msg/PlaySong.msg
[97.512s] -- Installing: /home/mkouda/create_ws/src/install/create_msgs/share/create_msgs/msg/MotorSetpoint.msg
[97.513s] -- Installing: /home/mkouda/create_ws/src/install/create_msgs/share/create_msgs/msg/Cliff.msg
[97.515s] -- Installing: /home/mkouda/create_ws/src/install/create_msgs/share/ament_index/resource_index/package_run_dependencies/create_msgs
[97.518s] -- Installing: /home/mkouda/create_ws/src/install/create_msgs/share/ament_index/resource_index/parent_prefix_path/create_msgs
[97.519s] -- Installing: /home/mkouda/create_ws/src/install/create_msgs/share/create_msgs/environment/ament_prefix_path.sh
[97.521s] -- Installing: /home/mkouda/create_ws/src/install/create_msgs/share/create_msgs/environment/ament_prefix_path.dsv
[97.522s] -- Installing: /home/mkouda/create_ws/src/install/create_msgs/share/create_msgs/environment/path.sh
[97.523s] -- Installing: /home/mkouda/create_ws/src/install/create_msgs/share/create_msgs/environment/path.dsv
[97.525s] -- Installing: /home/mkouda/create_ws/src/install/create_msgs/share/create_msgs/local_setup.bash
[97.526s] -- Installing: /home/mkouda/create_ws/src/install/create_msgs/share/create_msgs/local_setup.sh
[97.528s] -- Installing: /home/mkouda/create_ws/src/install/create_msgs/share/create_msgs/local_setup.zsh
[97.529s] -- Installing: /home/mkouda/create_ws/src/install/create_msgs/share/create_msgs/local_setup.dsv
[97.530s] -- Installing: /home/mkouda/create_ws/src/install/create_msgs/share/create_msgs/package.dsv
[97.532s] -- Installing: /home/mkouda/create_ws/src/install/create_msgs/share/ament_index/resource_index/packages/create_msgs
[97.534s] -- Installing: /home/mkouda/create_ws/src/install/create_msgs/share/create_msgs/cmake/export_create_msgs__rosidl_generator_cExport.cmake
[97.536s] -- Installing: /home/mkouda/create_ws/src/install/create_msgs/share/create_msgs/cmake/export_create_msgs__rosidl_generator_cExport-noconfig.cmake
[97.538s] -- Installing: /home/mkouda/create_ws/src/install/create_msgs/share/create_msgs/cmake/export_create_msgs__rosidl_typesupport_fastrtps_cExport.cmake
[97.539s] -- Installing: /home/mkouda/create_ws/src/install/create_msgs/share/create_msgs/cmake/export_create_msgs__rosidl_typesupport_fastrtps_cExport-noconfig.cmake
[97.541s] -- Installing: /home/mkouda/create_ws/src/install/create_msgs/share/create_msgs/cmake/create_msgs__rosidl_typesupport_introspection_cExport.cmake
[97.543s] -- Installing: /home/mkouda/create_ws/src/install/create_msgs/share/create_msgs/cmake/create_msgs__rosidl_typesupport_introspection_cExport-noconfig.cmake
[97.544s] -- Installing: /home/mkouda/create_ws/src/install/create_msgs/share/create_msgs/cmake/create_msgs__rosidl_typesupport_cExport.cmake
[97.546s] -- Installing: /home/mkouda/create_ws/src/install/create_msgs/share/create_msgs/cmake/create_msgs__rosidl_typesupport_cExport-noconfig.cmake
[97.548s] -- Installing: /home/mkouda/create_ws/src/install/create_msgs/share/create_msgs/cmake/export_create_msgs__rosidl_generator_cppExport.cmake
[97.549s] -- Installing: /home/mkouda/create_ws/src/install/create_msgs/share/create_msgs/cmake/export_create_msgs__rosidl_typesupport_fastrtps_cppExport.cmake
[97.551s] -- Installing: /home/mkouda/create_ws/src/install/create_msgs/share/create_msgs/cmake/export_create_msgs__rosidl_typesupport_fastrtps_cppExport-noconfig.cmake
[97.553s] -- Installing: /home/mkouda/create_ws/src/install/create_msgs/share/create_msgs/cmake/create_msgs__rosidl_typesupport_introspection_cppExport.cmake
[97.554s] -- Installing: /home/mkouda/create_ws/src/install/create_msgs/share/create_msgs/cmake/create_msgs__rosidl_typesupport_introspection_cppExport-noconfig.cmake
[97.556s] -- Installing: /home/mkouda/create_ws/src/install/create_msgs/share/create_msgs/cmake/create_msgs__rosidl_typesupport_cppExport.cmake
[97.558s] -- Installing: /home/mkouda/create_ws/src/install/create_msgs/share/create_msgs/cmake/create_msgs__rosidl_typesupport_cppExport-noconfig.cmake
[97.559s] -- Installing: /home/mkouda/create_ws/src/install/create_msgs/share/create_msgs/cmake/export_create_msgs__rosidl_generator_pyExport.cmake
[97.561s] -- Installing: /home/mkouda/create_ws/src/install/create_msgs/share/create_msgs/cmake/export_create_msgs__rosidl_generator_pyExport-noconfig.cmake
[97.563s] -- Installing: /home/mkouda/create_ws/src/install/create_msgs/share/create_msgs/cmake/rosidl_cmake-extras.cmake
[97.564s] -- Installing: /home/mkouda/create_ws/src/install/create_msgs/share/create_msgs/cmake/ament_cmake_export_dependencies-extras.cmake
[97.566s] -- Installing: /home/mkouda/create_ws/src/install/create_msgs/share/create_msgs/cmake/ament_cmake_export_include_directories-extras.cmake
[97.567s] -- Installing: /home/mkouda/create_ws/src/install/create_msgs/share/create_msgs/cmake/ament_cmake_export_libraries-extras.cmake
[97.569s] -- Installing: /home/mkouda/create_ws/src/install/create_msgs/share/create_msgs/cmake/ament_cmake_export_targets-extras.cmake
[97.570s] -- Installing: /home/mkouda/create_ws/src/install/create_msgs/share/create_msgs/cmake/rosidl_cmake_export_typesupport_targets-extras.cmake
[97.572s] -- Installing: /home/mkouda/create_ws/src/install/create_msgs/share/create_msgs/cmake/rosidl_cmake_export_typesupport_libraries-extras.cmake
[97.573s] -- Installing: /home/mkouda/create_ws/src/install/create_msgs/share/create_msgs/cmake/create_msgsConfig.cmake
[97.574s] -- Installing: /home/mkouda/create_ws/src/install/create_msgs/share/create_msgs/cmake/create_msgsConfig-version.cmake
[97.576s] -- Installing: /home/mkouda/create_ws/src/install/create_msgs/share/create_msgs/package.xml
[97.587s] Invoked command in '/home/mkouda/create_ws/src/build/create_msgs' returned '0': CMAKE_PREFIX_PATH=${CMAKE_PREFIX_PATH}:/opt/ros/humble /usr/bin/cmake --install /home/mkouda/create_ws/src/build/create_msgs
