[35m[1mConsolidate compiler generated dependencies of target create_driver[0m
[100%] Built target create_driver
-- Install configuration: ""
-- Up-to-date: /home/mkouda/create_ws/src/install/create_driver/lib/create_driver/create_driver
-- Up-to-date: /home/mkouda/create_ws/src/install/create_driver/include
-- Up-to-date: /home/mkouda/create_ws/src/install/create_driver/include/create_driver
-- Up-to-date: /home/mkouda/create_ws/src/install/create_driver/include/create_driver/create_driver.h
-- Up-to-date: /home/mkouda/create_ws/src/install/create_driver/share/ament_index/resource_index/package_run_dependencies/create_driver
-- Up-to-date: /home/mkouda/create_ws/src/install/create_driver/share/ament_index/resource_index/parent_prefix_path/create_driver
-- Up-to-date: /home/mkouda/create_ws/src/install/create_driver/share/create_driver/environment/ament_prefix_path.sh
-- Up-to-date: /home/mkouda/create_ws/src/install/create_driver/share/create_driver/environment/ament_prefix_path.dsv
-- Up-to-date: /home/mkouda/create_ws/src/install/create_driver/share/create_driver/environment/path.sh
-- Up-to-date: /home/mkouda/create_ws/src/install/create_driver/share/create_driver/environment/path.dsv
-- Up-to-date: /home/mkouda/create_ws/src/install/create_driver/share/create_driver/local_setup.bash
-- Up-to-date: /home/mkouda/create_ws/src/install/create_driver/share/create_driver/local_setup.sh
-- Up-to-date: /home/mkouda/create_ws/src/install/create_driver/share/create_driver/local_setup.zsh
-- Up-to-date: /home/mkouda/create_ws/src/install/create_driver/share/create_driver/local_setup.dsv
-- Installing: /home/mkouda/create_ws/src/install/create_driver/share/create_driver/package.dsv
-- Up-to-date: /home/mkouda/create_ws/src/install/create_driver/share/ament_index/resource_index/packages/create_driver
-- Up-to-date: /home/mkouda/create_ws/src/install/create_driver/share/create_driver/cmake/create_driverConfig.cmake
-- Up-to-date: /home/mkouda/create_ws/src/install/create_driver/share/create_driver/cmake/create_driverConfig-version.cmake
-- Up-to-date: /home/mkouda/create_ws/src/install/create_driver/share/create_driver/package.xml
