[0.103s] Invoking command in '/home/mkouda/create_ws/src/build/create_description': CMAKE_PREFIX_PATH=${CMAKE_PREFIX_PATH}:/opt/ros/humble /usr/bin/cmake /home/mkouda/create_ws/src/create_robot/create_description -DCMAKE_INSTALL_PREFIX=/home/mkouda/create_ws/src/install/create_description
[1.184s] -- The C compiler identification is GNU 11.4.0
[1.999s] -- The CXX compiler identification is GNU 11.4.0
[2.047s] -- Detecting C compiler ABI info
[2.580s] -- Detecting C compiler ABI info - done
[2.609s] -- Check for working C compiler: /usr/bin/cc - skipped
[2.616s] -- Detecting C compile features
[2.618s] -- Detecting C compile features - done
[2.634s] -- Detecting CXX compiler ABI info
[3.097s] -- Detecting CXX compiler ABI info - done
[3.130s] -- Check for working CXX compiler: /usr/bin/c++ - skipped
[3.133s] -- Detecting CXX compile features
[3.135s] -- Detecting CXX compile features - done
[3.182s] -- Found ament_cmake: 1.3.11 (/opt/ros/humble/share/ament_cmake/cmake)
[4.311s] -- Found Python3: /usr/bin/python3 (found version "3.10.12") found components: Interpreter 
[6.016s] -- Configuring done
[6.058s] -- Generating done
[6.075s] -- Build files have been written to: /home/mkouda/create_ws/src/build/create_description
[6.096s] Invoked command in '/home/mkouda/create_ws/src/build/create_description' returned '0': CMAKE_PREFIX_PATH=${CMAKE_PREFIX_PATH}:/opt/ros/humble /usr/bin/cmake /home/mkouda/create_ws/src/create_robot/create_description -DCMAKE_INSTALL_PREFIX=/home/mkouda/create_ws/src/install/create_description
[6.106s] Invoking command in '/home/mkouda/create_ws/src/build/create_description': CMAKE_PREFIX_PATH=${CMAKE_PREFIX_PATH}:/opt/ros/humble /usr/bin/cmake --build /home/mkouda/create_ws/src/build/create_description -- -j4 -l4
[6.322s] Invoked command in '/home/mkouda/create_ws/src/build/create_description' returned '0': CMAKE_PREFIX_PATH=${CMAKE_PREFIX_PATH}:/opt/ros/humble /usr/bin/cmake --build /home/mkouda/create_ws/src/build/create_description -- -j4 -l4
[6.390s] Invoking command in '/home/mkouda/create_ws/src/build/create_description': CMAKE_PREFIX_PATH=${CMAKE_PREFIX_PATH}:/opt/ros/humble /usr/bin/cmake --install /home/mkouda/create_ws/src/build/create_description
[6.426s] -- Install configuration: ""
[6.426s] -- Installing: /home/mkouda/create_ws/src/install/create_description/share/create_description/launch
[6.427s] -- Installing: /home/mkouda/create_ws/src/install/create_description/share/create_description/launch/create_2.launch
[6.429s] -- Installing: /home/mkouda/create_ws/src/install/create_description/share/create_description/launch/create_1.launch
[6.432s] -- Installing: /home/mkouda/create_ws/src/install/create_description/share/create_description/launch/roomba_400.launch
[6.435s] -- Installing: /home/mkouda/create_ws/src/install/create_description/share/create_description/meshes
[6.437s] -- Installing: /home/mkouda/create_ws/src/install/create_description/share/create_description/meshes/create_1.tga
[6.443s] -- Installing: /home/mkouda/create_ws/src/install/create_description/share/create_description/meshes/create_2.dae
[6.460s] -- Installing: /home/mkouda/create_ws/src/install/create_description/share/create_description/meshes/create_1.dae
[6.505s] -- Installing: /home/mkouda/create_ws/src/install/create_description/share/create_description/urdf
[6.507s] -- Installing: /home/mkouda/create_ws/src/install/create_description/share/create_description/urdf/create_2.urdf.xacro
[6.511s] -- Installing: /home/mkouda/create_ws/src/install/create_description/share/create_description/urdf/create_2_gazebo.urdf.xacro
[6.515s] -- Installing: /home/mkouda/create_ws/src/install/create_description/share/create_description/urdf/create_1_gazebo.urdf.xacro
[6.519s] -- Installing: /home/mkouda/create_ws/src/install/create_description/share/create_description/urdf/create_base_gazebo.urdf.xacro
[6.526s] -- Installing: /home/mkouda/create_ws/src/install/create_description/share/create_description/urdf/create_base.urdf.xacro
[6.529s] -- Installing: /home/mkouda/create_ws/src/install/create_description/share/create_description/urdf/create_1.urdf.xacro
[6.533s] -- Installing: /home/mkouda/create_ws/src/install/create_description/share/ament_index/resource_index/package_run_dependencies/create_description
[6.536s] -- Installing: /home/mkouda/create_ws/src/install/create_description/share/ament_index/resource_index/parent_prefix_path/create_description
[6.539s] -- Installing: /home/mkouda/create_ws/src/install/create_description/share/create_description/environment/ament_prefix_path.sh
[6.542s] -- Installing: /home/mkouda/create_ws/src/install/create_description/share/create_description/environment/ament_prefix_path.dsv
[6.545s] -- Installing: /home/mkouda/create_ws/src/install/create_description/share/create_description/environment/path.sh
[6.547s] -- Installing: /home/mkouda/create_ws/src/install/create_description/share/create_description/environment/path.dsv
[6.550s] -- Installing: /home/mkouda/create_ws/src/install/create_description/share/create_description/local_setup.bash
[6.553s] -- Installing: /home/mkouda/create_ws/src/install/create_description/share/create_description/local_setup.sh
[6.555s] -- Installing: /home/mkouda/create_ws/src/install/create_description/share/create_description/local_setup.zsh
[6.558s] -- Installing: /home/mkouda/create_ws/src/install/create_description/share/create_description/local_setup.dsv
[6.561s] -- Installing: /home/mkouda/create_ws/src/install/create_description/share/create_description/package.dsv
[6.564s] -- Installing: /home/mkouda/create_ws/src/install/create_description/share/ament_index/resource_index/packages/create_description
[6.567s] -- Installing: /home/mkouda/create_ws/src/install/create_description/share/create_description/cmake/create_descriptionConfig.cmake
[6.569s] -- Installing: /home/mkouda/create_ws/src/install/create_description/share/create_description/cmake/create_descriptionConfig-version.cmake
[6.571s] -- Installing: /home/mkouda/create_ws/src/install/create_description/share/create_description/package.xml
[6.587s] Invoked command in '/home/mkouda/create_ws/src/build/create_description' returned '0': CMAKE_PREFIX_PATH=${CMAKE_PREFIX_PATH}:/opt/ros/humble /usr/bin/cmake --install /home/mkouda/create_ws/src/build/create_description
