[0.059s] Invoking command in '/home/mkouda/create_ws/src/build/create_driver': AMENT_PREFIX_PATH=/home/mkouda/create_ws/src/install/create_msgs:${AMENT_PREFIX_PATH} CMAKE_PREFIX_PATH=/home/mkouda/create_ws/src/install/libcreate:/home/mkouda/create_ws/src/install/create_msgs:/home/mkouda/create_ws/install/create_robot:/home/mkouda/create_ws/install/create_bringup:/home/mkouda/create_ws/install/create_driver:/home/mkouda/create_ws/install/libcreate:/home/mkouda/create_ws/install/create_msgs:/home/mkouda/create_ws/install/create_description:/opt/ros/humble LD_LIBRARY_PATH=/home/mkouda/create_ws/src/install/libcreate/lib:/home/mkouda/create_ws/src/install/create_msgs/lib:${LD_LIBRARY_PATH} PKG_CONFIG_PATH=/home/mkouda/create_ws/src/install/libcreate/lib/aarch64-linux-gnu/pkgconfig:/home/mkouda/create_ws/src/install/libcreate/lib/pkgconfig:${PKG_CONFIG_PATH} PYTHONPATH=/home/mkouda/create_ws/src/install/create_msgs/local/lib/python3.10/dist-packages:${PYTHONPATH} /usr/bin/cmake /home/mkouda/create_ws/src/create_robot/create_driver -DCMAKE_INSTALL_PREFIX=/home/mkouda/create_ws/src/install/create_driver
[0.320s] -- The C compiler identification is GNU 11.4.0
[0.613s] -- The CXX compiler identification is GNU 11.4.0
[0.643s] -- Detecting C compiler ABI info
[0.974s] -- Detecting C compiler ABI info - done
[1.002s] -- Check for working C compiler: /usr/bin/cc - skipped
[1.003s] -- Detecting C compile features
[1.004s] -- Detecting C compile features - done
[1.015s] -- Detecting CXX compiler ABI info
[1.370s] -- Detecting CXX compiler ABI info - done
[1.397s] -- Check for working CXX compiler: /usr/bin/c++ - skipped
[1.397s] -- Detecting CXX compile features
[1.399s] -- Detecting CXX compile features - done
[2.265s] -- Found Boost: /usr/lib/aarch64-linux-gnu/cmake/Boost-1.74.0/BoostConfig.cmake (found version "1.74.0") found components: system thread 
[2.273s] -- Found Threads: TRUE  
[2.306s] -- Found ament_cmake: 1.3.11 (/opt/ros/humble/share/ament_cmake/cmake)
[3.047s] -- Found Python3: /usr/bin/python3 (found version "3.10.12") found components: Interpreter 
[3.699s] -- Found create_msgs: 3.1.0 (/home/mkouda/create_ws/src/install/create_msgs/share/create_msgs/cmake)
[4.090s] -- Found rosidl_generator_c: 3.1.6 (/opt/ros/humble/share/rosidl_generator_c/cmake)
[4.150s] -- Found rosidl_adapter: 3.1.6 (/opt/ros/humble/share/rosidl_adapter/cmake)
[4.222s] -- Found rosidl_generator_cpp: 3.1.6 (/opt/ros/humble/share/rosidl_generator_cpp/cmake)
[4.311s] -- Using all available rosidl_typesupport_c: rosidl_typesupport_fastrtps_c;rosidl_typesupport_introspection_c
[4.436s] -- Using all available rosidl_typesupport_cpp: rosidl_typesupport_fastrtps_cpp;rosidl_typesupport_introspection_cpp
[4.655s] -- Found diagnostic_msgs: 4.8.0 (/opt/ros/humble/share/diagnostic_msgs/cmake)
[4.750s] -- Found diagnostic_updater: 4.0.2 (/opt/ros/humble/share/diagnostic_updater/cmake)
[5.212s] -- Found rmw_implementation_cmake: 6.1.2 (/opt/ros/humble/share/rmw_implementation_cmake/cmake)
[5.249s] -- Found rmw_fastrtps_cpp: 6.2.7 (/opt/ros/humble/share/rmw_fastrtps_cpp/cmake)
[5.973s] -- Found OpenSSL: /usr/lib/aarch64-linux-gnu/libcrypto.so (found version "3.0.2")  
[6.243s] -- Found FastRTPS: /opt/ros/humble/include  
[6.671s] -- Using RMW implementation 'rmw_fastrtps_cpp' as default
[7.235s] -- Found geometry_msgs: 4.8.0 (/opt/ros/humble/share/geometry_msgs/cmake)
[7.329s] -- Found nav_msgs: 4.8.0 (/opt/ros/humble/share/nav_msgs/cmake)
[7.439s] -- Found sensor_msgs: 4.8.0 (/opt/ros/humble/share/sensor_msgs/cmake)
[7.552s] -- Found tf2_geometry_msgs: 0.25.12 (/opt/ros/humble/share/tf2_geometry_msgs/cmake)
[7.764s] -- Found eigen3_cmake_module: 0.1.1 (/opt/ros/humble/share/eigen3_cmake_module/cmake)
[7.770s] -- Found Eigen3: TRUE (found version "3.4.0") 
[7.771s] -- Ensuring Eigen3 include directory is part of orocos-kdl CMake target
[8.649s] -- Found ament_lint_auto: 0.12.12 (/opt/ros/humble/share/ament_lint_auto/cmake)
[9.166s] -- Added test 'cppcheck' to perform static code analysis on C / C++ code
[9.166s] -- Configured cppcheck language: c++
[9.167s] -- Configured cppcheck include dirs: /home/mkouda/create_ws/src/create_robot/create_driver/include
[9.167s] -- Configured cppcheck exclude dirs and/or files: 
[9.178s] -- Added test 'cpplint' to check C / C++ code against the Google style
[9.178s] -- Configured cpplint exclude dirs and/or files: 
[9.185s] -- Added test 'lint_cmake' to check CMake code style
[9.192s] -- Added test 'xmllint' to check XML markup files
[9.201s] -- Configuring done
[9.300s] -- Generating done
[9.320s] -- Build files have been written to: /home/mkouda/create_ws/src/build/create_driver
[9.365s] Invoked command in '/home/mkouda/create_ws/src/build/create_driver' returned '0': AMENT_PREFIX_PATH=/home/mkouda/create_ws/src/install/create_msgs:${AMENT_PREFIX_PATH} CMAKE_PREFIX_PATH=/home/mkouda/create_ws/src/install/libcreate:/home/mkouda/create_ws/src/install/create_msgs:/home/mkouda/create_ws/install/create_robot:/home/mkouda/create_ws/install/create_bringup:/home/mkouda/create_ws/install/create_driver:/home/mkouda/create_ws/install/libcreate:/home/mkouda/create_ws/install/create_msgs:/home/mkouda/create_ws/install/create_description:/opt/ros/humble LD_LIBRARY_PATH=/home/mkouda/create_ws/src/install/libcreate/lib:/home/mkouda/create_ws/src/install/create_msgs/lib:${LD_LIBRARY_PATH} PKG_CONFIG_PATH=/home/mkouda/create_ws/src/install/libcreate/lib/aarch64-linux-gnu/pkgconfig:/home/mkouda/create_ws/src/install/libcreate/lib/pkgconfig:${PKG_CONFIG_PATH} PYTHONPATH=/home/mkouda/create_ws/src/install/create_msgs/local/lib/python3.10/dist-packages:${PYTHONPATH} /usr/bin/cmake /home/mkouda/create_ws/src/create_robot/create_driver -DCMAKE_INSTALL_PREFIX=/home/mkouda/create_ws/src/install/create_driver
[9.375s] Invoking command in '/home/mkouda/create_ws/src/build/create_driver': AMENT_PREFIX_PATH=/home/mkouda/create_ws/src/install/create_msgs:${AMENT_PREFIX_PATH} CMAKE_PREFIX_PATH=/home/mkouda/create_ws/src/install/libcreate:/home/mkouda/create_ws/src/install/create_msgs:/home/mkouda/create_ws/install/create_robot:/home/mkouda/create_ws/install/create_bringup:/home/mkouda/create_ws/install/create_driver:/home/mkouda/create_ws/install/libcreate:/home/mkouda/create_ws/install/create_msgs:/home/mkouda/create_ws/install/create_description:/opt/ros/humble LD_LIBRARY_PATH=/home/mkouda/create_ws/src/install/libcreate/lib:/home/mkouda/create_ws/src/install/create_msgs/lib:${LD_LIBRARY_PATH} PKG_CONFIG_PATH=/home/mkouda/create_ws/src/install/libcreate/lib/aarch64-linux-gnu/pkgconfig:/home/mkouda/create_ws/src/install/libcreate/lib/pkgconfig:${PKG_CONFIG_PATH} PYTHONPATH=/home/mkouda/create_ws/src/install/create_msgs/local/lib/python3.10/dist-packages:${PYTHONPATH} /usr/bin/cmake --build /home/mkouda/create_ws/src/build/create_driver -- -j4 -l4
[9.610s] [ 50%] [32mBuilding CXX object CMakeFiles/create_driver.dir/src/create_driver.cpp.o[0m
[132.996s] [100%] [32m[1mLinking CXX executable create_driver[0m
[142.266s] [100%] Built target create_driver
[142.312s] Invoked command in '/home/mkouda/create_ws/src/build/create_driver' returned '0': AMENT_PREFIX_PATH=/home/mkouda/create_ws/src/install/create_msgs:${AMENT_PREFIX_PATH} CMAKE_PREFIX_PATH=/home/mkouda/create_ws/src/install/libcreate:/home/mkouda/create_ws/src/install/create_msgs:/home/mkouda/create_ws/install/create_robot:/home/mkouda/create_ws/install/create_bringup:/home/mkouda/create_ws/install/create_driver:/home/mkouda/create_ws/install/libcreate:/home/mkouda/create_ws/install/create_msgs:/home/mkouda/create_ws/install/create_description:/opt/ros/humble LD_LIBRARY_PATH=/home/mkouda/create_ws/src/install/libcreate/lib:/home/mkouda/create_ws/src/install/create_msgs/lib:${LD_LIBRARY_PATH} PKG_CONFIG_PATH=/home/mkouda/create_ws/src/install/libcreate/lib/aarch64-linux-gnu/pkgconfig:/home/mkouda/create_ws/src/install/libcreate/lib/pkgconfig:${PKG_CONFIG_PATH} PYTHONPATH=/home/mkouda/create_ws/src/install/create_msgs/local/lib/python3.10/dist-packages:${PYTHONPATH} /usr/bin/cmake --build /home/mkouda/create_ws/src/build/create_driver -- -j4 -l4
[142.324s] Invoking command in '/home/mkouda/create_ws/src/build/create_driver': AMENT_PREFIX_PATH=/home/mkouda/create_ws/src/install/create_msgs:${AMENT_PREFIX_PATH} CMAKE_PREFIX_PATH=/home/mkouda/create_ws/src/install/libcreate:/home/mkouda/create_ws/src/install/create_msgs:/home/mkouda/create_ws/install/create_robot:/home/mkouda/create_ws/install/create_bringup:/home/mkouda/create_ws/install/create_driver:/home/mkouda/create_ws/install/libcreate:/home/mkouda/create_ws/install/create_msgs:/home/mkouda/create_ws/install/create_description:/opt/ros/humble LD_LIBRARY_PATH=/home/mkouda/create_ws/src/install/libcreate/lib:/home/mkouda/create_ws/src/install/create_msgs/lib:${LD_LIBRARY_PATH} PKG_CONFIG_PATH=/home/mkouda/create_ws/src/install/libcreate/lib/aarch64-linux-gnu/pkgconfig:/home/mkouda/create_ws/src/install/libcreate/lib/pkgconfig:${PKG_CONFIG_PATH} PYTHONPATH=/home/mkouda/create_ws/src/install/create_msgs/local/lib/python3.10/dist-packages:${PYTHONPATH} /usr/bin/cmake --install /home/mkouda/create_ws/src/build/create_driver
[142.356s] -- Install configuration: ""
[142.357s] -- Installing: /home/mkouda/create_ws/src/install/create_driver/lib/create_driver/create_driver
[142.477s] -- Set runtime path of "/home/mkouda/create_ws/src/install/create_driver/lib/create_driver/create_driver" to ""
[142.477s] -- Installing: /home/mkouda/create_ws/src/install/create_driver/include
[142.477s] -- Installing: /home/mkouda/create_ws/src/install/create_driver/include/create_driver
[142.478s] -- Installing: /home/mkouda/create_ws/src/install/create_driver/include/create_driver/create_driver.h
[142.481s] -- Installing: /home/mkouda/create_ws/src/install/create_driver/share/ament_index/resource_index/package_run_dependencies/create_driver
[142.483s] -- Installing: /home/mkouda/create_ws/src/install/create_driver/share/ament_index/resource_index/parent_prefix_path/create_driver
[142.485s] -- Installing: /home/mkouda/create_ws/src/install/create_driver/share/create_driver/environment/ament_prefix_path.sh
[142.486s] -- Installing: /home/mkouda/create_ws/src/install/create_driver/share/create_driver/environment/ament_prefix_path.dsv
[142.488s] -- Installing: /home/mkouda/create_ws/src/install/create_driver/share/create_driver/environment/path.sh
[142.489s] -- Installing: /home/mkouda/create_ws/src/install/create_driver/share/create_driver/environment/path.dsv
[142.491s] -- Installing: /home/mkouda/create_ws/src/install/create_driver/share/create_driver/local_setup.bash
[142.493s] -- Installing: /home/mkouda/create_ws/src/install/create_driver/share/create_driver/local_setup.sh
[142.495s] -- Installing: /home/mkouda/create_ws/src/install/create_driver/share/create_driver/local_setup.zsh
[142.496s] -- Installing: /home/mkouda/create_ws/src/install/create_driver/share/create_driver/local_setup.dsv
[142.498s] -- Installing: /home/mkouda/create_ws/src/install/create_driver/share/create_driver/package.dsv
[142.500s] -- Installing: /home/mkouda/create_ws/src/install/create_driver/share/ament_index/resource_index/packages/create_driver
[142.501s] -- Installing: /home/mkouda/create_ws/src/install/create_driver/share/create_driver/cmake/create_driverConfig.cmake
[142.503s] -- Installing: /home/mkouda/create_ws/src/install/create_driver/share/create_driver/cmake/create_driverConfig-version.cmake
[142.505s] -- Installing: /home/mkouda/create_ws/src/install/create_driver/share/create_driver/package.xml
[142.513s] Invoked command in '/home/mkouda/create_ws/src/build/create_driver' returned '0': AMENT_PREFIX_PATH=/home/mkouda/create_ws/src/install/create_msgs:${AMENT_PREFIX_PATH} CMAKE_PREFIX_PATH=/home/mkouda/create_ws/src/install/libcreate:/home/mkouda/create_ws/src/install/create_msgs:/home/mkouda/create_ws/install/create_robot:/home/mkouda/create_ws/install/create_bringup:/home/mkouda/create_ws/install/create_driver:/home/mkouda/create_ws/install/libcreate:/home/mkouda/create_ws/install/create_msgs:/home/mkouda/create_ws/install/create_description:/opt/ros/humble LD_LIBRARY_PATH=/home/mkouda/create_ws/src/install/libcreate/lib:/home/mkouda/create_ws/src/install/create_msgs/lib:${LD_LIBRARY_PATH} PKG_CONFIG_PATH=/home/mkouda/create_ws/src/install/libcreate/lib/aarch64-linux-gnu/pkgconfig:/home/mkouda/create_ws/src/install/libcreate/lib/pkgconfig:${PKG_CONFIG_PATH} PYTHONPATH=/home/mkouda/create_ws/src/install/create_msgs/local/lib/python3.10/dist-packages:${PYTHONPATH} /usr/bin/cmake --install /home/mkouda/create_ws/src/build/create_driver
