[0.111s] Invoking command in '/home/mkouda/create_ws/src/build/libcreate': CMAKE_PREFIX_PATH=${CMAKE_PREFIX_PATH}:/opt/ros/humble /usr/bin/cmake /home/mkouda/create_ws/src/libcreate -DCMAKE_INSTALL_PREFIX=/home/mkouda/create_ws/src/install/libcreate
[1.222s] -- The C compiler identification is GNU 11.4.0
[2.025s] -- The CXX compiler identification is GNU 11.4.0
[2.070s] -- Detecting C compiler ABI info
[2.604s] -- Detecting C compiler ABI info - done
[2.634s] -- Check for working C compiler: /usr/bin/cc - skipped
[2.635s] -- Detecting C compile features
[2.637s] -- Detecting C compile features - done
[2.652s] -- Detecting CXX compiler ABI info
[3.110s] -- Detecting CXX compiler ABI info - done
[3.142s] -- Check for working CXX compiler: /usr/bin/c++ - skipped
[3.143s] -- Detecting CXX compile features
[3.144s] -- Detecting CXX compile features - done
[4.506s] -- Found Boost: /usr/lib/aarch64-linux-gnu/cmake/Boost-1.74.0/BoostConfig.cmake (found version "1.74.0") found components: system thread 
[4.531s] -- Found Threads: TRUE  
[4.609s] -- Found GTest: /usr/lib/aarch64-linux-gnu/cmake/GTest/GTestConfig.cmake (found version "1.11.0")  
[4.610s] [0mGTest installation found. Building tests.[0m
[4.613s] -- Configuring done
[4.838s] -- Generating done
[4.870s] -- Build files have been written to: /home/mkouda/create_ws/src/build/libcreate
[4.886s] Invoked command in '/home/mkouda/create_ws/src/build/libcreate' returned '0': CMAKE_PREFIX_PATH=${CMAKE_PREFIX_PATH}:/opt/ros/humble /usr/bin/cmake /home/mkouda/create_ws/src/libcreate -DCMAKE_INSTALL_PREFIX=/home/mkouda/create_ws/src/install/libcreate
[4.895s] Invoking command in '/home/mkouda/create_ws/src/build/libcreate': CMAKE_PREFIX_PATH=${CMAKE_PREFIX_PATH}:/opt/ros/humble /usr/bin/cmake --build /home/mkouda/create_ws/src/build/libcreate -- -j4 -l4
[5.100s] [  2%] [32mBuilding CXX object CMakeFiles/create.dir/src/create.cpp.o[0m
[5.113s] [  5%] [32mBuilding CXX object CMakeFiles/create.dir/src/serial.cpp.o[0m
[5.153s] [  8%] [32mBuilding CXX object CMakeFiles/create.dir/src/serial_stream.cpp.o[0m
[5.168s] [ 11%] [32mBuilding CXX object CMakeFiles/create.dir/src/serial_query.cpp.o[0m
[20.295s] [ 13%] [32mBuilding CXX object CMakeFiles/create.dir/src/data.cpp.o[0m
[25.388s] [ 16%] [32mBuilding CXX object CMakeFiles/create.dir/src/packet.cpp.o[0m
[27.071s] [ 19%] [32mBuilding CXX object CMakeFiles/create.dir/src/types.cpp.o[0m
[29.430s] [ 22%] [32m[1mLinking CXX shared library libcreate.so[0m
[30.900s] [ 22%] Built target create
[31.110s] [ 25%] [32mBuilding CXX object CMakeFiles/battery_level.dir/examples/battery_level.cpp.o[0m
[31.150s] [ 27%] [32mBuilding CXX object CMakeFiles/bumpers.dir/examples/bumpers.cpp.o[0m
[31.162s] [ 30%] [32mBuilding CXX object CMakeFiles/cliffs.dir/examples/cliffs.cpp.o[0m
[31.185s] [ 33%] [32mBuilding CXX object CMakeFiles/drive_circle.dir/examples/drive_circle.cpp.o[0m
[54.788s] [ 36%] [32m[1mLinking CXX executable cliffs[0m
[55.439s] [ 38%] [32m[1mLinking CXX executable battery_level[0m
[55.614s] [ 38%] Built target cliffs
[56.230s] [ 38%] Built target battery_level
[57.415s] [ 41%] [32m[1mLinking CXX executable bumpers[0m
[58.167s] [ 41%] Built target bumpers
[58.523s] [ 44%] [32m[1mLinking CXX executable drive_circle[0m
[59.043s] [ 44%] Built target drive_circle
[59.168s] [ 47%] [32mBuilding CXX object CMakeFiles/play_song.dir/examples/play_song.cpp.o[0m
[69.645s] [ 50%] [32m[1mLinking CXX executable play_song[0m
[70.046s] [ 50%] Built target play_song
[70.130s] [ 52%] [32mBuilding CXX object CMakeFiles/wheeldrop.dir/examples/wheeldrop.cpp.o[0m
[77.194s] [ 55%] [32mBuilding CXX object CMakeFiles/test_create.dir/tests/test_create.cpp.o[0m
[77.275s] [ 58%] [32mBuilding CXX object CMakeFiles/packets.dir/examples/packets.cpp.o[0m
[78.466s] [ 61%] [32mBuilding CXX object CMakeFiles/leds.dir/examples/leds.cpp.o[0m
[80.913s] [ 63%] [32m[1mLinking CXX executable wheeldrop[0m
[81.712s] [ 63%] Built target wheeldrop
[81.967s] [ 66%] [32mBuilding CXX object CMakeFiles/test_data.dir/tests/test_data.cpp.o[0m
[88.716s] [ 69%] [32m[1mLinking CXX executable test_data[0m
[89.514s] [ 69%] Built target test_data
[92.712s] [ 72%] [32m[1mLinking CXX executable packets[0m
[93.205s] [ 72%] Built target packets
[94.729s] [ 75%] [32m[1mLinking CXX executable test_create[0m
[94.731s] [ 77%] [32m[1mLinking CXX executable leds[0m
[95.200s] [ 77%] Built target leds
[95.274s] [ 77%] Built target test_create
[95.358s] [ 80%] [32mBuilding CXX object CMakeFiles/test_serial_stream.dir/tests/test_serial_stream.cpp.o[0m
[102.930s] [ 83%] [32m[1mLinking CXX executable test_serial_stream[0m
[103.398s] [ 83%] Built target test_serial_stream
[103.488s] [ 86%] [32mBuilding CXX object CMakeFiles/test_serial_query.dir/tests/test_serial_query.cpp.o[0m
[103.492s] [ 88%] [32mBuilding CXX object CMakeFiles/test_robot_model.dir/tests/test_robot_model.cpp.o[0m
[103.495s] [ 91%] [32mBuilding CXX object CMakeFiles/test_packet.dir/tests/test_packet.cpp.o[0m
[107.156s] [ 94%] [32m[1mLinking CXX executable test_robot_model[0m
[107.442s] [ 97%] [32m[1mLinking CXX executable test_packet[0m
[107.675s] [ 97%] Built target test_robot_model
[107.921s] [ 97%] Built target test_packet
[112.163s] [100%] [32m[1mLinking CXX executable test_serial_query[0m
[112.640s] [100%] Built target test_serial_query
[112.682s] Invoked command in '/home/mkouda/create_ws/src/build/libcreate' returned '0': CMAKE_PREFIX_PATH=${CMAKE_PREFIX_PATH}:/opt/ros/humble /usr/bin/cmake --build /home/mkouda/create_ws/src/build/libcreate -- -j4 -l4
[112.690s] Invoking command in '/home/mkouda/create_ws/src/build/libcreate': CMAKE_PREFIX_PATH=${CMAKE_PREFIX_PATH}:/opt/ros/humble /usr/bin/cmake --install /home/mkouda/create_ws/src/build/libcreate
[112.719s] -- Install configuration: ""
[112.720s] -- Installing: /home/mkouda/create_ws/src/install/libcreate/lib/libcreate.so
[112.736s] -- Installing: /home/mkouda/create_ws/src/install/libcreate/include
[112.737s] -- Installing: /home/mkouda/create_ws/src/install/libcreate/include/create
[112.737s] -- Installing: /home/mkouda/create_ws/src/install/libcreate/include/create/serial_query.h
[112.738s] -- Installing: /home/mkouda/create_ws/src/install/libcreate/include/create/util.h
[112.739s] -- Installing: /home/mkouda/create_ws/src/install/libcreate/include/create/serial_stream.h
[112.740s] -- Installing: /home/mkouda/create_ws/src/install/libcreate/include/create/data.h
[112.741s] -- Installing: /home/mkouda/create_ws/src/install/libcreate/include/create/serial.h
[112.742s] -- Installing: /home/mkouda/create_ws/src/install/libcreate/include/create/create.h
[112.743s] -- Installing: /home/mkouda/create_ws/src/install/libcreate/include/create/packet.h
[112.743s] -- Installing: /home/mkouda/create_ws/src/install/libcreate/include/create/types.h
[112.745s] -- Installing: /home/mkouda/create_ws/src/install/libcreate/lib/cmake/libcreate/libcreate-config.cmake
[112.746s] -- Installing: /home/mkouda/create_ws/src/install/libcreate/lib/cmake/libcreate/libcreate-config-version.cmake
[112.747s] -- Installing: /home/mkouda/create_ws/src/install/libcreate/lib/cmake/libcreate/libcreate-targets.cmake
[112.748s] -- Installing: /home/mkouda/create_ws/src/install/libcreate/lib/cmake/libcreate/libcreate-targets-noconfig.cmake
[112.750s] -- Installing: /home/mkouda/create_ws/src/install/libcreate/share/libcreate/package.xml
[112.755s] Invoked command in '/home/mkouda/create_ws/src/build/libcreate' returned '0': CMAKE_PREFIX_PATH=${CMAKE_PREFIX_PATH}:/opt/ros/humble /usr/bin/cmake --install /home/mkouda/create_ws/src/build/libcreate
