[0.089s] Invoking command in '/home/mkouda/create_ws/src/build/create_bringup': AMENT_PREFIX_PATH=/home/mkouda/create_ws/src/install/create_driver:/home/mkouda/create_ws/src/install/create_msgs:/home/mkouda/create_ws/src/install/create_description:${AMENT_PREFIX_PATH} CMAKE_PREFIX_PATH=/home/mkouda/create_ws/src/install/create_driver:/home/mkouda/create_ws/src/install/libcreate:/home/mkouda/create_ws/src/install/create_msgs:/home/mkouda/create_ws/src/install/create_description:/home/mkouda/create_ws/install/create_robot:/home/mkouda/create_ws/install/create_bringup:/home/mkouda/create_ws/install/create_driver:/home/mkouda/create_ws/install/libcreate:/home/mkouda/create_ws/install/create_msgs:/home/mkouda/create_ws/install/create_description:/opt/ros/humble LD_LIBRARY_PATH=/home/mkouda/create_ws/src/install/libcreate/lib:/home/mkouda/create_ws/src/install/create_msgs/lib:${LD_LIBRARY_PATH} PKG_CONFIG_PATH=/home/mkouda/create_ws/src/install/libcreate/lib/aarch64-linux-gnu/pkgconfig:/home/mkouda/create_ws/src/install/libcreate/lib/pkgconfig:${PKG_CONFIG_PATH} PYTHONPATH=/home/mkouda/create_ws/src/install/create_msgs/local/lib/python3.10/dist-packages:${PYTHONPATH} /usr/bin/cmake /home/mkouda/create_ws/src/create_robot/create_bringup -DCMAKE_INSTALL_PREFIX=/home/mkouda/create_ws/src/install/create_bringup
[0.389s] -- The C compiler identification is GNU 11.4.0
[0.650s] -- The CXX compiler identification is GNU 11.4.0
[0.685s] -- Detecting C compiler ABI info
[1.016s] -- Detecting C compiler ABI info - done
[1.043s] -- Check for working C compiler: /usr/bin/cc - skipped
[1.045s] -- Detecting C compile features
[1.046s] -- Detecting C compile features - done
[1.058s] -- Detecting CXX compiler ABI info
[1.414s] -- Detecting CXX compiler ABI info - done
[1.442s] -- Check for working CXX compiler: /usr/bin/c++ - skipped
[1.443s] -- Detecting CXX compile features
[1.444s] -- Detecting CXX compile features - done
[1.500s] -- Found ament_cmake: 1.3.11 (/opt/ros/humble/share/ament_cmake/cmake)
[2.311s] -- Found Python3: /usr/bin/python3 (found version "3.10.12") found components: Interpreter 
[3.342s] -- Configuring done
[3.360s] -- Generating done
[3.367s] -- Build files have been written to: /home/mkouda/create_ws/src/build/create_bringup
[3.380s] Invoked command in '/home/mkouda/create_ws/src/build/create_bringup' returned '0': AMENT_PREFIX_PATH=/home/mkouda/create_ws/src/install/create_driver:/home/mkouda/create_ws/src/install/create_msgs:/home/mkouda/create_ws/src/install/create_description:${AMENT_PREFIX_PATH} CMAKE_PREFIX_PATH=/home/mkouda/create_ws/src/install/create_driver:/home/mkouda/create_ws/src/install/libcreate:/home/mkouda/create_ws/src/install/create_msgs:/home/mkouda/create_ws/src/install/create_description:/home/mkouda/create_ws/install/create_robot:/home/mkouda/create_ws/install/create_bringup:/home/mkouda/create_ws/install/create_driver:/home/mkouda/create_ws/install/libcreate:/home/mkouda/create_ws/install/create_msgs:/home/mkouda/create_ws/install/create_description:/opt/ros/humble LD_LIBRARY_PATH=/home/mkouda/create_ws/src/install/libcreate/lib:/home/mkouda/create_ws/src/install/create_msgs/lib:${LD_LIBRARY_PATH} PKG_CONFIG_PATH=/home/mkouda/create_ws/src/install/libcreate/lib/aarch64-linux-gnu/pkgconfig:/home/mkouda/create_ws/src/install/libcreate/lib/pkgconfig:${PKG_CONFIG_PATH} PYTHONPATH=/home/mkouda/create_ws/src/install/create_msgs/local/lib/python3.10/dist-packages:${PYTHONPATH} /usr/bin/cmake /home/mkouda/create_ws/src/create_robot/create_bringup -DCMAKE_INSTALL_PREFIX=/home/mkouda/create_ws/src/install/create_bringup
[3.388s] Invoking command in '/home/mkouda/create_ws/src/build/create_bringup': AMENT_PREFIX_PATH=/home/mkouda/create_ws/src/install/create_driver:/home/mkouda/create_ws/src/install/create_msgs:/home/mkouda/create_ws/src/install/create_description:${AMENT_PREFIX_PATH} CMAKE_PREFIX_PATH=/home/mkouda/create_ws/src/install/create_driver:/home/mkouda/create_ws/src/install/libcreate:/home/mkouda/create_ws/src/install/create_msgs:/home/mkouda/create_ws/src/install/create_description:/home/mkouda/create_ws/install/create_robot:/home/mkouda/create_ws/install/create_bringup:/home/mkouda/create_ws/install/create_driver:/home/mkouda/create_ws/install/libcreate:/home/mkouda/create_ws/install/create_msgs:/home/mkouda/create_ws/install/create_description:/opt/ros/humble LD_LIBRARY_PATH=/home/mkouda/create_ws/src/install/libcreate/lib:/home/mkouda/create_ws/src/install/create_msgs/lib:${LD_LIBRARY_PATH} PKG_CONFIG_PATH=/home/mkouda/create_ws/src/install/libcreate/lib/aarch64-linux-gnu/pkgconfig:/home/mkouda/create_ws/src/install/libcreate/lib/pkgconfig:${PKG_CONFIG_PATH} PYTHONPATH=/home/mkouda/create_ws/src/install/create_msgs/local/lib/python3.10/dist-packages:${PYTHONPATH} /usr/bin/cmake --build /home/mkouda/create_ws/src/build/create_bringup -- -j4 -l4
[3.549s] Invoked command in '/home/mkouda/create_ws/src/build/create_bringup' returned '0': AMENT_PREFIX_PATH=/home/mkouda/create_ws/src/install/create_driver:/home/mkouda/create_ws/src/install/create_msgs:/home/mkouda/create_ws/src/install/create_description:${AMENT_PREFIX_PATH} CMAKE_PREFIX_PATH=/home/mkouda/create_ws/src/install/create_driver:/home/mkouda/create_ws/src/install/libcreate:/home/mkouda/create_ws/src/install/create_msgs:/home/mkouda/create_ws/src/install/create_description:/home/mkouda/create_ws/install/create_robot:/home/mkouda/create_ws/install/create_bringup:/home/mkouda/create_ws/install/create_driver:/home/mkouda/create_ws/install/libcreate:/home/mkouda/create_ws/install/create_msgs:/home/mkouda/create_ws/install/create_description:/opt/ros/humble LD_LIBRARY_PATH=/home/mkouda/create_ws/src/install/libcreate/lib:/home/mkouda/create_ws/src/install/create_msgs/lib:${LD_LIBRARY_PATH} PKG_CONFIG_PATH=/home/mkouda/create_ws/src/install/libcreate/lib/aarch64-linux-gnu/pkgconfig:/home/mkouda/create_ws/src/install/libcreate/lib/pkgconfig:${PKG_CONFIG_PATH} PYTHONPATH=/home/mkouda/create_ws/src/install/create_msgs/local/lib/python3.10/dist-packages:${PYTHONPATH} /usr/bin/cmake --build /home/mkouda/create_ws/src/build/create_bringup -- -j4 -l4
[3.559s] Invoking command in '/home/mkouda/create_ws/src/build/create_bringup': AMENT_PREFIX_PATH=/home/mkouda/create_ws/src/install/create_driver:/home/mkouda/create_ws/src/install/create_msgs:/home/mkouda/create_ws/src/install/create_description:${AMENT_PREFIX_PATH} CMAKE_PREFIX_PATH=/home/mkouda/create_ws/src/install/create_driver:/home/mkouda/create_ws/src/install/libcreate:/home/mkouda/create_ws/src/install/create_msgs:/home/mkouda/create_ws/src/install/create_description:/home/mkouda/create_ws/install/create_robot:/home/mkouda/create_ws/install/create_bringup:/home/mkouda/create_ws/install/create_driver:/home/mkouda/create_ws/install/libcreate:/home/mkouda/create_ws/install/create_msgs:/home/mkouda/create_ws/install/create_description:/opt/ros/humble LD_LIBRARY_PATH=/home/mkouda/create_ws/src/install/libcreate/lib:/home/mkouda/create_ws/src/install/create_msgs/lib:${LD_LIBRARY_PATH} PKG_CONFIG_PATH=/home/mkouda/create_ws/src/install/libcreate/lib/aarch64-linux-gnu/pkgconfig:/home/mkouda/create_ws/src/install/libcreate/lib/pkgconfig:${PKG_CONFIG_PATH} PYTHONPATH=/home/mkouda/create_ws/src/install/create_msgs/local/lib/python3.10/dist-packages:${PYTHONPATH} /usr/bin/cmake --install /home/mkouda/create_ws/src/build/create_bringup
[3.589s] -- Install configuration: ""
[3.605s] -- Installing: /home/mkouda/create_ws/src/install/create_bringup/share/create_bringup/config
[3.607s] -- Installing: /home/mkouda/create_ws/src/install/create_bringup/share/create_bringup/config/default.yaml
[3.610s] -- Installing: /home/mkouda/create_ws/src/install/create_bringup/share/create_bringup/config/log710.yaml
[3.613s] -- Installing: /home/mkouda/create_ws/src/install/create_bringup/share/create_bringup/config/dualshock4.yaml
[3.615s] -- Installing: /home/mkouda/create_ws/src/install/create_bringup/share/create_bringup/config/xbox360.yaml
[3.616s] -- Installing: /home/mkouda/create_ws/src/install/create_bringup/share/create_bringup/launch
[3.617s] -- Installing: /home/mkouda/create_ws/src/install/create_bringup/share/create_bringup/launch/create_2.launch
[3.619s] -- Installing: /home/mkouda/create_ws/src/install/create_bringup/share/create_bringup/launch/create_1.launch
[3.621s] -- Installing: /home/mkouda/create_ws/src/install/create_bringup/share/create_bringup/launch/roomba_400.launch
[3.623s] -- Installing: /home/mkouda/create_ws/src/install/create_bringup/share/create_bringup/launch/joy_teleop.launch
[3.625s] -- Installing: /home/mkouda/create_ws/src/install/create_bringup/share/ament_index/resource_index/package_run_dependencies/create_bringup
[3.627s] -- Installing: /home/mkouda/create_ws/src/install/create_bringup/share/ament_index/resource_index/parent_prefix_path/create_bringup
[3.628s] -- Installing: /home/mkouda/create_ws/src/install/create_bringup/share/create_bringup/environment/ament_prefix_path.sh
[3.630s] -- Installing: /home/mkouda/create_ws/src/install/create_bringup/share/create_bringup/environment/ament_prefix_path.dsv
[3.631s] -- Installing: /home/mkouda/create_ws/src/install/create_bringup/share/create_bringup/environment/path.sh
[3.632s] -- Installing: /home/mkouda/create_ws/src/install/create_bringup/share/create_bringup/environment/path.dsv
[3.633s] -- Installing: /home/mkouda/create_ws/src/install/create_bringup/share/create_bringup/local_setup.bash
[3.634s] -- Installing: /home/mkouda/create_ws/src/install/create_bringup/share/create_bringup/local_setup.sh
[3.636s] -- Installing: /home/mkouda/create_ws/src/install/create_bringup/share/create_bringup/local_setup.zsh
[3.637s] -- Installing: /home/mkouda/create_ws/src/install/create_bringup/share/create_bringup/local_setup.dsv
[3.638s] -- Installing: /home/mkouda/create_ws/src/install/create_bringup/share/create_bringup/package.dsv
[3.639s] -- Installing: /home/mkouda/create_ws/src/install/create_bringup/share/ament_index/resource_index/packages/create_bringup
[3.641s] -- Installing: /home/mkouda/create_ws/src/install/create_bringup/share/create_bringup/cmake/create_bringupConfig.cmake
[3.642s] -- Installing: /home/mkouda/create_ws/src/install/create_bringup/share/create_bringup/cmake/create_bringupConfig-version.cmake
[3.643s] -- Installing: /home/mkouda/create_ws/src/install/create_bringup/share/create_bringup/package.xml
[3.651s] Invoked command in '/home/mkouda/create_ws/src/build/create_bringup' returned '0': AMENT_PREFIX_PATH=/home/mkouda/create_ws/src/install/create_driver:/home/mkouda/create_ws/src/install/create_msgs:/home/mkouda/create_ws/src/install/create_description:${AMENT_PREFIX_PATH} CMAKE_PREFIX_PATH=/home/mkouda/create_ws/src/install/create_driver:/home/mkouda/create_ws/src/install/libcreate:/home/mkouda/create_ws/src/install/create_msgs:/home/mkouda/create_ws/src/install/create_description:/home/mkouda/create_ws/install/create_robot:/home/mkouda/create_ws/install/create_bringup:/home/mkouda/create_ws/install/create_driver:/home/mkouda/create_ws/install/libcreate:/home/mkouda/create_ws/install/create_msgs:/home/mkouda/create_ws/install/create_description:/opt/ros/humble LD_LIBRARY_PATH=/home/mkouda/create_ws/src/install/libcreate/lib:/home/mkouda/create_ws/src/install/create_msgs/lib:${LD_LIBRARY_PATH} PKG_CONFIG_PATH=/home/mkouda/create_ws/src/install/libcreate/lib/aarch64-linux-gnu/pkgconfig:/home/mkouda/create_ws/src/install/libcreate/lib/pkgconfig:${PKG_CONFIG_PATH} PYTHONPATH=/home/mkouda/create_ws/src/install/create_msgs/local/lib/python3.10/dist-packages:${PYTHONPATH} /usr/bin/cmake --install /home/mkouda/create_ws/src/build/create_bringup
