running egg_info
creating ../build/joy_translate/joy_translate.egg-info
writing ../build/joy_translate/joy_translate.egg-info/PKG-INFO
writing dependency_links to ../build/joy_translate/joy_translate.egg-info/dependency_links.txt
writing entry points to ../build/joy_translate/joy_translate.egg-info/entry_points.txt
writing requirements to ../build/joy_translate/joy_translate.egg-info/requires.txt
writing top-level names to ../build/joy_translate/joy_translate.egg-info/top_level.txt
writing manifest file '../build/joy_translate/joy_translate.egg-info/SOURCES.txt'
reading manifest file '../build/joy_translate/joy_translate.egg-info/SOURCES.txt'
writing manifest file '../build/joy_translate/joy_translate.egg-info/SOURCES.txt'
running build
running build_py
creating /home/mkouda/create_ws/src/build/joy_translate/build
creating /home/mkouda/create_ws/src/build/joy_translate/build/lib
creating /home/mkouda/create_ws/src/build/joy_translate/build/lib/joy_translate
copying joy_translate/__init__.py -> /home/mkouda/create_ws/src/build/joy_translate/build/lib/joy_translate
copying joy_translate/joy_translate_node.py -> /home/mkouda/create_ws/src/build/joy_translate/build/lib/joy_translate
running install
running install_lib
creating /home/mkouda/create_ws/src/install/joy_translate/lib/python3.10/site-packages/joy_translate
copying /home/mkouda/create_ws/src/build/joy_translate/build/lib/joy_translate/__init__.py -> /home/mkouda/create_ws/src/install/joy_translate/lib/python3.10/site-packages/joy_translate
copying /home/mkouda/create_ws/src/build/joy_translate/build/lib/joy_translate/joy_translate_node.py -> /home/mkouda/create_ws/src/install/joy_translate/lib/python3.10/site-packages/joy_translate
byte-compiling /home/mkouda/create_ws/src/install/joy_translate/lib/python3.10/site-packages/joy_translate/__init__.py to __init__.cpython-310.pyc
byte-compiling /home/mkouda/create_ws/src/install/joy_translate/lib/python3.10/site-packages/joy_translate/joy_translate_node.py to joy_translate_node.cpython-310.pyc
running install_data
creating /home/mkouda/create_ws/src/install/joy_translate/share/ament_index
creating /home/mkouda/create_ws/src/install/joy_translate/share/ament_index/resource_index
creating /home/mkouda/create_ws/src/install/joy_translate/share/ament_index/resource_index/packages
copying resource/joy_translate -> /home/mkouda/create_ws/src/install/joy_translate/share/ament_index/resource_index/packages
copying package.xml -> /home/mkouda/create_ws/src/install/joy_translate/share/joy_translate
running install_egg_info
Copying ../build/joy_translate/joy_translate.egg-info to /home/mkouda/create_ws/src/install/joy_translate/lib/python3.10/site-packages/joy_translate-0.0.0-py3.10.egg-info
running install_scripts
Installing joy_translate_node script to /home/mkouda/create_ws/src/install/joy_translate/lib/joy_translate
writing list of installed files to '/home/mkouda/create_ws/src/build/joy_translate/install.log'
