[0.107s] Invoking command in '/home/mkouda/create_ws/src/build/create_description': CMAKE_PREFIX_PATH=${CMAKE_PREFIX_PATH}:/opt/ros/humble /usr/bin/cmake --build /home/mkouda/create_ws/src/build/create_description -- -j4 -l4
[2.278s] Invoked command in '/home/mkouda/create_ws/src/build/create_description' returned '0': CMAKE_PREFIX_PATH=${CMAKE_PREFIX_PATH}:/opt/ros/humble /usr/bin/cmake --build /home/mkouda/create_ws/src/build/create_description -- -j4 -l4
[2.320s] Invoking command in '/home/mkouda/create_ws/src/build/create_description': CMAKE_PREFIX_PATH=${CMAKE_PREFIX_PATH}:/opt/ros/humble /usr/bin/cmake --install /home/mkouda/create_ws/src/build/create_description
[2.352s] -- Install configuration: ""
[2.353s] -- Up-to-date: /home/mkouda/create_ws/src/install/create_description/share/create_description/launch
[2.354s] -- Up-to-date: /home/mkouda/create_ws/src/install/create_description/share/create_description/launch/create_2.launch
[2.356s] -- Up-to-date: /home/mkouda/create_ws/src/install/create_description/share/create_description/launch/create_1.launch
[2.358s] -- Up-to-date: /home/mkouda/create_ws/src/install/create_description/share/create_description/launch/roomba_400.launch
[2.360s] -- Up-to-date: /home/mkouda/create_ws/src/install/create_description/share/create_description/meshes
[2.363s] -- Up-to-date: /home/mkouda/create_ws/src/install/create_description/share/create_description/meshes/create_1.tga
[2.364s] -- Up-to-date: /home/mkouda/create_ws/src/install/create_description/share/create_description/meshes/create_2.dae
[2.368s] -- Up-to-date: /home/mkouda/create_ws/src/install/create_description/share/create_description/meshes/create_1.dae
[2.369s] -- Up-to-date: /home/mkouda/create_ws/src/install/create_description/share/create_description/urdf
[2.370s] -- Up-to-date: /home/mkouda/create_ws/src/install/create_description/share/create_description/urdf/create_2.urdf.xacro
[2.371s] -- Up-to-date: /home/mkouda/create_ws/src/install/create_description/share/create_description/urdf/create_2_gazebo.urdf.xacro
[2.372s] -- Up-to-date: /home/mkouda/create_ws/src/install/create_description/share/create_description/urdf/create_1_gazebo.urdf.xacro
[2.373s] -- Up-to-date: /home/mkouda/create_ws/src/install/create_description/share/create_description/urdf/create_base_gazebo.urdf.xacro
[2.374s] -- Up-to-date: /home/mkouda/create_ws/src/install/create_description/share/create_description/urdf/create_base.urdf.xacro
[2.374s] -- Up-to-date: /home/mkouda/create_ws/src/install/create_description/share/create_description/urdf/create_1.urdf.xacro
[2.375s] -- Up-to-date: /home/mkouda/create_ws/src/install/create_description/share/ament_index/resource_index/package_run_dependencies/create_description
[2.376s] -- Up-to-date: /home/mkouda/create_ws/src/install/create_description/share/ament_index/resource_index/parent_prefix_path/create_description
[2.377s] -- Up-to-date: /home/mkouda/create_ws/src/install/create_description/share/create_description/environment/ament_prefix_path.sh
[2.377s] -- Up-to-date: /home/mkouda/create_ws/src/install/create_description/share/create_description/environment/ament_prefix_path.dsv
[2.378s] -- Up-to-date: /home/mkouda/create_ws/src/install/create_description/share/create_description/environment/path.sh
[2.378s] -- Up-to-date: /home/mkouda/create_ws/src/install/create_description/share/create_description/environment/path.dsv
[2.379s] -- Up-to-date: /home/mkouda/create_ws/src/install/create_description/share/create_description/local_setup.bash
[2.380s] -- Up-to-date: /home/mkouda/create_ws/src/install/create_description/share/create_description/local_setup.sh
[2.381s] -- Up-to-date: /home/mkouda/create_ws/src/install/create_description/share/create_description/local_setup.zsh
[2.386s] -- Up-to-date: /home/mkouda/create_ws/src/install/create_description/share/create_description/local_setup.dsv
[2.387s] -- Up-to-date: /home/mkouda/create_ws/src/install/create_description/share/create_description/package.dsv
[2.406s] -- Up-to-date: /home/mkouda/create_ws/src/install/create_description/share/ament_index/resource_index/packages/create_description
[2.406s] -- Up-to-date: /home/mkouda/create_ws/src/install/create_description/share/create_description/cmake/create_descriptionConfig.cmake
[2.407s] -- Up-to-date: /home/mkouda/create_ws/src/install/create_description/share/create_description/cmake/create_descriptionConfig-version.cmake
[2.407s] -- Up-to-date: /home/mkouda/create_ws/src/install/create_description/share/create_description/package.xml
[2.408s] Invoked command in '/home/mkouda/create_ws/src/build/create_description' returned '0': CMAKE_PREFIX_PATH=${CMAKE_PREFIX_PATH}:/opt/ros/humble /usr/bin/cmake --install /home/mkouda/create_ws/src/build/create_description
