[0.067s] Invoking command in '/home/mkouda/create_ws/src/build/create_robot': AMENT_PREFIX_PATH=/home/mkouda/create_ws/src/install/create_bringup:/home/mkouda/create_ws/src/install/create_driver:/home/mkouda/create_ws/src/install/create_msgs:/home/mkouda/create_ws/src/install/create_description:${AMENT_PREFIX_PATH} CMAKE_PREFIX_PATH=/home/mkouda/create_ws/src/install/create_bringup:/home/mkouda/create_ws/src/install/create_driver:/home/mkouda/create_ws/src/install/libcreate:/home/mkouda/create_ws/src/install/create_msgs:/home/mkouda/create_ws/src/install/create_description:/home/mkouda/create_ws/install/create_robot:/home/mkouda/create_ws/install/create_bringup:/home/mkouda/create_ws/install/create_driver:/home/mkouda/create_ws/install/libcreate:/home/mkouda/create_ws/install/create_msgs:/home/mkouda/create_ws/install/create_description:/opt/ros/humble LD_LIBRARY_PATH=/home/mkouda/create_ws/src/install/libcreate/lib:/home/mkouda/create_ws/src/install/create_msgs/lib:${LD_LIBRARY_PATH} PKG_CONFIG_PATH=/home/mkouda/create_ws/src/install/libcreate/lib/aarch64-linux-gnu/pkgconfig:/home/mkouda/create_ws/src/install/libcreate/lib/pkgconfig:${PKG_CONFIG_PATH} PYTHONPATH=/home/mkouda/create_ws/src/install/create_msgs/local/lib/python3.10/dist-packages:${PYTHONPATH} /usr/bin/cmake /home/mkouda/create_ws/src/create_robot/create_robot -DCMAKE_INSTALL_PREFIX=/home/mkouda/create_ws/src/install/create_robot
[0.330s] -- The C compiler identification is GNU 11.4.0
[0.575s] -- The CXX compiler identification is GNU 11.4.0
[0.605s] -- Detecting C compiler ABI info
[0.934s] -- Detecting C compiler ABI info - done
[0.962s] -- Check for working C compiler: /usr/bin/cc - skipped
[0.962s] -- Detecting C compile features
[0.964s] -- Detecting C compile features - done
[0.974s] -- Detecting CXX compiler ABI info
[1.329s] -- Detecting CXX compiler ABI info - done
[1.354s] -- Check for working CXX compiler: /usr/bin/c++ - skipped
[1.355s] -- Detecting CXX compile features
[1.357s] -- Detecting CXX compile features - done
[1.394s] -- Found ament_cmake: 1.3.11 (/opt/ros/humble/share/ament_cmake/cmake)
[2.138s] -- Found Python3: /usr/bin/python3 (found version "3.10.12") found components: Interpreter 
[3.104s] -- Configuring done
[3.121s] -- Generating done
[3.128s] -- Build files have been written to: /home/mkouda/create_ws/src/build/create_robot
[3.142s] Invoked command in '/home/mkouda/create_ws/src/build/create_robot' returned '0': AMENT_PREFIX_PATH=/home/mkouda/create_ws/src/install/create_bringup:/home/mkouda/create_ws/src/install/create_driver:/home/mkouda/create_ws/src/install/create_msgs:/home/mkouda/create_ws/src/install/create_description:${AMENT_PREFIX_PATH} CMAKE_PREFIX_PATH=/home/mkouda/create_ws/src/install/create_bringup:/home/mkouda/create_ws/src/install/create_driver:/home/mkouda/create_ws/src/install/libcreate:/home/mkouda/create_ws/src/install/create_msgs:/home/mkouda/create_ws/src/install/create_description:/home/mkouda/create_ws/install/create_robot:/home/mkouda/create_ws/install/create_bringup:/home/mkouda/create_ws/install/create_driver:/home/mkouda/create_ws/install/libcreate:/home/mkouda/create_ws/install/create_msgs:/home/mkouda/create_ws/install/create_description:/opt/ros/humble LD_LIBRARY_PATH=/home/mkouda/create_ws/src/install/libcreate/lib:/home/mkouda/create_ws/src/install/create_msgs/lib:${LD_LIBRARY_PATH} PKG_CONFIG_PATH=/home/mkouda/create_ws/src/install/libcreate/lib/aarch64-linux-gnu/pkgconfig:/home/mkouda/create_ws/src/install/libcreate/lib/pkgconfig:${PKG_CONFIG_PATH} PYTHONPATH=/home/mkouda/create_ws/src/install/create_msgs/local/lib/python3.10/dist-packages:${PYTHONPATH} /usr/bin/cmake /home/mkouda/create_ws/src/create_robot/create_robot -DCMAKE_INSTALL_PREFIX=/home/mkouda/create_ws/src/install/create_robot
[3.149s] Invoking command in '/home/mkouda/create_ws/src/build/create_robot': AMENT_PREFIX_PATH=/home/mkouda/create_ws/src/install/create_bringup:/home/mkouda/create_ws/src/install/create_driver:/home/mkouda/create_ws/src/install/create_msgs:/home/mkouda/create_ws/src/install/create_description:${AMENT_PREFIX_PATH} CMAKE_PREFIX_PATH=/home/mkouda/create_ws/src/install/create_bringup:/home/mkouda/create_ws/src/install/create_driver:/home/mkouda/create_ws/src/install/libcreate:/home/mkouda/create_ws/src/install/create_msgs:/home/mkouda/create_ws/src/install/create_description:/home/mkouda/create_ws/install/create_robot:/home/mkouda/create_ws/install/create_bringup:/home/mkouda/create_ws/install/create_driver:/home/mkouda/create_ws/install/libcreate:/home/mkouda/create_ws/install/create_msgs:/home/mkouda/create_ws/install/create_description:/opt/ros/humble LD_LIBRARY_PATH=/home/mkouda/create_ws/src/install/libcreate/lib:/home/mkouda/create_ws/src/install/create_msgs/lib:${LD_LIBRARY_PATH} PKG_CONFIG_PATH=/home/mkouda/create_ws/src/install/libcreate/lib/aarch64-linux-gnu/pkgconfig:/home/mkouda/create_ws/src/install/libcreate/lib/pkgconfig:${PKG_CONFIG_PATH} PYTHONPATH=/home/mkouda/create_ws/src/install/create_msgs/local/lib/python3.10/dist-packages:${PYTHONPATH} /usr/bin/cmake --build /home/mkouda/create_ws/src/build/create_robot -- -j4 -l4
[3.313s] Invoked command in '/home/mkouda/create_ws/src/build/create_robot' returned '0': AMENT_PREFIX_PATH=/home/mkouda/create_ws/src/install/create_bringup:/home/mkouda/create_ws/src/install/create_driver:/home/mkouda/create_ws/src/install/create_msgs:/home/mkouda/create_ws/src/install/create_description:${AMENT_PREFIX_PATH} CMAKE_PREFIX_PATH=/home/mkouda/create_ws/src/install/create_bringup:/home/mkouda/create_ws/src/install/create_driver:/home/mkouda/create_ws/src/install/libcreate:/home/mkouda/create_ws/src/install/create_msgs:/home/mkouda/create_ws/src/install/create_description:/home/mkouda/create_ws/install/create_robot:/home/mkouda/create_ws/install/create_bringup:/home/mkouda/create_ws/install/create_driver:/home/mkouda/create_ws/install/libcreate:/home/mkouda/create_ws/install/create_msgs:/home/mkouda/create_ws/install/create_description:/opt/ros/humble LD_LIBRARY_PATH=/home/mkouda/create_ws/src/install/libcreate/lib:/home/mkouda/create_ws/src/install/create_msgs/lib:${LD_LIBRARY_PATH} PKG_CONFIG_PATH=/home/mkouda/create_ws/src/install/libcreate/lib/aarch64-linux-gnu/pkgconfig:/home/mkouda/create_ws/src/install/libcreate/lib/pkgconfig:${PKG_CONFIG_PATH} PYTHONPATH=/home/mkouda/create_ws/src/install/create_msgs/local/lib/python3.10/dist-packages:${PYTHONPATH} /usr/bin/cmake --build /home/mkouda/create_ws/src/build/create_robot -- -j4 -l4
[3.323s] Invoking command in '/home/mkouda/create_ws/src/build/create_robot': AMENT_PREFIX_PATH=/home/mkouda/create_ws/src/install/create_bringup:/home/mkouda/create_ws/src/install/create_driver:/home/mkouda/create_ws/src/install/create_msgs:/home/mkouda/create_ws/src/install/create_description:${AMENT_PREFIX_PATH} CMAKE_PREFIX_PATH=/home/mkouda/create_ws/src/install/create_bringup:/home/mkouda/create_ws/src/install/create_driver:/home/mkouda/create_ws/src/install/libcreate:/home/mkouda/create_ws/src/install/create_msgs:/home/mkouda/create_ws/src/install/create_description:/home/mkouda/create_ws/install/create_robot:/home/mkouda/create_ws/install/create_bringup:/home/mkouda/create_ws/install/create_driver:/home/mkouda/create_ws/install/libcreate:/home/mkouda/create_ws/install/create_msgs:/home/mkouda/create_ws/install/create_description:/opt/ros/humble LD_LIBRARY_PATH=/home/mkouda/create_ws/src/install/libcreate/lib:/home/mkouda/create_ws/src/install/create_msgs/lib:${LD_LIBRARY_PATH} PKG_CONFIG_PATH=/home/mkouda/create_ws/src/install/libcreate/lib/aarch64-linux-gnu/pkgconfig:/home/mkouda/create_ws/src/install/libcreate/lib/pkgconfig:${PKG_CONFIG_PATH} PYTHONPATH=/home/mkouda/create_ws/src/install/create_msgs/local/lib/python3.10/dist-packages:${PYTHONPATH} /usr/bin/cmake --install /home/mkouda/create_ws/src/build/create_robot
[3.355s] -- Install configuration: ""
[3.356s] -- Installing: /home/mkouda/create_ws/src/install/create_robot/share/ament_index/resource_index/package_run_dependencies/create_robot
[3.358s] -- Installing: /home/mkouda/create_ws/src/install/create_robot/share/ament_index/resource_index/parent_prefix_path/create_robot
[3.360s] -- Installing: /home/mkouda/create_ws/src/install/create_robot/share/create_robot/environment/ament_prefix_path.sh
[3.361s] -- Installing: /home/mkouda/create_ws/src/install/create_robot/share/create_robot/environment/ament_prefix_path.dsv
[3.362s] -- Installing: /home/mkouda/create_ws/src/install/create_robot/share/create_robot/environment/path.sh
[3.363s] -- Installing: /home/mkouda/create_ws/src/install/create_robot/share/create_robot/environment/path.dsv
[3.364s] -- Installing: /home/mkouda/create_ws/src/install/create_robot/share/create_robot/local_setup.bash
[3.365s] -- Installing: /home/mkouda/create_ws/src/install/create_robot/share/create_robot/local_setup.sh
[3.366s] -- Installing: /home/mkouda/create_ws/src/install/create_robot/share/create_robot/local_setup.zsh
[3.367s] -- Installing: /home/mkouda/create_ws/src/install/create_robot/share/create_robot/local_setup.dsv
[3.369s] -- Installing: /home/mkouda/create_ws/src/install/create_robot/share/create_robot/package.dsv
[3.370s] -- Installing: /home/mkouda/create_ws/src/install/create_robot/share/ament_index/resource_index/packages/create_robot
[3.372s] -- Installing: /home/mkouda/create_ws/src/install/create_robot/share/create_robot/cmake/create_robotConfig.cmake
[3.373s] -- Installing: /home/mkouda/create_ws/src/install/create_robot/share/create_robot/cmake/create_robotConfig-version.cmake
[3.374s] -- Installing: /home/mkouda/create_ws/src/install/create_robot/share/create_robot/package.xml
[3.381s] Invoked command in '/home/mkouda/create_ws/src/build/create_robot' returned '0': AMENT_PREFIX_PATH=/home/mkouda/create_ws/src/install/create_bringup:/home/mkouda/create_ws/src/install/create_driver:/home/mkouda/create_ws/src/install/create_msgs:/home/mkouda/create_ws/src/install/create_description:${AMENT_PREFIX_PATH} CMAKE_PREFIX_PATH=/home/mkouda/create_ws/src/install/create_bringup:/home/mkouda/create_ws/src/install/create_driver:/home/mkouda/create_ws/src/install/libcreate:/home/mkouda/create_ws/src/install/create_msgs:/home/mkouda/create_ws/src/install/create_description:/home/mkouda/create_ws/install/create_robot:/home/mkouda/create_ws/install/create_bringup:/home/mkouda/create_ws/install/create_driver:/home/mkouda/create_ws/install/libcreate:/home/mkouda/create_ws/install/create_msgs:/home/mkouda/create_ws/install/create_description:/opt/ros/humble LD_LIBRARY_PATH=/home/mkouda/create_ws/src/install/libcreate/lib:/home/mkouda/create_ws/src/install/create_msgs/lib:${LD_LIBRARY_PATH} PKG_CONFIG_PATH=/home/mkouda/create_ws/src/install/libcreate/lib/aarch64-linux-gnu/pkgconfig:/home/mkouda/create_ws/src/install/libcreate/lib/pkgconfig:${PKG_CONFIG_PATH} PYTHONPATH=/home/mkouda/create_ws/src/install/create_msgs/local/lib/python3.10/dist-packages:${PYTHONPATH} /usr/bin/cmake --install /home/mkouda/create_ws/src/build/create_robot
