[0.058s] Invoking command in '/home/mkouda/create_ws/src/build/create_driver': AMENT_PREFIX_PATH=/home/mkouda/create_ws/src/install/create_msgs:${AMENT_PREFIX_PATH} CMAKE_PREFIX_PATH=/home/mkouda/create_ws/src/install/libcreate:/home/mkouda/create_ws/src/install/create_msgs:/home/mkouda/create_ws/install/create_robot:/home/mkouda/create_ws/install/create_bringup:/home/mkouda/create_ws/install/create_driver:/home/mkouda/create_ws/install/libcreate:/home/mkouda/create_ws/install/create_msgs:/home/mkouda/create_ws/install/create_description:/opt/ros/humble LD_LIBRARY_PATH=/home/mkouda/create_ws/src/install/libcreate/lib:/home/mkouda/create_ws/src/install/create_msgs/lib:${LD_LIBRARY_PATH} PKG_CONFIG_PATH=/home/mkouda/create_ws/src/install/libcreate/lib/aarch64-linux-gnu/pkgconfig:/home/mkouda/create_ws/src/install/libcreate/lib/pkgconfig:${PKG_CONFIG_PATH} PYTHONPATH=/home/mkouda/create_ws/src/install/create_msgs/local/lib/python3.10/dist-packages:${PYTHONPATH} /usr/bin/cmake --build /home/mkouda/create_ws/src/build/create_driver -- -j4 -l4
[0.259s] [35m[1mConsolidate compiler generated dependencies of target create_driver[0m
[0.444s] [100%] Built target create_driver
[0.490s] Invoked command in '/home/mkouda/create_ws/src/build/create_driver' returned '0': AMENT_PREFIX_PATH=/home/mkouda/create_ws/src/install/create_msgs:${AMENT_PREFIX_PATH} CMAKE_PREFIX_PATH=/home/mkouda/create_ws/src/install/libcreate:/home/mkouda/create_ws/src/install/create_msgs:/home/mkouda/create_ws/install/create_robot:/home/mkouda/create_ws/install/create_bringup:/home/mkouda/create_ws/install/create_driver:/home/mkouda/create_ws/install/libcreate:/home/mkouda/create_ws/install/create_msgs:/home/mkouda/create_ws/install/create_description:/opt/ros/humble LD_LIBRARY_PATH=/home/mkouda/create_ws/src/install/libcreate/lib:/home/mkouda/create_ws/src/install/create_msgs/lib:${LD_LIBRARY_PATH} PKG_CONFIG_PATH=/home/mkouda/create_ws/src/install/libcreate/lib/aarch64-linux-gnu/pkgconfig:/home/mkouda/create_ws/src/install/libcreate/lib/pkgconfig:${PKG_CONFIG_PATH} PYTHONPATH=/home/mkouda/create_ws/src/install/create_msgs/local/lib/python3.10/dist-packages:${PYTHONPATH} /usr/bin/cmake --build /home/mkouda/create_ws/src/build/create_driver -- -j4 -l4
[0.500s] Invoking command in '/home/mkouda/create_ws/src/build/create_driver': AMENT_PREFIX_PATH=/home/mkouda/create_ws/src/install/create_msgs:${AMENT_PREFIX_PATH} CMAKE_PREFIX_PATH=/home/mkouda/create_ws/src/install/libcreate:/home/mkouda/create_ws/src/install/create_msgs:/home/mkouda/create_ws/install/create_robot:/home/mkouda/create_ws/install/create_bringup:/home/mkouda/create_ws/install/create_driver:/home/mkouda/create_ws/install/libcreate:/home/mkouda/create_ws/install/create_msgs:/home/mkouda/create_ws/install/create_description:/opt/ros/humble LD_LIBRARY_PATH=/home/mkouda/create_ws/src/install/libcreate/lib:/home/mkouda/create_ws/src/install/create_msgs/lib:${LD_LIBRARY_PATH} PKG_CONFIG_PATH=/home/mkouda/create_ws/src/install/libcreate/lib/aarch64-linux-gnu/pkgconfig:/home/mkouda/create_ws/src/install/libcreate/lib/pkgconfig:${PKG_CONFIG_PATH} PYTHONPATH=/home/mkouda/create_ws/src/install/create_msgs/local/lib/python3.10/dist-packages:${PYTHONPATH} /usr/bin/cmake --install /home/mkouda/create_ws/src/build/create_driver
[0.530s] -- Install configuration: ""
[0.532s] -- Up-to-date: /home/mkouda/create_ws/src/install/create_driver/lib/create_driver/create_driver
[0.534s] -- Up-to-date: /home/mkouda/create_ws/src/install/create_driver/include
[0.534s] -- Up-to-date: /home/mkouda/create_ws/src/install/create_driver/include/create_driver
[0.535s] -- Up-to-date: /home/mkouda/create_ws/src/install/create_driver/include/create_driver/create_driver.h
[0.536s] -- Up-to-date: /home/mkouda/create_ws/src/install/create_driver/share/ament_index/resource_index/package_run_dependencies/create_driver
[0.537s] -- Up-to-date: /home/mkouda/create_ws/src/install/create_driver/share/ament_index/resource_index/parent_prefix_path/create_driver
[0.538s] -- Up-to-date: /home/mkouda/create_ws/src/install/create_driver/share/create_driver/environment/ament_prefix_path.sh
[0.539s] -- Up-to-date: /home/mkouda/create_ws/src/install/create_driver/share/create_driver/environment/ament_prefix_path.dsv
[0.539s] -- Up-to-date: /home/mkouda/create_ws/src/install/create_driver/share/create_driver/environment/path.sh
[0.540s] -- Up-to-date: /home/mkouda/create_ws/src/install/create_driver/share/create_driver/environment/path.dsv
[0.540s] -- Up-to-date: /home/mkouda/create_ws/src/install/create_driver/share/create_driver/local_setup.bash
[0.541s] -- Up-to-date: /home/mkouda/create_ws/src/install/create_driver/share/create_driver/local_setup.sh
[0.541s] -- Up-to-date: /home/mkouda/create_ws/src/install/create_driver/share/create_driver/local_setup.zsh
[0.542s] -- Up-to-date: /home/mkouda/create_ws/src/install/create_driver/share/create_driver/local_setup.dsv
[0.543s] -- Installing: /home/mkouda/create_ws/src/install/create_driver/share/create_driver/package.dsv
[0.543s] -- Up-to-date: /home/mkouda/create_ws/src/install/create_driver/share/ament_index/resource_index/packages/create_driver
[0.544s] -- Up-to-date: /home/mkouda/create_ws/src/install/create_driver/share/create_driver/cmake/create_driverConfig.cmake
[0.544s] -- Up-to-date: /home/mkouda/create_ws/src/install/create_driver/share/create_driver/cmake/create_driverConfig-version.cmake
[0.545s] -- Up-to-date: /home/mkouda/create_ws/src/install/create_driver/share/create_driver/package.xml
[0.551s] Invoked command in '/home/mkouda/create_ws/src/build/create_driver' returned '0': AMENT_PREFIX_PATH=/home/mkouda/create_ws/src/install/create_msgs:${AMENT_PREFIX_PATH} CMAKE_PREFIX_PATH=/home/mkouda/create_ws/src/install/libcreate:/home/mkouda/create_ws/src/install/create_msgs:/home/mkouda/create_ws/install/create_robot:/home/mkouda/create_ws/install/create_bringup:/home/mkouda/create_ws/install/create_driver:/home/mkouda/create_ws/install/libcreate:/home/mkouda/create_ws/install/create_msgs:/home/mkouda/create_ws/install/create_description:/opt/ros/humble LD_LIBRARY_PATH=/home/mkouda/create_ws/src/install/libcreate/lib:/home/mkouda/create_ws/src/install/create_msgs/lib:${LD_LIBRARY_PATH} PKG_CONFIG_PATH=/home/mkouda/create_ws/src/install/libcreate/lib/aarch64-linux-gnu/pkgconfig:/home/mkouda/create_ws/src/install/libcreate/lib/pkgconfig:${PKG_CONFIG_PATH} PYTHONPATH=/home/mkouda/create_ws/src/install/create_msgs/local/lib/python3.10/dist-packages:${PYTHONPATH} /usr/bin/cmake --install /home/mkouda/create_ws/src/build/create_driver
