[0.450s] DEBUG:colcon:Command line arguments: ['/usr/bin/colcon', 'build']
[0.450s] DEBUG:colcon:Parsed command line arguments: Namespace(log_base=None, log_level=None, verb_name='build', build_base='build', install_base='install', merge_install=False, symlink_install=False, test_result_base=None, continue_on_error=False, executor='parallel', parallel_workers=4, event_handlers=None, ignore_user_meta=False, metas=['./colcon.meta'], base_paths=['.'], packages_ignore=None, packages_ignore_regex=None, paths=None, packages_up_to=None, packages_up_to_regex=None, packages_above=None, packages_above_and_dependencies=None, packages_above_depth=None, packages_select_by_dep=None, packages_skip_by_dep=None, packages_skip_up_to=None, packages_select_build_failed=False, packages_skip_build_finished=False, packages_select_test_failures=False, packages_skip_test_passed=False, packages_select=None, packages_skip=None, packages_select_regex=None, packages_skip_regex=None, packages_start=None, packages_end=None, allow_overriding=[], cmake_args=None, cmake_target=None, cmake_target_skip_unavailable=False, cmake_clean_cache=False, cmake_clean_first=False, cmake_force_configure=False, ament_cmake_args=None, catkin_cmake_args=None, catkin_skip_building_tests=False, mixin_files=None, mixin=None, verb_parser=<colcon_mixin.mixin.mixin_argument.MixinArgumentDecorator object at 0xffffbb50d3f0>, verb_extension=<colcon_core.verb.build.BuildVerb object at 0xffffbb6b22f0>, main=<bound method BuildVerb.main of <colcon_core.verb.build.BuildVerb object at 0xffffbb6b22f0>>, mixin_verb=('build',))
[1.242s] Level 1:colcon.colcon_core.package_discovery:discover_packages(colcon_meta) check parameters
[1.242s] Level 1:colcon.colcon_core.package_discovery:discover_packages(recursive) check parameters
[1.242s] Level 1:colcon.colcon_core.package_discovery:discover_packages(ignore) check parameters
[1.242s] Level 1:colcon.colcon_core.package_discovery:discover_packages(path) check parameters
[1.242s] Level 1:colcon.colcon_core.package_discovery:discover_packages(colcon_meta) discover
[1.243s] Level 1:colcon.colcon_core.package_discovery:discover_packages(recursive) discover
[1.243s] INFO:colcon.colcon_core.package_discovery:Crawling recursively for packages in '/home/mkouda/create_ws/src'
[1.243s] Level 1:colcon.colcon_core.package_identification:_identify(.) by extensions ['ignore', 'ignore_ament_install']
[1.244s] Level 1:colcon.colcon_core.package_identification:_identify(.) by extension 'ignore'
[1.244s] Level 1:colcon.colcon_core.package_identification:_identify(.) by extension 'ignore_ament_install'
[1.244s] Level 1:colcon.colcon_core.package_identification:_identify(.) by extensions ['colcon_pkg']
[1.244s] Level 1:colcon.colcon_core.package_identification:_identify(.) by extension 'colcon_pkg'
[1.244s] Level 1:colcon.colcon_core.package_identification:_identify(.) by extensions ['colcon_meta']
[1.244s] Level 1:colcon.colcon_core.package_identification:_identify(.) by extension 'colcon_meta'
[1.245s] Level 1:colcon.colcon_core.package_identification:_identify(.) by extensions ['ros']
[1.245s] Level 1:colcon.colcon_core.package_identification:_identify(.) by extension 'ros'
[1.288s] Level 1:colcon.colcon_core.package_identification:_identify(.) by extensions ['cmake', 'python']
[1.288s] Level 1:colcon.colcon_core.package_identification:_identify(.) by extension 'cmake'
[1.289s] Level 1:colcon.colcon_core.package_identification:_identify(.) by extension 'python'
[1.289s] Level 1:colcon.colcon_core.package_identification:_identify(.) by extensions ['python_setup_py']
[1.289s] Level 1:colcon.colcon_core.package_identification:_identify(.) by extension 'python_setup_py'
[1.289s] Level 1:colcon.colcon_core.package_identification:_identify(build) by extensions ['ignore', 'ignore_ament_install']
[1.290s] Level 1:colcon.colcon_core.package_identification:_identify(build) by extension 'ignore'
[1.290s] Level 1:colcon.colcon_core.package_identification:_identify(build) ignored
[1.291s] Level 1:colcon.colcon_core.package_identification:_identify(create_robot) by extensions ['ignore', 'ignore_ament_install']
[1.291s] Level 1:colcon.colcon_core.package_identification:_identify(create_robot) by extension 'ignore'
[1.291s] Level 1:colcon.colcon_core.package_identification:_identify(create_robot) by extension 'ignore_ament_install'
[1.291s] Level 1:colcon.colcon_core.package_identification:_identify(create_robot) by extensions ['colcon_pkg']
[1.291s] Level 1:colcon.colcon_core.package_identification:_identify(create_robot) by extension 'colcon_pkg'
[1.292s] Level 1:colcon.colcon_core.package_identification:_identify(create_robot) by extensions ['colcon_meta']
[1.292s] Level 1:colcon.colcon_core.package_identification:_identify(create_robot) by extension 'colcon_meta'
[1.292s] Level 1:colcon.colcon_core.package_identification:_identify(create_robot) by extensions ['ros']
[1.292s] Level 1:colcon.colcon_core.package_identification:_identify(create_robot) by extension 'ros'
[1.292s] Level 1:colcon.colcon_core.package_identification:_identify(create_robot) by extensions ['cmake', 'python']
[1.292s] Level 1:colcon.colcon_core.package_identification:_identify(create_robot) by extension 'cmake'
[1.293s] Level 1:colcon.colcon_core.package_identification:_identify(create_robot) by extension 'python'
[1.293s] Level 1:colcon.colcon_core.package_identification:_identify(create_robot) by extensions ['python_setup_py']
[1.293s] Level 1:colcon.colcon_core.package_identification:_identify(create_robot) by extension 'python_setup_py'
[1.293s] Level 1:colcon.colcon_core.package_identification:_identify(create_robot/create_bringup) by extensions ['ignore', 'ignore_ament_install']
[1.294s] Level 1:colcon.colcon_core.package_identification:_identify(create_robot/create_bringup) by extension 'ignore'
[1.294s] Level 1:colcon.colcon_core.package_identification:_identify(create_robot/create_bringup) by extension 'ignore_ament_install'
[1.294s] Level 1:colcon.colcon_core.package_identification:_identify(create_robot/create_bringup) by extensions ['colcon_pkg']
[1.294s] Level 1:colcon.colcon_core.package_identification:_identify(create_robot/create_bringup) by extension 'colcon_pkg'
[1.294s] Level 1:colcon.colcon_core.package_identification:_identify(create_robot/create_bringup) by extensions ['colcon_meta']
[1.295s] Level 1:colcon.colcon_core.package_identification:_identify(create_robot/create_bringup) by extension 'colcon_meta'
[1.295s] Level 1:colcon.colcon_core.package_identification:_identify(create_robot/create_bringup) by extensions ['ros']
[1.295s] Level 1:colcon.colcon_core.package_identification:_identify(create_robot/create_bringup) by extension 'ros'
[1.303s] DEBUG:colcon.colcon_core.package_identification:Package 'create_robot/create_bringup' with type 'ros.ament_cmake' and name 'create_bringup'
[1.304s] Level 1:colcon.colcon_core.package_identification:_identify(create_robot/create_description) by extensions ['ignore', 'ignore_ament_install']
[1.304s] Level 1:colcon.colcon_core.package_identification:_identify(create_robot/create_description) by extension 'ignore'
[1.304s] Level 1:colcon.colcon_core.package_identification:_identify(create_robot/create_description) by extension 'ignore_ament_install'
[1.305s] Level 1:colcon.colcon_core.package_identification:_identify(create_robot/create_description) by extensions ['colcon_pkg']
[1.305s] Level 1:colcon.colcon_core.package_identification:_identify(create_robot/create_description) by extension 'colcon_pkg'
[1.305s] Level 1:colcon.colcon_core.package_identification:_identify(create_robot/create_description) by extensions ['colcon_meta']
[1.305s] Level 1:colcon.colcon_core.package_identification:_identify(create_robot/create_description) by extension 'colcon_meta'
[1.305s] Level 1:colcon.colcon_core.package_identification:_identify(create_robot/create_description) by extensions ['ros']
[1.305s] Level 1:colcon.colcon_core.package_identification:_identify(create_robot/create_description) by extension 'ros'
[1.308s] DEBUG:colcon.colcon_core.package_identification:Package 'create_robot/create_description' with type 'ros.ament_cmake' and name 'create_description'
[1.309s] Level 1:colcon.colcon_core.package_identification:_identify(create_robot/create_driver) by extensions ['ignore', 'ignore_ament_install']
[1.309s] Level 1:colcon.colcon_core.package_identification:_identify(create_robot/create_driver) by extension 'ignore'
[1.309s] Level 1:colcon.colcon_core.package_identification:_identify(create_robot/create_driver) by extension 'ignore_ament_install'
[1.309s] Level 1:colcon.colcon_core.package_identification:_identify(create_robot/create_driver) by extensions ['colcon_pkg']
[1.310s] Level 1:colcon.colcon_core.package_identification:_identify(create_robot/create_driver) by extension 'colcon_pkg'
[1.310s] Level 1:colcon.colcon_core.package_identification:_identify(create_robot/create_driver) by extensions ['colcon_meta']
[1.310s] Level 1:colcon.colcon_core.package_identification:_identify(create_robot/create_driver) by extension 'colcon_meta'
[1.310s] Level 1:colcon.colcon_core.package_identification:_identify(create_robot/create_driver) by extensions ['ros']
[1.310s] Level 1:colcon.colcon_core.package_identification:_identify(create_robot/create_driver) by extension 'ros'
[1.315s] DEBUG:colcon.colcon_core.package_identification:Package 'create_robot/create_driver' with type 'ros.ament_cmake' and name 'create_driver'
[1.316s] Level 1:colcon.colcon_core.package_identification:_identify(create_robot/create_msgs) by extensions ['ignore', 'ignore_ament_install']
[1.316s] Level 1:colcon.colcon_core.package_identification:_identify(create_robot/create_msgs) by extension 'ignore'
[1.316s] Level 1:colcon.colcon_core.package_identification:_identify(create_robot/create_msgs) by extension 'ignore_ament_install'
[1.317s] Level 1:colcon.colcon_core.package_identification:_identify(create_robot/create_msgs) by extensions ['colcon_pkg']
[1.317s] Level 1:colcon.colcon_core.package_identification:_identify(create_robot/create_msgs) by extension 'colcon_pkg'
[1.317s] Level 1:colcon.colcon_core.package_identification:_identify(create_robot/create_msgs) by extensions ['colcon_meta']
[1.317s] Level 1:colcon.colcon_core.package_identification:_identify(create_robot/create_msgs) by extension 'colcon_meta'
[1.317s] Level 1:colcon.colcon_core.package_identification:_identify(create_robot/create_msgs) by extensions ['ros']
[1.317s] Level 1:colcon.colcon_core.package_identification:_identify(create_robot/create_msgs) by extension 'ros'
[1.320s] DEBUG:colcon.colcon_core.package_identification:Package 'create_robot/create_msgs' with type 'ros.ament_cmake' and name 'create_msgs'
[1.320s] Level 1:colcon.colcon_core.package_identification:_identify(create_robot/create_robot) by extensions ['ignore', 'ignore_ament_install']
[1.321s] Level 1:colcon.colcon_core.package_identification:_identify(create_robot/create_robot) by extension 'ignore'
[1.321s] Level 1:colcon.colcon_core.package_identification:_identify(create_robot/create_robot) by extension 'ignore_ament_install'
[1.321s] Level 1:colcon.colcon_core.package_identification:_identify(create_robot/create_robot) by extensions ['colcon_pkg']
[1.321s] Level 1:colcon.colcon_core.package_identification:_identify(create_robot/create_robot) by extension 'colcon_pkg'
[1.321s] Level 1:colcon.colcon_core.package_identification:_identify(create_robot/create_robot) by extensions ['colcon_meta']
[1.322s] Level 1:colcon.colcon_core.package_identification:_identify(create_robot/create_robot) by extension 'colcon_meta'
[1.322s] Level 1:colcon.colcon_core.package_identification:_identify(create_robot/create_robot) by extensions ['ros']
[1.322s] Level 1:colcon.colcon_core.package_identification:_identify(create_robot/create_robot) by extension 'ros'
[1.324s] DEBUG:colcon.colcon_core.package_identification:Package 'create_robot/create_robot' with type 'ros.ament_cmake' and name 'create_robot'
[1.325s] Level 1:colcon.colcon_core.package_identification:_identify(install) by extensions ['ignore', 'ignore_ament_install']
[1.325s] Level 1:colcon.colcon_core.package_identification:_identify(install) by extension 'ignore'
[1.325s] Level 1:colcon.colcon_core.package_identification:_identify(install) ignored
[1.326s] Level 1:colcon.colcon_core.package_identification:_identify(joy_translate) by extensions ['ignore', 'ignore_ament_install']
[1.326s] Level 1:colcon.colcon_core.package_identification:_identify(joy_translate) by extension 'ignore'
[1.326s] Level 1:colcon.colcon_core.package_identification:_identify(joy_translate) by extension 'ignore_ament_install'
[1.327s] Level 1:colcon.colcon_core.package_identification:_identify(joy_translate) by extensions ['colcon_pkg']
[1.327s] Level 1:colcon.colcon_core.package_identification:_identify(joy_translate) by extension 'colcon_pkg'
[1.327s] Level 1:colcon.colcon_core.package_identification:_identify(joy_translate) by extensions ['colcon_meta']
[1.327s] Level 1:colcon.colcon_core.package_identification:_identify(joy_translate) by extension 'colcon_meta'
[1.327s] Level 1:colcon.colcon_core.package_identification:_identify(joy_translate) by extensions ['ros']
[1.327s] Level 1:colcon.colcon_core.package_identification:_identify(joy_translate) by extension 'ros'
[1.330s] DEBUG:colcon.colcon_core.package_identification:Package 'joy_translate' with type 'ros.ament_python' and name 'joy_translate'
[1.331s] Level 1:colcon.colcon_core.package_identification:_identify(libcreate) by extensions ['ignore', 'ignore_ament_install']
[1.331s] Level 1:colcon.colcon_core.package_identification:_identify(libcreate) by extension 'ignore'
[1.331s] Level 1:colcon.colcon_core.package_identification:_identify(libcreate) by extension 'ignore_ament_install'
[1.331s] Level 1:colcon.colcon_core.package_identification:_identify(libcreate) by extensions ['colcon_pkg']
[1.332s] Level 1:colcon.colcon_core.package_identification:_identify(libcreate) by extension 'colcon_pkg'
[1.332s] Level 1:colcon.colcon_core.package_identification:_identify(libcreate) by extensions ['colcon_meta']
[1.332s] Level 1:colcon.colcon_core.package_identification:_identify(libcreate) by extension 'colcon_meta'
[1.332s] Level 1:colcon.colcon_core.package_identification:_identify(libcreate) by extensions ['ros']
[1.332s] Level 1:colcon.colcon_core.package_identification:_identify(libcreate) by extension 'ros'
[1.340s] DEBUG:colcon.colcon_core.package_identification:Package 'libcreate' with type 'ros.cmake' and name 'libcreate'
[1.341s] Level 1:colcon.colcon_core.package_identification:_identify(log) by extensions ['ignore', 'ignore_ament_install']
[1.341s] Level 1:colcon.colcon_core.package_identification:_identify(log) by extension 'ignore'
[1.341s] Level 1:colcon.colcon_core.package_identification:_identify(log) ignored
[1.342s] Level 1:colcon.colcon_core.package_discovery:discover_packages(recursive) using defaults
[1.342s] Level 1:colcon.colcon_core.package_discovery:discover_packages(ignore) discover
[1.342s] Level 1:colcon.colcon_core.package_discovery:discover_packages(ignore) using defaults
[1.342s] Level 1:colcon.colcon_core.package_discovery:discover_packages(path) discover
[1.342s] Level 1:colcon.colcon_core.package_discovery:discover_packages(path) using defaults
[1.459s] Level 1:colcon.colcon_core.package_discovery:discover_packages(prefix_path) check parameters
[1.460s] Level 1:colcon.colcon_core.package_discovery:discover_packages(prefix_path) discover
[1.469s] DEBUG:colcon.colcon_installed_package_information.package_discovery:Found 7 installed packages in /home/mkouda/create_ws/install
[1.479s] DEBUG:colcon.colcon_installed_package_information.package_discovery:Found 280 installed packages in /opt/ros/humble
[1.485s] Level 1:colcon.colcon_core.package_discovery:discover_packages(prefix_path) using defaults
[1.651s] Level 5:colcon.colcon_core.verb:set package 'create_description' build argument 'cmake_args' from command line to 'None'
[1.652s] Level 5:colcon.colcon_core.verb:set package 'create_description' build argument 'cmake_target' from command line to 'None'
[1.652s] Level 5:colcon.colcon_core.verb:set package 'create_description' build argument 'cmake_target_skip_unavailable' from command line to 'False'
[1.652s] Level 5:colcon.colcon_core.verb:set package 'create_description' build argument 'cmake_clean_cache' from command line to 'False'
[1.652s] Level 5:colcon.colcon_core.verb:set package 'create_description' build argument 'cmake_clean_first' from command line to 'False'
[1.652s] Level 5:colcon.colcon_core.verb:set package 'create_description' build argument 'cmake_force_configure' from command line to 'False'
[1.652s] Level 5:colcon.colcon_core.verb:set package 'create_description' build argument 'ament_cmake_args' from command line to 'None'
[1.652s] Level 5:colcon.colcon_core.verb:set package 'create_description' build argument 'catkin_cmake_args' from command line to 'None'
[1.652s] Level 5:colcon.colcon_core.verb:set package 'create_description' build argument 'catkin_skip_building_tests' from command line to 'False'
[1.653s] DEBUG:colcon.colcon_core.verb:Building package 'create_description' with the following arguments: {'ament_cmake_args': None, 'build_base': '/home/mkouda/create_ws/src/build/create_description', 'catkin_cmake_args': None, 'catkin_skip_building_tests': False, 'cmake_args': None, 'cmake_clean_cache': False, 'cmake_clean_first': False, 'cmake_force_configure': False, 'cmake_target': None, 'cmake_target_skip_unavailable': False, 'install_base': '/home/mkouda/create_ws/src/install/create_description', 'merge_install': False, 'path': '/home/mkouda/create_ws/src/create_robot/create_description', 'symlink_install': False, 'test_result_base': None}
[1.654s] Level 5:colcon.colcon_core.verb:set package 'create_msgs' build argument 'cmake_args' from command line to 'None'
[1.654s] Level 5:colcon.colcon_core.verb:set package 'create_msgs' build argument 'cmake_target' from command line to 'None'
[1.654s] Level 5:colcon.colcon_core.verb:set package 'create_msgs' build argument 'cmake_target_skip_unavailable' from command line to 'False'
[1.655s] Level 5:colcon.colcon_core.verb:set package 'create_msgs' build argument 'cmake_clean_cache' from command line to 'False'
[1.655s] Level 5:colcon.colcon_core.verb:set package 'create_msgs' build argument 'cmake_clean_first' from command line to 'False'
[1.655s] Level 5:colcon.colcon_core.verb:set package 'create_msgs' build argument 'cmake_force_configure' from command line to 'False'
[1.655s] Level 5:colcon.colcon_core.verb:set package 'create_msgs' build argument 'ament_cmake_args' from command line to 'None'
[1.655s] Level 5:colcon.colcon_core.verb:set package 'create_msgs' build argument 'catkin_cmake_args' from command line to 'None'
[1.655s] Level 5:colcon.colcon_core.verb:set package 'create_msgs' build argument 'catkin_skip_building_tests' from command line to 'False'
[1.655s] DEBUG:colcon.colcon_core.verb:Building package 'create_msgs' with the following arguments: {'ament_cmake_args': None, 'build_base': '/home/mkouda/create_ws/src/build/create_msgs', 'catkin_cmake_args': None, 'catkin_skip_building_tests': False, 'cmake_args': None, 'cmake_clean_cache': False, 'cmake_clean_first': False, 'cmake_force_configure': False, 'cmake_target': None, 'cmake_target_skip_unavailable': False, 'install_base': '/home/mkouda/create_ws/src/install/create_msgs', 'merge_install': False, 'path': '/home/mkouda/create_ws/src/create_robot/create_msgs', 'symlink_install': False, 'test_result_base': None}
[1.657s] Level 5:colcon.colcon_core.verb:set package 'joy_translate' build argument 'cmake_args' from command line to 'None'
[1.657s] Level 5:colcon.colcon_core.verb:set package 'joy_translate' build argument 'cmake_target' from command line to 'None'
[1.657s] Level 5:colcon.colcon_core.verb:set package 'joy_translate' build argument 'cmake_target_skip_unavailable' from command line to 'False'
[1.657s] Level 5:colcon.colcon_core.verb:set package 'joy_translate' build argument 'cmake_clean_cache' from command line to 'False'
[1.657s] Level 5:colcon.colcon_core.verb:set package 'joy_translate' build argument 'cmake_clean_first' from command line to 'False'
[1.657s] Level 5:colcon.colcon_core.verb:set package 'joy_translate' build argument 'cmake_force_configure' from command line to 'False'
[1.657s] Level 5:colcon.colcon_core.verb:set package 'joy_translate' build argument 'ament_cmake_args' from command line to 'None'
[1.657s] Level 5:colcon.colcon_core.verb:set package 'joy_translate' build argument 'catkin_cmake_args' from command line to 'None'
[1.657s] Level 5:colcon.colcon_core.verb:set package 'joy_translate' build argument 'catkin_skip_building_tests' from command line to 'False'
[1.658s] DEBUG:colcon.colcon_core.verb:Building package 'joy_translate' with the following arguments: {'ament_cmake_args': None, 'build_base': '/home/mkouda/create_ws/src/build/joy_translate', 'catkin_cmake_args': None, 'catkin_skip_building_tests': False, 'cmake_args': None, 'cmake_clean_cache': False, 'cmake_clean_first': False, 'cmake_force_configure': False, 'cmake_target': None, 'cmake_target_skip_unavailable': False, 'install_base': '/home/mkouda/create_ws/src/install/joy_translate', 'merge_install': False, 'path': '/home/mkouda/create_ws/src/joy_translate', 'symlink_install': False, 'test_result_base': None}
[1.659s] Level 5:colcon.colcon_core.verb:set package 'libcreate' build argument 'cmake_args' from command line to 'None'
[1.659s] Level 5:colcon.colcon_core.verb:set package 'libcreate' build argument 'cmake_target' from command line to 'None'
[1.659s] Level 5:colcon.colcon_core.verb:set package 'libcreate' build argument 'cmake_target_skip_unavailable' from command line to 'False'
[1.659s] Level 5:colcon.colcon_core.verb:set package 'libcreate' build argument 'cmake_clean_cache' from command line to 'False'
[1.659s] Level 5:colcon.colcon_core.verb:set package 'libcreate' build argument 'cmake_clean_first' from command line to 'False'
[1.660s] Level 5:colcon.colcon_core.verb:set package 'libcreate' build argument 'cmake_force_configure' from command line to 'False'
[1.660s] Level 5:colcon.colcon_core.verb:set package 'libcreate' build argument 'ament_cmake_args' from command line to 'None'
[1.660s] Level 5:colcon.colcon_core.verb:set package 'libcreate' build argument 'catkin_cmake_args' from command line to 'None'
[1.660s] Level 5:colcon.colcon_core.verb:set package 'libcreate' build argument 'catkin_skip_building_tests' from command line to 'False'
[1.660s] DEBUG:colcon.colcon_core.verb:Building package 'libcreate' with the following arguments: {'ament_cmake_args': None, 'build_base': '/home/mkouda/create_ws/src/build/libcreate', 'catkin_cmake_args': None, 'catkin_skip_building_tests': False, 'cmake_args': None, 'cmake_clean_cache': False, 'cmake_clean_first': False, 'cmake_force_configure': False, 'cmake_target': None, 'cmake_target_skip_unavailable': False, 'install_base': '/home/mkouda/create_ws/src/install/libcreate', 'merge_install': False, 'path': '/home/mkouda/create_ws/src/libcreate', 'symlink_install': False, 'test_result_base': None}
[1.661s] Level 5:colcon.colcon_core.verb:set package 'create_driver' build argument 'cmake_args' from command line to 'None'
[1.661s] Level 5:colcon.colcon_core.verb:set package 'create_driver' build argument 'cmake_target' from command line to 'None'
[1.662s] Level 5:colcon.colcon_core.verb:set package 'create_driver' build argument 'cmake_target_skip_unavailable' from command line to 'False'
[1.662s] Level 5:colcon.colcon_core.verb:set package 'create_driver' build argument 'cmake_clean_cache' from command line to 'False'
[1.662s] Level 5:colcon.colcon_core.verb:set package 'create_driver' build argument 'cmake_clean_first' from command line to 'False'
[1.662s] Level 5:colcon.colcon_core.verb:set package 'create_driver' build argument 'cmake_force_configure' from command line to 'False'
[1.662s] Level 5:colcon.colcon_core.verb:set package 'create_driver' build argument 'ament_cmake_args' from command line to 'None'
[1.662s] Level 5:colcon.colcon_core.verb:set package 'create_driver' build argument 'catkin_cmake_args' from command line to 'None'
[1.662s] Level 5:colcon.colcon_core.verb:set package 'create_driver' build argument 'catkin_skip_building_tests' from command line to 'False'
[1.662s] DEBUG:colcon.colcon_core.verb:Building package 'create_driver' with the following arguments: {'ament_cmake_args': None, 'build_base': '/home/mkouda/create_ws/src/build/create_driver', 'catkin_cmake_args': None, 'catkin_skip_building_tests': False, 'cmake_args': None, 'cmake_clean_cache': False, 'cmake_clean_first': False, 'cmake_force_configure': False, 'cmake_target': None, 'cmake_target_skip_unavailable': False, 'install_base': '/home/mkouda/create_ws/src/install/create_driver', 'merge_install': False, 'path': '/home/mkouda/create_ws/src/create_robot/create_driver', 'symlink_install': False, 'test_result_base': None}
[1.664s] Level 5:colcon.colcon_core.verb:set package 'create_bringup' build argument 'cmake_args' from command line to 'None'
[1.664s] Level 5:colcon.colcon_core.verb:set package 'create_bringup' build argument 'cmake_target' from command line to 'None'
[1.664s] Level 5:colcon.colcon_core.verb:set package 'create_bringup' build argument 'cmake_target_skip_unavailable' from command line to 'False'
[1.664s] Level 5:colcon.colcon_core.verb:set package 'create_bringup' build argument 'cmake_clean_cache' from command line to 'False'
[1.664s] Level 5:colcon.colcon_core.verb:set package 'create_bringup' build argument 'cmake_clean_first' from command line to 'False'
[1.664s] Level 5:colcon.colcon_core.verb:set package 'create_bringup' build argument 'cmake_force_configure' from command line to 'False'
[1.664s] Level 5:colcon.colcon_core.verb:set package 'create_bringup' build argument 'ament_cmake_args' from command line to 'None'
[1.664s] Level 5:colcon.colcon_core.verb:set package 'create_bringup' build argument 'catkin_cmake_args' from command line to 'None'
[1.665s] Level 5:colcon.colcon_core.verb:set package 'create_bringup' build argument 'catkin_skip_building_tests' from command line to 'False'
[1.665s] DEBUG:colcon.colcon_core.verb:Building package 'create_bringup' with the following arguments: {'ament_cmake_args': None, 'build_base': '/home/mkouda/create_ws/src/build/create_bringup', 'catkin_cmake_args': None, 'catkin_skip_building_tests': False, 'cmake_args': None, 'cmake_clean_cache': False, 'cmake_clean_first': False, 'cmake_force_configure': False, 'cmake_target': None, 'cmake_target_skip_unavailable': False, 'install_base': '/home/mkouda/create_ws/src/install/create_bringup', 'merge_install': False, 'path': '/home/mkouda/create_ws/src/create_robot/create_bringup', 'symlink_install': False, 'test_result_base': None}
[1.666s] Level 5:colcon.colcon_core.verb:set package 'create_robot' build argument 'cmake_args' from command line to 'None'
[1.666s] Level 5:colcon.colcon_core.verb:set package 'create_robot' build argument 'cmake_target' from command line to 'None'
[1.666s] Level 5:colcon.colcon_core.verb:set package 'create_robot' build argument 'cmake_target_skip_unavailable' from command line to 'False'
[1.667s] Level 5:colcon.colcon_core.verb:set package 'create_robot' build argument 'cmake_clean_cache' from command line to 'False'
[1.667s] Level 5:colcon.colcon_core.verb:set package 'create_robot' build argument 'cmake_clean_first' from command line to 'False'
[1.667s] Level 5:colcon.colcon_core.verb:set package 'create_robot' build argument 'cmake_force_configure' from command line to 'False'
[1.667s] Level 5:colcon.colcon_core.verb:set package 'create_robot' build argument 'ament_cmake_args' from command line to 'None'
[1.667s] Level 5:colcon.colcon_core.verb:set package 'create_robot' build argument 'catkin_cmake_args' from command line to 'None'
[1.667s] Level 5:colcon.colcon_core.verb:set package 'create_robot' build argument 'catkin_skip_building_tests' from command line to 'False'
[1.667s] DEBUG:colcon.colcon_core.verb:Building package 'create_robot' with the following arguments: {'ament_cmake_args': None, 'build_base': '/home/mkouda/create_ws/src/build/create_robot', 'catkin_cmake_args': None, 'catkin_skip_building_tests': False, 'cmake_args': None, 'cmake_clean_cache': False, 'cmake_clean_first': False, 'cmake_force_configure': False, 'cmake_target': None, 'cmake_target_skip_unavailable': False, 'install_base': '/home/mkouda/create_ws/src/install/create_robot', 'merge_install': False, 'path': '/home/mkouda/create_ws/src/create_robot/create_robot', 'symlink_install': False, 'test_result_base': None}
[1.668s] INFO:colcon.colcon_core.executor:Executing jobs using 'parallel' executor
[1.671s] DEBUG:colcon.colcon_parallel_executor.executor.parallel:run_until_complete
[1.672s] INFO:colcon.colcon_ros.task.ament_cmake.build:Building ROS package in '/home/mkouda/create_ws/src/create_robot/create_msgs' with build type 'ament_cmake'
[1.673s] INFO:colcon.colcon_cmake.task.cmake.build:Building CMake package in '/home/mkouda/create_ws/src/create_robot/create_msgs'
[1.681s] INFO:colcon.colcon_core.plugin_system:Skipping extension 'colcon_core.shell.bat': Not used on non-Windows systems
[1.683s] INFO:colcon.colcon_core.shell:Skip shell extension 'powershell' for command environment: Not usable outside of PowerShell
[1.683s] DEBUG:colcon.colcon_core.shell:Skip shell extension 'dsv' for command environment
[1.703s] INFO:colcon.colcon_ros.task.cmake.build:Building ROS package in '/home/mkouda/create_ws/src/libcreate' with build type 'cmake'
[1.703s] INFO:colcon.colcon_cmake.task.cmake.build:Building CMake package in '/home/mkouda/create_ws/src/libcreate'
[1.704s] INFO:colcon.colcon_core.shell:Skip shell extension 'powershell' for command environment: Not usable outside of PowerShell
[1.705s] DEBUG:colcon.colcon_core.shell:Skip shell extension 'dsv' for command environment
[1.725s] INFO:colcon.colcon_ros.task.ament_cmake.build:Building ROS package in '/home/mkouda/create_ws/src/create_robot/create_description' with build type 'ament_cmake'
[1.725s] INFO:colcon.colcon_cmake.task.cmake.build:Building CMake package in '/home/mkouda/create_ws/src/create_robot/create_description'
[1.726s] INFO:colcon.colcon_core.shell:Skip shell extension 'powershell' for command environment: Not usable outside of PowerShell
[1.727s] DEBUG:colcon.colcon_core.shell:Skip shell extension 'dsv' for command environment
[1.747s] INFO:colcon.colcon_ros.task.ament_python.build:Building ROS package in '/home/mkouda/create_ws/src/joy_translate' with build type 'ament_python'
[1.747s] Level 1:colcon.colcon_core.shell:create_environment_hook('joy_translate', 'ament_prefix_path')
[1.749s] INFO:colcon.colcon_core.shell:Creating environment hook '/home/mkouda/create_ws/src/install/joy_translate/share/joy_translate/hook/ament_prefix_path.ps1'
[1.752s] INFO:colcon.colcon_core.shell:Creating environment descriptor '/home/mkouda/create_ws/src/install/joy_translate/share/joy_translate/hook/ament_prefix_path.dsv'
[1.754s] INFO:colcon.colcon_core.shell:Creating environment hook '/home/mkouda/create_ws/src/install/joy_translate/share/joy_translate/hook/ament_prefix_path.sh'
[1.757s] INFO:colcon.colcon_core.shell:Skip shell extension 'powershell' for command environment: Not usable outside of PowerShell
[1.758s] DEBUG:colcon.colcon_core.shell:Skip shell extension 'dsv' for command environment
[1.795s] DEBUG:colcon.colcon_core.event_handler.log_command:Invoking command in '/home/mkouda/create_ws/src/build/create_msgs': CMAKE_PREFIX_PATH=${CMAKE_PREFIX_PATH}:/opt/ros/humble /usr/bin/cmake --build /home/mkouda/create_ws/src/build/create_msgs -- -j4 -l4
[1.817s] DEBUG:colcon.colcon_core.event_handler.log_command:Invoking command in '/home/mkouda/create_ws/src/build/libcreate': CMAKE_PREFIX_PATH=${CMAKE_PREFIX_PATH}:/opt/ros/humble /usr/bin/cmake --build /home/mkouda/create_ws/src/build/libcreate -- -j4 -l4
[1.833s] DEBUG:colcon.colcon_core.event_handler.log_command:Invoking command in '/home/mkouda/create_ws/src/build/create_description': CMAKE_PREFIX_PATH=${CMAKE_PREFIX_PATH}:/opt/ros/humble /usr/bin/cmake --build /home/mkouda/create_ws/src/build/create_description -- -j4 -l4
[3.977s] INFO:colcon.colcon_core.task.python.build:Building Python package in '/home/mkouda/create_ws/src/joy_translate'
[3.978s] INFO:colcon.colcon_core.shell:Skip shell extension 'powershell' for command environment: Not usable outside of PowerShell
[3.978s] DEBUG:colcon.colcon_core.shell:Skip shell extension 'dsv' for command environment
[4.004s] DEBUG:colcon.colcon_core.event_handler.log_command:Invoked command in '/home/mkouda/create_ws/src/build/create_description' returned '0': CMAKE_PREFIX_PATH=${CMAKE_PREFIX_PATH}:/opt/ros/humble /usr/bin/cmake --build /home/mkouda/create_ws/src/build/create_description -- -j4 -l4
[4.046s] DEBUG:colcon.colcon_core.event_handler.log_command:Invoking command in '/home/mkouda/create_ws/src/build/create_description': CMAKE_PREFIX_PATH=${CMAKE_PREFIX_PATH}:/opt/ros/humble /usr/bin/cmake --install /home/mkouda/create_ws/src/build/create_description
[4.048s] DEBUG:colcon.colcon_core.event_handler.log_command:Invoked command in '/home/mkouda/create_ws/src/build/libcreate' returned '0': CMAKE_PREFIX_PATH=${CMAKE_PREFIX_PATH}:/opt/ros/humble /usr/bin/cmake --build /home/mkouda/create_ws/src/build/libcreate -- -j4 -l4
[4.057s] DEBUG:colcon.colcon_core.event_handler.log_command:Invoking command in '/home/mkouda/create_ws/src/build/libcreate': CMAKE_PREFIX_PATH=${CMAKE_PREFIX_PATH}:/opt/ros/humble /usr/bin/cmake --install /home/mkouda/create_ws/src/build/libcreate
[4.109s] Level 1:colcon.colcon_core.environment:create_environment_scripts_only(create_description)
[4.125s] Level 1:colcon.colcon_core.environment:checking '/home/mkouda/create_ws/src/install/create_description' for CMake module files
[4.128s] Level 1:colcon.colcon_core.environment:checking '/home/mkouda/create_ws/src/install/create_description' for CMake config files
[4.134s] DEBUG:colcon.colcon_core.event_handler.log_command:Invoked command in '/home/mkouda/create_ws/src/build/create_description' returned '0': CMAKE_PREFIX_PATH=${CMAKE_PREFIX_PATH}:/opt/ros/humble /usr/bin/cmake --install /home/mkouda/create_ws/src/build/create_description
[4.146s] Level 1:colcon.colcon_core.shell:create_environment_hook('create_description', 'cmake_prefix_path')
[4.147s] INFO:colcon.colcon_core.shell:Creating environment hook '/home/mkouda/create_ws/src/install/create_description/share/create_description/hook/cmake_prefix_path.ps1'
[4.149s] INFO:colcon.colcon_core.shell:Creating environment descriptor '/home/mkouda/create_ws/src/install/create_description/share/create_description/hook/cmake_prefix_path.dsv'
[4.152s] INFO:colcon.colcon_core.shell:Creating environment hook '/home/mkouda/create_ws/src/install/create_description/share/create_description/hook/cmake_prefix_path.sh'
[4.156s] Level 1:colcon.colcon_core.environment:checking '/home/mkouda/create_ws/src/install/create_description/bin'
[4.156s] Level 1:colcon.colcon_core.environment:checking '/home/mkouda/create_ws/src/install/create_description/lib/pkgconfig/create_description.pc'
[4.157s] Level 1:colcon.colcon_core.environment:checking '/home/mkouda/create_ws/src/install/create_description/lib/python3.10/site-packages'
[4.159s] Level 1:colcon.colcon_core.environment:checking '/home/mkouda/create_ws/src/install/create_description/bin'
[4.160s] INFO:colcon.colcon_core.shell:Creating package script '/home/mkouda/create_ws/src/install/create_description/share/create_description/package.ps1'
[4.164s] INFO:colcon.colcon_core.shell:Creating package descriptor '/home/mkouda/create_ws/src/install/create_description/share/create_description/package.dsv'
[4.167s] INFO:colcon.colcon_core.shell:Creating package script '/home/mkouda/create_ws/src/install/create_description/share/create_description/package.sh'
[4.171s] INFO:colcon.colcon_core.shell:Creating package script '/home/mkouda/create_ws/src/install/create_description/share/create_description/package.bash'
[4.175s] INFO:colcon.colcon_core.shell:Creating package script '/home/mkouda/create_ws/src/install/create_description/share/create_description/package.zsh'
[4.179s] Level 1:colcon.colcon_core.environment:create_file_with_runtime_dependencies(/home/mkouda/create_ws/src/install/create_description/share/colcon-core/packages/create_description)
[4.183s] Level 1:colcon.colcon_core.environment:create_environment_scripts_only(create_description)
[4.184s] Level 1:colcon.colcon_core.environment:checking '/home/mkouda/create_ws/src/install/create_description' for CMake module files
[4.187s] Level 1:colcon.colcon_core.environment:checking '/home/mkouda/create_ws/src/install/create_description' for CMake config files
[4.190s] Level 1:colcon.colcon_core.shell:create_environment_hook('create_description', 'cmake_prefix_path')
[4.191s] INFO:colcon.colcon_core.shell:Creating environment hook '/home/mkouda/create_ws/src/install/create_description/share/create_description/hook/cmake_prefix_path.ps1'
[4.193s] INFO:colcon.colcon_core.shell:Creating environment descriptor '/home/mkouda/create_ws/src/install/create_description/share/create_description/hook/cmake_prefix_path.dsv'
[4.195s] INFO:colcon.colcon_core.shell:Creating environment hook '/home/mkouda/create_ws/src/install/create_description/share/create_description/hook/cmake_prefix_path.sh'
[4.198s] Level 1:colcon.colcon_core.environment:checking '/home/mkouda/create_ws/src/install/create_description/bin'
[4.199s] Level 1:colcon.colcon_core.environment:checking '/home/mkouda/create_ws/src/install/create_description/lib/pkgconfig/create_description.pc'
[4.200s] Level 1:colcon.colcon_core.environment:checking '/home/mkouda/create_ws/src/install/create_description/lib/python3.10/site-packages'
[4.201s] Level 1:colcon.colcon_core.environment:checking '/home/mkouda/create_ws/src/install/create_description/bin'
[4.203s] INFO:colcon.colcon_core.shell:Creating package script '/home/mkouda/create_ws/src/install/create_description/share/create_description/package.ps1'
[4.205s] INFO:colcon.colcon_core.shell:Creating package descriptor '/home/mkouda/create_ws/src/install/create_description/share/create_description/package.dsv'
[4.208s] INFO:colcon.colcon_core.shell:Creating package script '/home/mkouda/create_ws/src/install/create_description/share/create_description/package.sh'
[4.211s] INFO:colcon.colcon_core.shell:Creating package script '/home/mkouda/create_ws/src/install/create_description/share/create_description/package.bash'
[4.213s] INFO:colcon.colcon_core.shell:Creating package script '/home/mkouda/create_ws/src/install/create_description/share/create_description/package.zsh'
[4.216s] Level 1:colcon.colcon_core.environment:create_file_with_runtime_dependencies(/home/mkouda/create_ws/src/install/create_description/share/colcon-core/packages/create_description)
[4.223s] Level 1:colcon.colcon_core.shell:create_environment_hook('libcreate', 'pkg_config_path')
[4.224s] INFO:colcon.colcon_core.shell:Creating environment hook '/home/mkouda/create_ws/src/install/libcreate/share/libcreate/hook/pkg_config_path.ps1'
[4.227s] DEBUG:colcon.colcon_core.event_handler.log_command:Invoked command in '/home/mkouda/create_ws/src/build/libcreate' returned '0': CMAKE_PREFIX_PATH=${CMAKE_PREFIX_PATH}:/opt/ros/humble /usr/bin/cmake --install /home/mkouda/create_ws/src/build/libcreate
[4.228s] INFO:colcon.colcon_core.shell:Creating environment descriptor '/home/mkouda/create_ws/src/install/libcreate/share/libcreate/hook/pkg_config_path.dsv'
[4.230s] INFO:colcon.colcon_core.shell:Creating environment hook '/home/mkouda/create_ws/src/install/libcreate/share/libcreate/hook/pkg_config_path.sh'
[4.244s] Level 1:colcon.colcon_core.shell:create_environment_hook('libcreate', 'pkg_config_path_multiarch')
[4.245s] INFO:colcon.colcon_core.shell:Creating environment hook '/home/mkouda/create_ws/src/install/libcreate/share/libcreate/hook/pkg_config_path_multiarch.ps1'
[4.247s] INFO:colcon.colcon_core.shell:Creating environment descriptor '/home/mkouda/create_ws/src/install/libcreate/share/libcreate/hook/pkg_config_path_multiarch.dsv'
[4.250s] INFO:colcon.colcon_core.shell:Creating environment hook '/home/mkouda/create_ws/src/install/libcreate/share/libcreate/hook/pkg_config_path_multiarch.sh'
[4.252s] Level 1:colcon.colcon_core.environment:create_environment_scripts_only(libcreate)
[4.253s] Level 1:colcon.colcon_core.environment:checking '/home/mkouda/create_ws/src/install/libcreate' for CMake module files
[4.256s] Level 1:colcon.colcon_core.environment:checking '/home/mkouda/create_ws/src/install/libcreate' for CMake config files
[4.257s] Level 1:colcon.colcon_core.shell:create_environment_hook('libcreate', 'cmake_prefix_path')
[4.258s] INFO:colcon.colcon_core.shell:Creating environment hook '/home/mkouda/create_ws/src/install/libcreate/share/libcreate/hook/cmake_prefix_path.ps1'
[4.261s] INFO:colcon.colcon_core.shell:Creating environment descriptor '/home/mkouda/create_ws/src/install/libcreate/share/libcreate/hook/cmake_prefix_path.dsv'
[4.263s] INFO:colcon.colcon_core.shell:Creating environment hook '/home/mkouda/create_ws/src/install/libcreate/share/libcreate/hook/cmake_prefix_path.sh'
[4.266s] Level 1:colcon.colcon_core.environment:checking '/home/mkouda/create_ws/src/install/libcreate/lib'
[4.267s] Level 1:colcon.colcon_core.shell:create_environment_hook('libcreate', 'ld_library_path_lib')
[4.269s] INFO:colcon.colcon_core.shell:Creating environment hook '/home/mkouda/create_ws/src/install/libcreate/share/libcreate/hook/ld_library_path_lib.ps1'
[4.271s] INFO:colcon.colcon_core.shell:Creating environment descriptor '/home/mkouda/create_ws/src/install/libcreate/share/libcreate/hook/ld_library_path_lib.dsv'
[4.275s] INFO:colcon.colcon_core.shell:Creating environment hook '/home/mkouda/create_ws/src/install/libcreate/share/libcreate/hook/ld_library_path_lib.sh'
[4.278s] Level 1:colcon.colcon_core.environment:checking '/home/mkouda/create_ws/src/install/libcreate/bin'
[4.278s] Level 1:colcon.colcon_core.environment:checking '/home/mkouda/create_ws/src/install/libcreate/lib/pkgconfig/libcreate.pc'
[4.279s] Level 1:colcon.colcon_core.environment:checking '/home/mkouda/create_ws/src/install/libcreate/lib/python3.10/site-packages'
[4.281s] Level 1:colcon.colcon_core.environment:checking '/home/mkouda/create_ws/src/install/libcreate/bin'
[4.283s] INFO:colcon.colcon_core.shell:Creating package script '/home/mkouda/create_ws/src/install/libcreate/share/libcreate/package.ps1'
[4.286s] INFO:colcon.colcon_core.shell:Creating package descriptor '/home/mkouda/create_ws/src/install/libcreate/share/libcreate/package.dsv'
[4.290s] INFO:colcon.colcon_core.shell:Creating package script '/home/mkouda/create_ws/src/install/libcreate/share/libcreate/package.sh'
[4.293s] INFO:colcon.colcon_core.shell:Creating package script '/home/mkouda/create_ws/src/install/libcreate/share/libcreate/package.bash'
[4.296s] INFO:colcon.colcon_core.shell:Creating package script '/home/mkouda/create_ws/src/install/libcreate/share/libcreate/package.zsh'
[4.298s] Level 1:colcon.colcon_core.environment:create_file_with_runtime_dependencies(/home/mkouda/create_ws/src/install/libcreate/share/colcon-core/packages/libcreate)
[4.643s] DEBUG:colcon.colcon_core.event_handler.log_command:Invoked command in '/home/mkouda/create_ws/src/build/create_msgs' returned '0': CMAKE_PREFIX_PATH=${CMAKE_PREFIX_PATH}:/opt/ros/humble /usr/bin/cmake --build /home/mkouda/create_ws/src/build/create_msgs -- -j4 -l4
[4.652s] DEBUG:colcon.colcon_core.event_handler.log_command:Invoking command in '/home/mkouda/create_ws/src/build/create_msgs': CMAKE_PREFIX_PATH=${CMAKE_PREFIX_PATH}:/opt/ros/humble /usr/bin/cmake --install /home/mkouda/create_ws/src/build/create_msgs
[5.000s] Level 1:colcon.colcon_core.environment:create_environment_scripts_only(create_msgs)
[5.001s] Level 1:colcon.colcon_core.environment:checking '/home/mkouda/create_ws/src/install/create_msgs' for CMake module files
[5.003s] DEBUG:colcon.colcon_core.event_handler.log_command:Invoked command in '/home/mkouda/create_ws/src/build/create_msgs' returned '0': CMAKE_PREFIX_PATH=${CMAKE_PREFIX_PATH}:/opt/ros/humble /usr/bin/cmake --install /home/mkouda/create_ws/src/build/create_msgs
[5.006s] Level 1:colcon.colcon_core.environment:checking '/home/mkouda/create_ws/src/install/create_msgs' for CMake config files
[5.013s] Level 1:colcon.colcon_core.shell:create_environment_hook('create_msgs', 'cmake_prefix_path')
[5.014s] INFO:colcon.colcon_core.shell:Creating environment hook '/home/mkouda/create_ws/src/install/create_msgs/share/create_msgs/hook/cmake_prefix_path.ps1'
[5.016s] INFO:colcon.colcon_core.shell:Creating environment descriptor '/home/mkouda/create_ws/src/install/create_msgs/share/create_msgs/hook/cmake_prefix_path.dsv'
[5.018s] INFO:colcon.colcon_core.shell:Creating environment hook '/home/mkouda/create_ws/src/install/create_msgs/share/create_msgs/hook/cmake_prefix_path.sh'
[5.021s] Level 1:colcon.colcon_core.environment:checking '/home/mkouda/create_ws/src/install/create_msgs/lib'
[5.021s] Level 1:colcon.colcon_core.shell:create_environment_hook('create_msgs', 'ld_library_path_lib')
[5.022s] INFO:colcon.colcon_core.shell:Creating environment hook '/home/mkouda/create_ws/src/install/create_msgs/share/create_msgs/hook/ld_library_path_lib.ps1'
[5.025s] INFO:colcon.colcon_core.shell:Creating environment descriptor '/home/mkouda/create_ws/src/install/create_msgs/share/create_msgs/hook/ld_library_path_lib.dsv'
[5.026s] INFO:colcon.colcon_core.shell:Creating environment hook '/home/mkouda/create_ws/src/install/create_msgs/share/create_msgs/hook/ld_library_path_lib.sh'
[5.029s] Level 1:colcon.colcon_core.environment:checking '/home/mkouda/create_ws/src/install/create_msgs/bin'
[5.029s] Level 1:colcon.colcon_core.environment:checking '/home/mkouda/create_ws/src/install/create_msgs/lib/pkgconfig/create_msgs.pc'
[5.030s] Level 1:colcon.colcon_core.environment:checking '/home/mkouda/create_ws/src/install/create_msgs/lib/python3.10/site-packages'
[5.031s] Level 1:colcon.colcon_core.environment:checking '/home/mkouda/create_ws/src/install/create_msgs/bin'
[5.032s] INFO:colcon.colcon_core.shell:Creating package script '/home/mkouda/create_ws/src/install/create_msgs/share/create_msgs/package.ps1'
[5.035s] INFO:colcon.colcon_core.shell:Creating package descriptor '/home/mkouda/create_ws/src/install/create_msgs/share/create_msgs/package.dsv'
[5.037s] INFO:colcon.colcon_core.shell:Creating package script '/home/mkouda/create_ws/src/install/create_msgs/share/create_msgs/package.sh'
[5.040s] INFO:colcon.colcon_core.shell:Creating package script '/home/mkouda/create_ws/src/install/create_msgs/share/create_msgs/package.bash'
[5.042s] INFO:colcon.colcon_core.shell:Creating package script '/home/mkouda/create_ws/src/install/create_msgs/share/create_msgs/package.zsh'
[5.044s] Level 1:colcon.colcon_core.environment:create_file_with_runtime_dependencies(/home/mkouda/create_ws/src/install/create_msgs/share/colcon-core/packages/create_msgs)
[5.047s] Level 1:colcon.colcon_core.environment:create_environment_scripts_only(create_msgs)
[5.048s] Level 1:colcon.colcon_core.environment:checking '/home/mkouda/create_ws/src/install/create_msgs' for CMake module files
[5.052s] Level 1:colcon.colcon_core.environment:checking '/home/mkouda/create_ws/src/install/create_msgs' for CMake config files
[5.059s] Level 1:colcon.colcon_core.shell:create_environment_hook('create_msgs', 'cmake_prefix_path')
[5.060s] INFO:colcon.colcon_core.shell:Creating environment hook '/home/mkouda/create_ws/src/install/create_msgs/share/create_msgs/hook/cmake_prefix_path.ps1'
[5.062s] INFO:colcon.colcon_core.shell:Creating environment descriptor '/home/mkouda/create_ws/src/install/create_msgs/share/create_msgs/hook/cmake_prefix_path.dsv'
[5.063s] INFO:colcon.colcon_core.shell:Creating environment hook '/home/mkouda/create_ws/src/install/create_msgs/share/create_msgs/hook/cmake_prefix_path.sh'
[5.066s] Level 1:colcon.colcon_core.environment:checking '/home/mkouda/create_ws/src/install/create_msgs/lib'
[5.067s] Level 1:colcon.colcon_core.shell:create_environment_hook('create_msgs', 'ld_library_path_lib')
[5.068s] INFO:colcon.colcon_core.shell:Creating environment hook '/home/mkouda/create_ws/src/install/create_msgs/share/create_msgs/hook/ld_library_path_lib.ps1'
[5.070s] INFO:colcon.colcon_core.shell:Creating environment descriptor '/home/mkouda/create_ws/src/install/create_msgs/share/create_msgs/hook/ld_library_path_lib.dsv'
[5.072s] INFO:colcon.colcon_core.shell:Creating environment hook '/home/mkouda/create_ws/src/install/create_msgs/share/create_msgs/hook/ld_library_path_lib.sh'
[5.074s] Level 1:colcon.colcon_core.environment:checking '/home/mkouda/create_ws/src/install/create_msgs/bin'
[5.074s] Level 1:colcon.colcon_core.environment:checking '/home/mkouda/create_ws/src/install/create_msgs/lib/pkgconfig/create_msgs.pc'
[5.075s] Level 1:colcon.colcon_core.environment:checking '/home/mkouda/create_ws/src/install/create_msgs/lib/python3.10/site-packages'
[5.076s] Level 1:colcon.colcon_core.environment:checking '/home/mkouda/create_ws/src/install/create_msgs/bin'
[5.077s] INFO:colcon.colcon_core.shell:Creating package script '/home/mkouda/create_ws/src/install/create_msgs/share/create_msgs/package.ps1'
[5.080s] INFO:colcon.colcon_core.shell:Creating package descriptor '/home/mkouda/create_ws/src/install/create_msgs/share/create_msgs/package.dsv'
[5.082s] INFO:colcon.colcon_core.shell:Creating package script '/home/mkouda/create_ws/src/install/create_msgs/share/create_msgs/package.sh'
[5.085s] INFO:colcon.colcon_core.shell:Creating package script '/home/mkouda/create_ws/src/install/create_msgs/share/create_msgs/package.bash'
[5.088s] INFO:colcon.colcon_core.shell:Creating package script '/home/mkouda/create_ws/src/install/create_msgs/share/create_msgs/package.zsh'
[5.090s] Level 1:colcon.colcon_core.environment:create_file_with_runtime_dependencies(/home/mkouda/create_ws/src/install/create_msgs/share/colcon-core/packages/create_msgs)
[5.092s] INFO:colcon.colcon_ros.task.ament_cmake.build:Building ROS package in '/home/mkouda/create_ws/src/create_robot/create_driver' with build type 'ament_cmake'
[5.092s] INFO:colcon.colcon_cmake.task.cmake.build:Building CMake package in '/home/mkouda/create_ws/src/create_robot/create_driver'
[5.093s] INFO:colcon.colcon_core.shell:Skip shell extension 'powershell' for command environment: Not usable outside of PowerShell
[5.094s] DEBUG:colcon.colcon_core.shell:Skip shell extension 'dsv' for command environment
[5.155s] DEBUG:colcon.colcon_core.event_handler.log_command:Invoking command in '/home/mkouda/create_ws/src/build/create_driver': AMENT_PREFIX_PATH=/home/mkouda/create_ws/src/install/create_msgs:${AMENT_PREFIX_PATH} CMAKE_PREFIX_PATH=/home/mkouda/create_ws/src/install/libcreate:/home/mkouda/create_ws/src/install/create_msgs:/home/mkouda/create_ws/install/create_robot:/home/mkouda/create_ws/install/create_bringup:/home/mkouda/create_ws/install/create_driver:/home/mkouda/create_ws/install/libcreate:/home/mkouda/create_ws/install/create_msgs:/home/mkouda/create_ws/install/create_description:/opt/ros/humble LD_LIBRARY_PATH=/home/mkouda/create_ws/src/install/libcreate/lib:/home/mkouda/create_ws/src/install/create_msgs/lib:${LD_LIBRARY_PATH} PKG_CONFIG_PATH=/home/mkouda/create_ws/src/install/libcreate/lib/aarch64-linux-gnu/pkgconfig:/home/mkouda/create_ws/src/install/libcreate/lib/pkgconfig:${PKG_CONFIG_PATH} PYTHONPATH=/home/mkouda/create_ws/src/install/create_msgs/local/lib/python3.10/dist-packages:${PYTHONPATH} /usr/bin/cmake --build /home/mkouda/create_ws/src/build/create_driver -- -j4 -l4
[5.587s] DEBUG:colcon.colcon_core.event_handler.log_command:Invoked command in '/home/mkouda/create_ws/src/build/create_driver' returned '0': AMENT_PREFIX_PATH=/home/mkouda/create_ws/src/install/create_msgs:${AMENT_PREFIX_PATH} CMAKE_PREFIX_PATH=/home/mkouda/create_ws/src/install/libcreate:/home/mkouda/create_ws/src/install/create_msgs:/home/mkouda/create_ws/install/create_robot:/home/mkouda/create_ws/install/create_bringup:/home/mkouda/create_ws/install/create_driver:/home/mkouda/create_ws/install/libcreate:/home/mkouda/create_ws/install/create_msgs:/home/mkouda/create_ws/install/create_description:/opt/ros/humble LD_LIBRARY_PATH=/home/mkouda/create_ws/src/install/libcreate/lib:/home/mkouda/create_ws/src/install/create_msgs/lib:${LD_LIBRARY_PATH} PKG_CONFIG_PATH=/home/mkouda/create_ws/src/install/libcreate/lib/aarch64-linux-gnu/pkgconfig:/home/mkouda/create_ws/src/install/libcreate/lib/pkgconfig:${PKG_CONFIG_PATH} PYTHONPATH=/home/mkouda/create_ws/src/install/create_msgs/local/lib/python3.10/dist-packages:${PYTHONPATH} /usr/bin/cmake --build /home/mkouda/create_ws/src/build/create_driver -- -j4 -l4
[5.597s] DEBUG:colcon.colcon_core.event_handler.log_command:Invoking command in '/home/mkouda/create_ws/src/build/create_driver': AMENT_PREFIX_PATH=/home/mkouda/create_ws/src/install/create_msgs:${AMENT_PREFIX_PATH} CMAKE_PREFIX_PATH=/home/mkouda/create_ws/src/install/libcreate:/home/mkouda/create_ws/src/install/create_msgs:/home/mkouda/create_ws/install/create_robot:/home/mkouda/create_ws/install/create_bringup:/home/mkouda/create_ws/install/create_driver:/home/mkouda/create_ws/install/libcreate:/home/mkouda/create_ws/install/create_msgs:/home/mkouda/create_ws/install/create_description:/opt/ros/humble LD_LIBRARY_PATH=/home/mkouda/create_ws/src/install/libcreate/lib:/home/mkouda/create_ws/src/install/create_msgs/lib:${LD_LIBRARY_PATH} PKG_CONFIG_PATH=/home/mkouda/create_ws/src/install/libcreate/lib/aarch64-linux-gnu/pkgconfig:/home/mkouda/create_ws/src/install/libcreate/lib/pkgconfig:${PKG_CONFIG_PATH} PYTHONPATH=/home/mkouda/create_ws/src/install/create_msgs/local/lib/python3.10/dist-packages:${PYTHONPATH} /usr/bin/cmake --install /home/mkouda/create_ws/src/build/create_driver
[5.644s] Level 1:colcon.colcon_core.environment:create_environment_scripts_only(create_driver)
[5.646s] Level 1:colcon.colcon_core.environment:checking '/home/mkouda/create_ws/src/install/create_driver' for CMake module files
[5.648s] DEBUG:colcon.colcon_core.event_handler.log_command:Invoked command in '/home/mkouda/create_ws/src/build/create_driver' returned '0': AMENT_PREFIX_PATH=/home/mkouda/create_ws/src/install/create_msgs:${AMENT_PREFIX_PATH} CMAKE_PREFIX_PATH=/home/mkouda/create_ws/src/install/libcreate:/home/mkouda/create_ws/src/install/create_msgs:/home/mkouda/create_ws/install/create_robot:/home/mkouda/create_ws/install/create_bringup:/home/mkouda/create_ws/install/create_driver:/home/mkouda/create_ws/install/libcreate:/home/mkouda/create_ws/install/create_msgs:/home/mkouda/create_ws/install/create_description:/opt/ros/humble LD_LIBRARY_PATH=/home/mkouda/create_ws/src/install/libcreate/lib:/home/mkouda/create_ws/src/install/create_msgs/lib:${LD_LIBRARY_PATH} PKG_CONFIG_PATH=/home/mkouda/create_ws/src/install/libcreate/lib/aarch64-linux-gnu/pkgconfig:/home/mkouda/create_ws/src/install/libcreate/lib/pkgconfig:${PKG_CONFIG_PATH} PYTHONPATH=/home/mkouda/create_ws/src/install/create_msgs/local/lib/python3.10/dist-packages:${PYTHONPATH} /usr/bin/cmake --install /home/mkouda/create_ws/src/build/create_driver
[5.652s] Level 1:colcon.colcon_core.environment:checking '/home/mkouda/create_ws/src/install/create_driver' for CMake config files
[5.654s] Level 1:colcon.colcon_core.shell:create_environment_hook('create_driver', 'cmake_prefix_path')
[5.655s] INFO:colcon.colcon_core.shell:Creating environment hook '/home/mkouda/create_ws/src/install/create_driver/share/create_driver/hook/cmake_prefix_path.ps1'
[5.657s] INFO:colcon.colcon_core.shell:Creating environment descriptor '/home/mkouda/create_ws/src/install/create_driver/share/create_driver/hook/cmake_prefix_path.dsv'
[5.659s] INFO:colcon.colcon_core.shell:Creating environment hook '/home/mkouda/create_ws/src/install/create_driver/share/create_driver/hook/cmake_prefix_path.sh'
[5.662s] Level 1:colcon.colcon_core.environment:checking '/home/mkouda/create_ws/src/install/create_driver/lib'
[5.663s] Level 1:colcon.colcon_core.environment:checking '/home/mkouda/create_ws/src/install/create_driver/bin'
[5.663s] Level 1:colcon.colcon_core.environment:checking '/home/mkouda/create_ws/src/install/create_driver/lib/pkgconfig/create_driver.pc'
[5.664s] Level 1:colcon.colcon_core.environment:checking '/home/mkouda/create_ws/src/install/create_driver/lib/python3.10/site-packages'
[5.665s] Level 1:colcon.colcon_core.environment:checking '/home/mkouda/create_ws/src/install/create_driver/bin'
[5.666s] INFO:colcon.colcon_core.shell:Creating package script '/home/mkouda/create_ws/src/install/create_driver/share/create_driver/package.ps1'
[5.669s] INFO:colcon.colcon_core.shell:Creating package descriptor '/home/mkouda/create_ws/src/install/create_driver/share/create_driver/package.dsv'
[5.671s] INFO:colcon.colcon_core.shell:Creating package script '/home/mkouda/create_ws/src/install/create_driver/share/create_driver/package.sh'
[5.676s] INFO:colcon.colcon_core.shell:Creating package script '/home/mkouda/create_ws/src/install/create_driver/share/create_driver/package.bash'
[5.680s] INFO:colcon.colcon_core.shell:Creating package script '/home/mkouda/create_ws/src/install/create_driver/share/create_driver/package.zsh'
[5.684s] Level 1:colcon.colcon_core.environment:create_file_with_runtime_dependencies(/home/mkouda/create_ws/src/install/create_driver/share/colcon-core/packages/create_driver)
[5.691s] Level 1:colcon.colcon_core.environment:create_environment_scripts_only(create_driver)
[5.692s] Level 1:colcon.colcon_core.environment:checking '/home/mkouda/create_ws/src/install/create_driver' for CMake module files
[5.697s] Level 1:colcon.colcon_core.environment:checking '/home/mkouda/create_ws/src/install/create_driver' for CMake config files
[5.701s] Level 1:colcon.colcon_core.shell:create_environment_hook('create_driver', 'cmake_prefix_path')
[5.702s] INFO:colcon.colcon_core.shell:Creating environment hook '/home/mkouda/create_ws/src/install/create_driver/share/create_driver/hook/cmake_prefix_path.ps1'
[5.706s] INFO:colcon.colcon_core.shell:Creating environment descriptor '/home/mkouda/create_ws/src/install/create_driver/share/create_driver/hook/cmake_prefix_path.dsv'
[5.710s] INFO:colcon.colcon_core.shell:Creating environment hook '/home/mkouda/create_ws/src/install/create_driver/share/create_driver/hook/cmake_prefix_path.sh'
[5.716s] Level 1:colcon.colcon_core.environment:checking '/home/mkouda/create_ws/src/install/create_driver/lib'
[5.717s] Level 1:colcon.colcon_core.environment:checking '/home/mkouda/create_ws/src/install/create_driver/bin'
[5.718s] Level 1:colcon.colcon_core.environment:checking '/home/mkouda/create_ws/src/install/create_driver/lib/pkgconfig/create_driver.pc'
[5.719s] Level 1:colcon.colcon_core.environment:checking '/home/mkouda/create_ws/src/install/create_driver/lib/python3.10/site-packages'
[5.721s] Level 1:colcon.colcon_core.environment:checking '/home/mkouda/create_ws/src/install/create_driver/bin'
[5.723s] INFO:colcon.colcon_core.shell:Creating package script '/home/mkouda/create_ws/src/install/create_driver/share/create_driver/package.ps1'
[5.727s] INFO:colcon.colcon_core.shell:Creating package descriptor '/home/mkouda/create_ws/src/install/create_driver/share/create_driver/package.dsv'
[5.731s] INFO:colcon.colcon_core.shell:Creating package script '/home/mkouda/create_ws/src/install/create_driver/share/create_driver/package.sh'
[5.736s] INFO:colcon.colcon_core.shell:Creating package script '/home/mkouda/create_ws/src/install/create_driver/share/create_driver/package.bash'
[5.740s] INFO:colcon.colcon_core.shell:Creating package script '/home/mkouda/create_ws/src/install/create_driver/share/create_driver/package.zsh'
[5.744s] Level 1:colcon.colcon_core.environment:create_file_with_runtime_dependencies(/home/mkouda/create_ws/src/install/create_driver/share/colcon-core/packages/create_driver)
[5.747s] INFO:colcon.colcon_ros.task.ament_cmake.build:Building ROS package in '/home/mkouda/create_ws/src/create_robot/create_bringup' with build type 'ament_cmake'
[5.748s] INFO:colcon.colcon_cmake.task.cmake.build:Building CMake package in '/home/mkouda/create_ws/src/create_robot/create_bringup'
[5.749s] INFO:colcon.colcon_core.shell:Skip shell extension 'powershell' for command environment: Not usable outside of PowerShell
[5.750s] DEBUG:colcon.colcon_core.shell:Skip shell extension 'dsv' for command environment
[5.828s] DEBUG:colcon.colcon_core.event_handler.log_command:Invoking command in '/home/mkouda/create_ws/src/joy_translate': PYTHONPATH=/home/mkouda/create_ws/src/build/joy_translate/prefix_override:/usr/lib/python3/dist-packages/colcon_core/task/python/colcon_distutils_commands:/home/mkouda/create_ws/src/install/joy_translate/lib/python3.10/site-packages:${PYTHONPATH} /usr/bin/python3 -W ignore:setup.py install is deprecated -W ignore:easy_install command is deprecated setup.py egg_info --egg-base ../build/joy_translate build --build-base /home/mkouda/create_ws/src/build/joy_translate/build install --record /home/mkouda/create_ws/src/build/joy_translate/install.log --single-version-externally-managed install_data
[5.841s] DEBUG:colcon.colcon_core.event_handler.log_command:Invoking command in '/home/mkouda/create_ws/src/build/create_bringup': AMENT_PREFIX_PATH=/home/mkouda/create_ws/src/install/create_driver:/home/mkouda/create_ws/src/install/create_msgs:/home/mkouda/create_ws/src/install/create_description:${AMENT_PREFIX_PATH} CMAKE_PREFIX_PATH=/home/mkouda/create_ws/src/install/create_driver:/home/mkouda/create_ws/src/install/libcreate:/home/mkouda/create_ws/src/install/create_msgs:/home/mkouda/create_ws/src/install/create_description:/home/mkouda/create_ws/install/create_robot:/home/mkouda/create_ws/install/create_bringup:/home/mkouda/create_ws/install/create_driver:/home/mkouda/create_ws/install/libcreate:/home/mkouda/create_ws/install/create_msgs:/home/mkouda/create_ws/install/create_description:/opt/ros/humble LD_LIBRARY_PATH=/home/mkouda/create_ws/src/install/libcreate/lib:/home/mkouda/create_ws/src/install/create_msgs/lib:${LD_LIBRARY_PATH} PKG_CONFIG_PATH=/home/mkouda/create_ws/src/install/libcreate/lib/aarch64-linux-gnu/pkgconfig:/home/mkouda/create_ws/src/install/libcreate/lib/pkgconfig:${PKG_CONFIG_PATH} PYTHONPATH=/home/mkouda/create_ws/src/install/create_msgs/local/lib/python3.10/dist-packages:${PYTHONPATH} /usr/bin/cmake --build /home/mkouda/create_ws/src/build/create_bringup -- -j4 -l4
[6.002s] DEBUG:colcon.colcon_core.event_handler.log_command:Invoked command in '/home/mkouda/create_ws/src/build/create_bringup' returned '0': AMENT_PREFIX_PATH=/home/mkouda/create_ws/src/install/create_driver:/home/mkouda/create_ws/src/install/create_msgs:/home/mkouda/create_ws/src/install/create_description:${AMENT_PREFIX_PATH} CMAKE_PREFIX_PATH=/home/mkouda/create_ws/src/install/create_driver:/home/mkouda/create_ws/src/install/libcreate:/home/mkouda/create_ws/src/install/create_msgs:/home/mkouda/create_ws/src/install/create_description:/home/mkouda/create_ws/install/create_robot:/home/mkouda/create_ws/install/create_bringup:/home/mkouda/create_ws/install/create_driver:/home/mkouda/create_ws/install/libcreate:/home/mkouda/create_ws/install/create_msgs:/home/mkouda/create_ws/install/create_description:/opt/ros/humble LD_LIBRARY_PATH=/home/mkouda/create_ws/src/install/libcreate/lib:/home/mkouda/create_ws/src/install/create_msgs/lib:${LD_LIBRARY_PATH} PKG_CONFIG_PATH=/home/mkouda/create_ws/src/install/libcreate/lib/aarch64-linux-gnu/pkgconfig:/home/mkouda/create_ws/src/install/libcreate/lib/pkgconfig:${PKG_CONFIG_PATH} PYTHONPATH=/home/mkouda/create_ws/src/install/create_msgs/local/lib/python3.10/dist-packages:${PYTHONPATH} /usr/bin/cmake --build /home/mkouda/create_ws/src/build/create_bringup -- -j4 -l4
[6.011s] DEBUG:colcon.colcon_core.event_handler.log_command:Invoking command in '/home/mkouda/create_ws/src/build/create_bringup': AMENT_PREFIX_PATH=/home/mkouda/create_ws/src/install/create_driver:/home/mkouda/create_ws/src/install/create_msgs:/home/mkouda/create_ws/src/install/create_description:${AMENT_PREFIX_PATH} CMAKE_PREFIX_PATH=/home/mkouda/create_ws/src/install/create_driver:/home/mkouda/create_ws/src/install/libcreate:/home/mkouda/create_ws/src/install/create_msgs:/home/mkouda/create_ws/src/install/create_description:/home/mkouda/create_ws/install/create_robot:/home/mkouda/create_ws/install/create_bringup:/home/mkouda/create_ws/install/create_driver:/home/mkouda/create_ws/install/libcreate:/home/mkouda/create_ws/install/create_msgs:/home/mkouda/create_ws/install/create_description:/opt/ros/humble LD_LIBRARY_PATH=/home/mkouda/create_ws/src/install/libcreate/lib:/home/mkouda/create_ws/src/install/create_msgs/lib:${LD_LIBRARY_PATH} PKG_CONFIG_PATH=/home/mkouda/create_ws/src/install/libcreate/lib/aarch64-linux-gnu/pkgconfig:/home/mkouda/create_ws/src/install/libcreate/lib/pkgconfig:${PKG_CONFIG_PATH} PYTHONPATH=/home/mkouda/create_ws/src/install/create_msgs/local/lib/python3.10/dist-packages:${PYTHONPATH} /usr/bin/cmake --install /home/mkouda/create_ws/src/build/create_bringup
[6.058s] Level 1:colcon.colcon_core.environment:create_environment_scripts_only(create_bringup)
[6.059s] Level 1:colcon.colcon_core.environment:checking '/home/mkouda/create_ws/src/install/create_bringup' for CMake module files
[6.061s] DEBUG:colcon.colcon_core.event_handler.log_command:Invoked command in '/home/mkouda/create_ws/src/build/create_bringup' returned '0': AMENT_PREFIX_PATH=/home/mkouda/create_ws/src/install/create_driver:/home/mkouda/create_ws/src/install/create_msgs:/home/mkouda/create_ws/src/install/create_description:${AMENT_PREFIX_PATH} CMAKE_PREFIX_PATH=/home/mkouda/create_ws/src/install/create_driver:/home/mkouda/create_ws/src/install/libcreate:/home/mkouda/create_ws/src/install/create_msgs:/home/mkouda/create_ws/src/install/create_description:/home/mkouda/create_ws/install/create_robot:/home/mkouda/create_ws/install/create_bringup:/home/mkouda/create_ws/install/create_driver:/home/mkouda/create_ws/install/libcreate:/home/mkouda/create_ws/install/create_msgs:/home/mkouda/create_ws/install/create_description:/opt/ros/humble LD_LIBRARY_PATH=/home/mkouda/create_ws/src/install/libcreate/lib:/home/mkouda/create_ws/src/install/create_msgs/lib:${LD_LIBRARY_PATH} PKG_CONFIG_PATH=/home/mkouda/create_ws/src/install/libcreate/lib/aarch64-linux-gnu/pkgconfig:/home/mkouda/create_ws/src/install/libcreate/lib/pkgconfig:${PKG_CONFIG_PATH} PYTHONPATH=/home/mkouda/create_ws/src/install/create_msgs/local/lib/python3.10/dist-packages:${PYTHONPATH} /usr/bin/cmake --install /home/mkouda/create_ws/src/build/create_bringup
[6.063s] Level 1:colcon.colcon_core.environment:checking '/home/mkouda/create_ws/src/install/create_bringup' for CMake config files
[6.066s] Level 1:colcon.colcon_core.shell:create_environment_hook('create_bringup', 'cmake_prefix_path')
[6.067s] INFO:colcon.colcon_core.shell:Creating environment hook '/home/mkouda/create_ws/src/install/create_bringup/share/create_bringup/hook/cmake_prefix_path.ps1'
[6.069s] INFO:colcon.colcon_core.shell:Creating environment descriptor '/home/mkouda/create_ws/src/install/create_bringup/share/create_bringup/hook/cmake_prefix_path.dsv'
[6.071s] INFO:colcon.colcon_core.shell:Creating environment hook '/home/mkouda/create_ws/src/install/create_bringup/share/create_bringup/hook/cmake_prefix_path.sh'
[6.075s] Level 1:colcon.colcon_core.environment:checking '/home/mkouda/create_ws/src/install/create_bringup/bin'
[6.075s] Level 1:colcon.colcon_core.environment:checking '/home/mkouda/create_ws/src/install/create_bringup/lib/pkgconfig/create_bringup.pc'
[6.076s] Level 1:colcon.colcon_core.environment:checking '/home/mkouda/create_ws/src/install/create_bringup/lib/python3.10/site-packages'
[6.077s] Level 1:colcon.colcon_core.environment:checking '/home/mkouda/create_ws/src/install/create_bringup/bin'
[6.079s] INFO:colcon.colcon_core.shell:Creating package script '/home/mkouda/create_ws/src/install/create_bringup/share/create_bringup/package.ps1'
[6.081s] INFO:colcon.colcon_core.shell:Creating package descriptor '/home/mkouda/create_ws/src/install/create_bringup/share/create_bringup/package.dsv'
[6.084s] INFO:colcon.colcon_core.shell:Creating package script '/home/mkouda/create_ws/src/install/create_bringup/share/create_bringup/package.sh'
[6.086s] INFO:colcon.colcon_core.shell:Creating package script '/home/mkouda/create_ws/src/install/create_bringup/share/create_bringup/package.bash'
[6.089s] INFO:colcon.colcon_core.shell:Creating package script '/home/mkouda/create_ws/src/install/create_bringup/share/create_bringup/package.zsh'
[6.092s] Level 1:colcon.colcon_core.environment:create_file_with_runtime_dependencies(/home/mkouda/create_ws/src/install/create_bringup/share/colcon-core/packages/create_bringup)
[6.095s] Level 1:colcon.colcon_core.environment:create_environment_scripts_only(create_bringup)
[6.096s] Level 1:colcon.colcon_core.environment:checking '/home/mkouda/create_ws/src/install/create_bringup' for CMake module files
[6.099s] Level 1:colcon.colcon_core.environment:checking '/home/mkouda/create_ws/src/install/create_bringup' for CMake config files
[6.102s] Level 1:colcon.colcon_core.shell:create_environment_hook('create_bringup', 'cmake_prefix_path')
[6.104s] INFO:colcon.colcon_core.shell:Creating environment hook '/home/mkouda/create_ws/src/install/create_bringup/share/create_bringup/hook/cmake_prefix_path.ps1'
[6.106s] INFO:colcon.colcon_core.shell:Creating environment descriptor '/home/mkouda/create_ws/src/install/create_bringup/share/create_bringup/hook/cmake_prefix_path.dsv'
[6.108s] INFO:colcon.colcon_core.shell:Creating environment hook '/home/mkouda/create_ws/src/install/create_bringup/share/create_bringup/hook/cmake_prefix_path.sh'
[6.112s] Level 1:colcon.colcon_core.environment:checking '/home/mkouda/create_ws/src/install/create_bringup/bin'
[6.112s] Level 1:colcon.colcon_core.environment:checking '/home/mkouda/create_ws/src/install/create_bringup/lib/pkgconfig/create_bringup.pc'
[6.113s] Level 1:colcon.colcon_core.environment:checking '/home/mkouda/create_ws/src/install/create_bringup/lib/python3.10/site-packages'
[6.114s] Level 1:colcon.colcon_core.environment:checking '/home/mkouda/create_ws/src/install/create_bringup/bin'
[6.116s] INFO:colcon.colcon_core.shell:Creating package script '/home/mkouda/create_ws/src/install/create_bringup/share/create_bringup/package.ps1'
[6.119s] INFO:colcon.colcon_core.shell:Creating package descriptor '/home/mkouda/create_ws/src/install/create_bringup/share/create_bringup/package.dsv'
[6.122s] INFO:colcon.colcon_core.shell:Creating package script '/home/mkouda/create_ws/src/install/create_bringup/share/create_bringup/package.sh'
[6.125s] INFO:colcon.colcon_core.shell:Creating package script '/home/mkouda/create_ws/src/install/create_bringup/share/create_bringup/package.bash'
[6.127s] INFO:colcon.colcon_core.shell:Creating package script '/home/mkouda/create_ws/src/install/create_bringup/share/create_bringup/package.zsh'
[6.130s] Level 1:colcon.colcon_core.environment:create_file_with_runtime_dependencies(/home/mkouda/create_ws/src/install/create_bringup/share/colcon-core/packages/create_bringup)
[6.132s] INFO:colcon.colcon_ros.task.ament_cmake.build:Building ROS package in '/home/mkouda/create_ws/src/create_robot/create_robot' with build type 'ament_cmake'
[6.132s] INFO:colcon.colcon_cmake.task.cmake.build:Building CMake package in '/home/mkouda/create_ws/src/create_robot/create_robot'
[6.134s] INFO:colcon.colcon_core.shell:Skip shell extension 'powershell' for command environment: Not usable outside of PowerShell
[6.134s] DEBUG:colcon.colcon_core.shell:Skip shell extension 'dsv' for command environment
[6.204s] DEBUG:colcon.colcon_core.event_handler.log_command:Invoking command in '/home/mkouda/create_ws/src/build/create_robot': AMENT_PREFIX_PATH=/home/mkouda/create_ws/src/install/create_bringup:/home/mkouda/create_ws/src/install/create_driver:/home/mkouda/create_ws/src/install/create_msgs:/home/mkouda/create_ws/src/install/create_description:${AMENT_PREFIX_PATH} CMAKE_PREFIX_PATH=/home/mkouda/create_ws/src/install/create_bringup:/home/mkouda/create_ws/src/install/create_driver:/home/mkouda/create_ws/src/install/libcreate:/home/mkouda/create_ws/src/install/create_msgs:/home/mkouda/create_ws/src/install/create_description:/home/mkouda/create_ws/install/create_robot:/home/mkouda/create_ws/install/create_bringup:/home/mkouda/create_ws/install/create_driver:/home/mkouda/create_ws/install/libcreate:/home/mkouda/create_ws/install/create_msgs:/home/mkouda/create_ws/install/create_description:/opt/ros/humble LD_LIBRARY_PATH=/home/mkouda/create_ws/src/install/libcreate/lib:/home/mkouda/create_ws/src/install/create_msgs/lib:${LD_LIBRARY_PATH} PKG_CONFIG_PATH=/home/mkouda/create_ws/src/install/libcreate/lib/aarch64-linux-gnu/pkgconfig:/home/mkouda/create_ws/src/install/libcreate/lib/pkgconfig:${PKG_CONFIG_PATH} PYTHONPATH=/home/mkouda/create_ws/src/install/create_msgs/local/lib/python3.10/dist-packages:${PYTHONPATH} /usr/bin/cmake --build /home/mkouda/create_ws/src/build/create_robot -- -j4 -l4
[6.364s] DEBUG:colcon.colcon_core.event_handler.log_command:Invoked command in '/home/mkouda/create_ws/src/build/create_robot' returned '0': AMENT_PREFIX_PATH=/home/mkouda/create_ws/src/install/create_bringup:/home/mkouda/create_ws/src/install/create_driver:/home/mkouda/create_ws/src/install/create_msgs:/home/mkouda/create_ws/src/install/create_description:${AMENT_PREFIX_PATH} CMAKE_PREFIX_PATH=/home/mkouda/create_ws/src/install/create_bringup:/home/mkouda/create_ws/src/install/create_driver:/home/mkouda/create_ws/src/install/libcreate:/home/mkouda/create_ws/src/install/create_msgs:/home/mkouda/create_ws/src/install/create_description:/home/mkouda/create_ws/install/create_robot:/home/mkouda/create_ws/install/create_bringup:/home/mkouda/create_ws/install/create_driver:/home/mkouda/create_ws/install/libcreate:/home/mkouda/create_ws/install/create_msgs:/home/mkouda/create_ws/install/create_description:/opt/ros/humble LD_LIBRARY_PATH=/home/mkouda/create_ws/src/install/libcreate/lib:/home/mkouda/create_ws/src/install/create_msgs/lib:${LD_LIBRARY_PATH} PKG_CONFIG_PATH=/home/mkouda/create_ws/src/install/libcreate/lib/aarch64-linux-gnu/pkgconfig:/home/mkouda/create_ws/src/install/libcreate/lib/pkgconfig:${PKG_CONFIG_PATH} PYTHONPATH=/home/mkouda/create_ws/src/install/create_msgs/local/lib/python3.10/dist-packages:${PYTHONPATH} /usr/bin/cmake --build /home/mkouda/create_ws/src/build/create_robot -- -j4 -l4
[6.373s] DEBUG:colcon.colcon_core.event_handler.log_command:Invoking command in '/home/mkouda/create_ws/src/build/create_robot': AMENT_PREFIX_PATH=/home/mkouda/create_ws/src/install/create_bringup:/home/mkouda/create_ws/src/install/create_driver:/home/mkouda/create_ws/src/install/create_msgs:/home/mkouda/create_ws/src/install/create_description:${AMENT_PREFIX_PATH} CMAKE_PREFIX_PATH=/home/mkouda/create_ws/src/install/create_bringup:/home/mkouda/create_ws/src/install/create_driver:/home/mkouda/create_ws/src/install/libcreate:/home/mkouda/create_ws/src/install/create_msgs:/home/mkouda/create_ws/src/install/create_description:/home/mkouda/create_ws/install/create_robot:/home/mkouda/create_ws/install/create_bringup:/home/mkouda/create_ws/install/create_driver:/home/mkouda/create_ws/install/libcreate:/home/mkouda/create_ws/install/create_msgs:/home/mkouda/create_ws/install/create_description:/opt/ros/humble LD_LIBRARY_PATH=/home/mkouda/create_ws/src/install/libcreate/lib:/home/mkouda/create_ws/src/install/create_msgs/lib:${LD_LIBRARY_PATH} PKG_CONFIG_PATH=/home/mkouda/create_ws/src/install/libcreate/lib/aarch64-linux-gnu/pkgconfig:/home/mkouda/create_ws/src/install/libcreate/lib/pkgconfig:${PKG_CONFIG_PATH} PYTHONPATH=/home/mkouda/create_ws/src/install/create_msgs/local/lib/python3.10/dist-packages:${PYTHONPATH} /usr/bin/cmake --install /home/mkouda/create_ws/src/build/create_robot
[6.414s] Level 1:colcon.colcon_core.environment:create_environment_scripts_only(create_robot)
[6.415s] Level 1:colcon.colcon_core.environment:checking '/home/mkouda/create_ws/src/install/create_robot' for CMake module files
[6.416s] DEBUG:colcon.colcon_core.event_handler.log_command:Invoked command in '/home/mkouda/create_ws/src/build/create_robot' returned '0': AMENT_PREFIX_PATH=/home/mkouda/create_ws/src/install/create_bringup:/home/mkouda/create_ws/src/install/create_driver:/home/mkouda/create_ws/src/install/create_msgs:/home/mkouda/create_ws/src/install/create_description:${AMENT_PREFIX_PATH} CMAKE_PREFIX_PATH=/home/mkouda/create_ws/src/install/create_bringup:/home/mkouda/create_ws/src/install/create_driver:/home/mkouda/create_ws/src/install/libcreate:/home/mkouda/create_ws/src/install/create_msgs:/home/mkouda/create_ws/src/install/create_description:/home/mkouda/create_ws/install/create_robot:/home/mkouda/create_ws/install/create_bringup:/home/mkouda/create_ws/install/create_driver:/home/mkouda/create_ws/install/libcreate:/home/mkouda/create_ws/install/create_msgs:/home/mkouda/create_ws/install/create_description:/opt/ros/humble LD_LIBRARY_PATH=/home/mkouda/create_ws/src/install/libcreate/lib:/home/mkouda/create_ws/src/install/create_msgs/lib:${LD_LIBRARY_PATH} PKG_CONFIG_PATH=/home/mkouda/create_ws/src/install/libcreate/lib/aarch64-linux-gnu/pkgconfig:/home/mkouda/create_ws/src/install/libcreate/lib/pkgconfig:${PKG_CONFIG_PATH} PYTHONPATH=/home/mkouda/create_ws/src/install/create_msgs/local/lib/python3.10/dist-packages:${PYTHONPATH} /usr/bin/cmake --install /home/mkouda/create_ws/src/build/create_robot
[6.418s] Level 1:colcon.colcon_core.environment:checking '/home/mkouda/create_ws/src/install/create_robot' for CMake config files
[6.420s] Level 1:colcon.colcon_core.shell:create_environment_hook('create_robot', 'cmake_prefix_path')
[6.421s] INFO:colcon.colcon_core.shell:Creating environment hook '/home/mkouda/create_ws/src/install/create_robot/share/create_robot/hook/cmake_prefix_path.ps1'
[6.423s] INFO:colcon.colcon_core.shell:Creating environment descriptor '/home/mkouda/create_ws/src/install/create_robot/share/create_robot/hook/cmake_prefix_path.dsv'
[6.425s] INFO:colcon.colcon_core.shell:Creating environment hook '/home/mkouda/create_ws/src/install/create_robot/share/create_robot/hook/cmake_prefix_path.sh'
[6.429s] Level 1:colcon.colcon_core.environment:checking '/home/mkouda/create_ws/src/install/create_robot/bin'
[6.429s] Level 1:colcon.colcon_core.environment:checking '/home/mkouda/create_ws/src/install/create_robot/lib/pkgconfig/create_robot.pc'
[6.430s] Level 1:colcon.colcon_core.environment:checking '/home/mkouda/create_ws/src/install/create_robot/lib/python3.10/site-packages'
[6.431s] Level 1:colcon.colcon_core.environment:checking '/home/mkouda/create_ws/src/install/create_robot/bin'
[6.432s] INFO:colcon.colcon_core.shell:Creating package script '/home/mkouda/create_ws/src/install/create_robot/share/create_robot/package.ps1'
[6.434s] INFO:colcon.colcon_core.shell:Creating package descriptor '/home/mkouda/create_ws/src/install/create_robot/share/create_robot/package.dsv'
[6.437s] INFO:colcon.colcon_core.shell:Creating package script '/home/mkouda/create_ws/src/install/create_robot/share/create_robot/package.sh'
[6.440s] INFO:colcon.colcon_core.shell:Creating package script '/home/mkouda/create_ws/src/install/create_robot/share/create_robot/package.bash'
[6.442s] INFO:colcon.colcon_core.shell:Creating package script '/home/mkouda/create_ws/src/install/create_robot/share/create_robot/package.zsh'
[6.444s] Level 1:colcon.colcon_core.environment:create_file_with_runtime_dependencies(/home/mkouda/create_ws/src/install/create_robot/share/colcon-core/packages/create_robot)
[6.447s] Level 1:colcon.colcon_core.environment:create_environment_scripts_only(create_robot)
[6.448s] Level 1:colcon.colcon_core.environment:checking '/home/mkouda/create_ws/src/install/create_robot' for CMake module files
[6.451s] Level 1:colcon.colcon_core.environment:checking '/home/mkouda/create_ws/src/install/create_robot' for CMake config files
[6.453s] Level 1:colcon.colcon_core.shell:create_environment_hook('create_robot', 'cmake_prefix_path')
[6.454s] INFO:colcon.colcon_core.shell:Creating environment hook '/home/mkouda/create_ws/src/install/create_robot/share/create_robot/hook/cmake_prefix_path.ps1'
[6.456s] INFO:colcon.colcon_core.shell:Creating environment descriptor '/home/mkouda/create_ws/src/install/create_robot/share/create_robot/hook/cmake_prefix_path.dsv'
[6.458s] INFO:colcon.colcon_core.shell:Creating environment hook '/home/mkouda/create_ws/src/install/create_robot/share/create_robot/hook/cmake_prefix_path.sh'
[6.461s] Level 1:colcon.colcon_core.environment:checking '/home/mkouda/create_ws/src/install/create_robot/bin'
[6.462s] Level 1:colcon.colcon_core.environment:checking '/home/mkouda/create_ws/src/install/create_robot/lib/pkgconfig/create_robot.pc'
[6.463s] Level 1:colcon.colcon_core.environment:checking '/home/mkouda/create_ws/src/install/create_robot/lib/python3.10/site-packages'
[6.464s] Level 1:colcon.colcon_core.environment:checking '/home/mkouda/create_ws/src/install/create_robot/bin'
[6.465s] INFO:colcon.colcon_core.shell:Creating package script '/home/mkouda/create_ws/src/install/create_robot/share/create_robot/package.ps1'
[6.468s] INFO:colcon.colcon_core.shell:Creating package descriptor '/home/mkouda/create_ws/src/install/create_robot/share/create_robot/package.dsv'
[6.471s] INFO:colcon.colcon_core.shell:Creating package script '/home/mkouda/create_ws/src/install/create_robot/share/create_robot/package.sh'
[6.473s] INFO:colcon.colcon_core.shell:Creating package script '/home/mkouda/create_ws/src/install/create_robot/share/create_robot/package.bash'
[6.475s] INFO:colcon.colcon_core.shell:Creating package script '/home/mkouda/create_ws/src/install/create_robot/share/create_robot/package.zsh'
[6.478s] Level 1:colcon.colcon_core.environment:create_file_with_runtime_dependencies(/home/mkouda/create_ws/src/install/create_robot/share/colcon-core/packages/create_robot)
[7.227s] Level 1:colcon.colcon_core.environment:checking '/home/mkouda/create_ws/src/install/joy_translate' for CMake module files
[7.228s] DEBUG:colcon.colcon_core.event_handler.log_command:Invoked command in '/home/mkouda/create_ws/src/joy_translate' returned '0': PYTHONPATH=/home/mkouda/create_ws/src/build/joy_translate/prefix_override:/usr/lib/python3/dist-packages/colcon_core/task/python/colcon_distutils_commands:/home/mkouda/create_ws/src/install/joy_translate/lib/python3.10/site-packages:${PYTHONPATH} /usr/bin/python3 -W ignore:setup.py install is deprecated -W ignore:easy_install command is deprecated setup.py egg_info --egg-base ../build/joy_translate build --build-base /home/mkouda/create_ws/src/build/joy_translate/build install --record /home/mkouda/create_ws/src/build/joy_translate/install.log --single-version-externally-managed install_data
[7.230s] Level 1:colcon.colcon_core.environment:checking '/home/mkouda/create_ws/src/install/joy_translate' for CMake config files
[7.233s] Level 1:colcon.colcon_core.environment:checking '/home/mkouda/create_ws/src/install/joy_translate/lib'
[7.234s] Level 1:colcon.colcon_core.environment:checking '/home/mkouda/create_ws/src/install/joy_translate/bin'
[7.234s] Level 1:colcon.colcon_core.environment:checking '/home/mkouda/create_ws/src/install/joy_translate/lib/pkgconfig/joy_translate.pc'
[7.235s] Level 1:colcon.colcon_core.environment:checking '/home/mkouda/create_ws/src/install/joy_translate/lib/python3.10/site-packages'
[7.235s] Level 1:colcon.colcon_core.shell:create_environment_hook('joy_translate', 'pythonpath')
[7.236s] INFO:colcon.colcon_core.shell:Creating environment hook '/home/mkouda/create_ws/src/install/joy_translate/share/joy_translate/hook/pythonpath.ps1'
[7.238s] INFO:colcon.colcon_core.shell:Creating environment descriptor '/home/mkouda/create_ws/src/install/joy_translate/share/joy_translate/hook/pythonpath.dsv'
[7.240s] INFO:colcon.colcon_core.shell:Creating environment hook '/home/mkouda/create_ws/src/install/joy_translate/share/joy_translate/hook/pythonpath.sh'
[7.243s] Level 1:colcon.colcon_core.environment:checking '/home/mkouda/create_ws/src/install/joy_translate/bin'
[7.243s] Level 1:colcon.colcon_core.environment:create_environment_scripts_only(joy_translate)
[7.244s] INFO:colcon.colcon_core.shell:Creating package script '/home/mkouda/create_ws/src/install/joy_translate/share/joy_translate/package.ps1'
[7.247s] INFO:colcon.colcon_core.shell:Creating package descriptor '/home/mkouda/create_ws/src/install/joy_translate/share/joy_translate/package.dsv'
[7.249s] INFO:colcon.colcon_core.shell:Creating package script '/home/mkouda/create_ws/src/install/joy_translate/share/joy_translate/package.sh'
[7.251s] INFO:colcon.colcon_core.shell:Creating package script '/home/mkouda/create_ws/src/install/joy_translate/share/joy_translate/package.bash'
[7.253s] INFO:colcon.colcon_core.shell:Creating package script '/home/mkouda/create_ws/src/install/joy_translate/share/joy_translate/package.zsh'
[7.255s] Level 1:colcon.colcon_core.environment:create_file_with_runtime_dependencies(/home/mkouda/create_ws/src/install/joy_translate/share/colcon-core/packages/joy_translate)
[7.256s] DEBUG:colcon.colcon_parallel_executor.executor.parallel:closing loop
[7.258s] DEBUG:colcon.colcon_parallel_executor.executor.parallel:loop closed
[7.258s] DEBUG:colcon.colcon_parallel_executor.executor.parallel:run_until_complete finished with '0'
[7.258s] DEBUG:colcon.colcon_core.event_reactor:joining thread
[7.279s] INFO:colcon.colcon_core.plugin_system:Skipping extension 'colcon_notification.desktop_notification.terminal_notifier': Not used on non-Darwin systems
[7.279s] INFO:colcon.colcon_core.plugin_system:Skipping extension 'colcon_notification.desktop_notification.win32': Not used on non-Windows systems
[7.280s] INFO:colcon.colcon_notification.desktop_notification:Sending desktop notification using 'notify2'
[7.319s] DEBUG:colcon.colcon_core.event_reactor:joined thread
[7.320s] INFO:colcon.colcon_core.shell:Creating prefix script '/home/mkouda/create_ws/src/install/local_setup.ps1'
[7.324s] INFO:colcon.colcon_core.shell:Creating prefix util module '/home/mkouda/create_ws/src/install/_local_setup_util_ps1.py'
[7.331s] INFO:colcon.colcon_core.shell:Creating prefix chain script '/home/mkouda/create_ws/src/install/setup.ps1'
[7.339s] INFO:colcon.colcon_core.shell:Creating prefix script '/home/mkouda/create_ws/src/install/local_setup.sh'
[7.341s] INFO:colcon.colcon_core.shell:Creating prefix util module '/home/mkouda/create_ws/src/install/_local_setup_util_sh.py'
[7.344s] INFO:colcon.colcon_core.shell:Creating prefix chain script '/home/mkouda/create_ws/src/install/setup.sh'
[7.350s] INFO:colcon.colcon_core.shell:Creating prefix script '/home/mkouda/create_ws/src/install/local_setup.bash'
[7.353s] INFO:colcon.colcon_core.shell:Creating prefix chain script '/home/mkouda/create_ws/src/install/setup.bash'
[7.358s] INFO:colcon.colcon_core.shell:Creating prefix script '/home/mkouda/create_ws/src/install/local_setup.zsh'
[7.360s] INFO:colcon.colcon_core.shell:Creating prefix chain script '/home/mkouda/create_ws/src/install/setup.zsh'
