[0.121s] Invoking command in '/home/mkouda/create_ws/src/build/create_msgs': CMAKE_PREFIX_PATH=${CMAKE_PREFIX_PATH}:/opt/ros/humble /usr/bin/cmake --build /home/mkouda/create_ws/src/build/create_msgs -- -j4 -l4
[0.396s] [35m[1mConsolidate compiler generated dependencies of target create_msgs__rosidl_generator_c[0m
[0.476s] [  1%] Built target create_msgs__cpp
[0.495s] [ 12%] Built target create_msgs__rosidl_generator_c
[0.570s] [35m[1mConsolidate compiler generated dependencies of target create_msgs__rosidl_typesupport_fastrtps_cpp[0m
[0.582s] [35m[1mConsolidate compiler generated dependencies of target create_msgs__rosidl_typesupport_introspection_cpp[0m
[0.587s] [ 12%] Built target ament_cmake_python_copy_create_msgs
[0.603s] [35m[1mConsolidate compiler generated dependencies of target create_msgs__rosidl_typesupport_cpp[0m
[0.714s] [35m[1mConsolidate compiler generated dependencies of target create_msgs__rosidl_typesupport_fastrtps_c[0m
[0.729s] [ 24%] Built target create_msgs__rosidl_typesupport_introspection_cpp
[0.779s] [ 35%] Built target create_msgs__rosidl_typesupport_fastrtps_cpp
[0.803s] [ 46%] Built target create_msgs__rosidl_typesupport_cpp
[0.874s] [35m[1mConsolidate compiler generated dependencies of target create_msgs__rosidl_typesupport_c[0m
[0.881s] [35m[1mConsolidate compiler generated dependencies of target create_msgs__rosidl_typesupport_introspection_c[0m
[0.921s] [ 58%] Built target create_msgs__rosidl_typesupport_fastrtps_c
[1.014s] [ 69%] Built target create_msgs__rosidl_typesupport_introspection_c
[1.056s] [ 81%] Built target create_msgs__rosidl_typesupport_c
[1.325s] [ 81%] Built target create_msgs
[1.554s] [ 82%] Built target create_msgs__py
[1.632s] [35m[1mConsolidate compiler generated dependencies of target create_msgs__rosidl_generator_py[0m
[1.754s] [ 92%] Built target create_msgs__rosidl_generator_py
[1.833s] [35m[1mConsolidate compiler generated dependencies of target create_msgs__rosidl_typesupport_fastrtps_c__pyext[0m
[1.880s] [35m[1mConsolidate compiler generated dependencies of target create_msgs__rosidl_typesupport_introspection_c__pyext[0m
[1.900s] [35m[1mConsolidate compiler generated dependencies of target create_msgs__rosidl_typesupport_c__pyext[0m
[1.926s] [ 94%] Built target create_msgs__rosidl_typesupport_fastrtps_c__pyext
[2.020s] [ 97%] Built target create_msgs__rosidl_typesupport_introspection_c__pyext
[2.050s] [100%] Built target create_msgs__rosidl_typesupport_c__pyext
[2.762s] running egg_info
[2.765s] writing create_msgs.egg-info/PKG-INFO
[2.766s] writing dependency_links to create_msgs.egg-info/dependency_links.txt
[2.767s] writing top-level names to create_msgs.egg-info/top_level.txt
[2.779s] reading manifest file 'create_msgs.egg-info/SOURCES.txt'
[2.783s] writing manifest file 'create_msgs.egg-info/SOURCES.txt'
[2.921s] [100%] Built target ament_cmake_python_build_create_msgs_egg
[2.969s] Invoked command in '/home/mkouda/create_ws/src/build/create_msgs' returned '0': CMAKE_PREFIX_PATH=${CMAKE_PREFIX_PATH}:/opt/ros/humble /usr/bin/cmake --build /home/mkouda/create_ws/src/build/create_msgs -- -j4 -l4
[2.979s] Invoking command in '/home/mkouda/create_ws/src/build/create_msgs': CMAKE_PREFIX_PATH=${CMAKE_PREFIX_PATH}:/opt/ros/humble /usr/bin/cmake --install /home/mkouda/create_ws/src/build/create_msgs
[3.011s] -- Install configuration: ""
[3.011s] -- Up-to-date: /home/mkouda/create_ws/src/install/create_msgs/share/ament_index/resource_index/rosidl_interfaces/create_msgs
[3.012s] -- Up-to-date: /home/mkouda/create_ws/src/install/create_msgs/include/create_msgs/create_msgs
[3.012s] -- Up-to-date: /home/mkouda/create_ws/src/install/create_msgs/include/create_msgs/create_msgs/msg
[3.013s] -- Up-to-date: /home/mkouda/create_ws/src/install/create_msgs/include/create_msgs/create_msgs/msg/cliff.h
[3.014s] -- Up-to-date: /home/mkouda/create_ws/src/install/create_msgs/include/create_msgs/create_msgs/msg/motor_setpoint.h
[3.014s] -- Up-to-date: /home/mkouda/create_ws/src/install/create_msgs/include/create_msgs/create_msgs/msg/define_song.h
[3.015s] -- Up-to-date: /home/mkouda/create_ws/src/install/create_msgs/include/create_msgs/create_msgs/msg/rosidl_generator_c__visibility_control.h
[3.015s] -- Up-to-date: /home/mkouda/create_ws/src/install/create_msgs/include/create_msgs/create_msgs/msg/play_song.h
[3.016s] -- Up-to-date: /home/mkouda/create_ws/src/install/create_msgs/include/create_msgs/create_msgs/msg/detail
[3.016s] -- Up-to-date: /home/mkouda/create_ws/src/install/create_msgs/include/create_msgs/create_msgs/msg/detail/define_song__functions.c
[3.017s] -- Up-to-date: /home/mkouda/create_ws/src/install/create_msgs/include/create_msgs/create_msgs/msg/detail/define_song__functions.h
[3.017s] -- Up-to-date: /home/mkouda/create_ws/src/install/create_msgs/include/create_msgs/create_msgs/msg/detail/motor_setpoint__functions.c
[3.018s] -- Up-to-date: /home/mkouda/create_ws/src/install/create_msgs/include/create_msgs/create_msgs/msg/detail/bumper__type_support.h
[3.018s] -- Up-to-date: /home/mkouda/create_ws/src/install/create_msgs/include/create_msgs/create_msgs/msg/detail/charging_state__functions.c
[3.019s] -- Up-to-date: /home/mkouda/create_ws/src/install/create_msgs/include/create_msgs/create_msgs/msg/detail/motor_setpoint__type_support.h
[3.019s] -- Up-to-date: /home/mkouda/create_ws/src/install/create_msgs/include/create_msgs/create_msgs/msg/detail/bumper__functions.h
[3.020s] -- Up-to-date: /home/mkouda/create_ws/src/install/create_msgs/include/create_msgs/create_msgs/msg/detail/mode__functions.h
[3.021s] -- Up-to-date: /home/mkouda/create_ws/src/install/create_msgs/include/create_msgs/create_msgs/msg/detail/mode__type_support.h
[3.022s] -- Up-to-date: /home/mkouda/create_ws/src/install/create_msgs/include/create_msgs/create_msgs/msg/detail/play_song__functions.h
[3.022s] -- Up-to-date: /home/mkouda/create_ws/src/install/create_msgs/include/create_msgs/create_msgs/msg/detail/charging_state__type_support.h
[3.023s] -- Up-to-date: /home/mkouda/create_ws/src/install/create_msgs/include/create_msgs/create_msgs/msg/detail/play_song__functions.c
[3.023s] -- Up-to-date: /home/mkouda/create_ws/src/install/create_msgs/include/create_msgs/create_msgs/msg/detail/mode__functions.c
[3.024s] -- Up-to-date: /home/mkouda/create_ws/src/install/create_msgs/include/create_msgs/create_msgs/msg/detail/mode__struct.h
[3.024s] -- Up-to-date: /home/mkouda/create_ws/src/install/create_msgs/include/create_msgs/create_msgs/msg/detail/cliff__struct.h
[3.024s] -- Up-to-date: /home/mkouda/create_ws/src/install/create_msgs/include/create_msgs/create_msgs/msg/detail/define_song__type_support.h
[3.025s] -- Up-to-date: /home/mkouda/create_ws/src/install/create_msgs/include/create_msgs/create_msgs/msg/detail/charging_state__struct.h
[3.026s] -- Up-to-date: /home/mkouda/create_ws/src/install/create_msgs/include/create_msgs/create_msgs/msg/detail/motor_setpoint__functions.h
[3.026s] -- Up-to-date: /home/mkouda/create_ws/src/install/create_msgs/include/create_msgs/create_msgs/msg/detail/cliff__functions.h
[3.027s] -- Up-to-date: /home/mkouda/create_ws/src/install/create_msgs/include/create_msgs/create_msgs/msg/detail/play_song__struct.h
[3.027s] -- Up-to-date: /home/mkouda/create_ws/src/install/create_msgs/include/create_msgs/create_msgs/msg/detail/play_song__type_support.h
[3.028s] -- Up-to-date: /home/mkouda/create_ws/src/install/create_msgs/include/create_msgs/create_msgs/msg/detail/charging_state__functions.h
[3.028s] -- Up-to-date: /home/mkouda/create_ws/src/install/create_msgs/include/create_msgs/create_msgs/msg/detail/define_song__struct.h
[3.029s] -- Up-to-date: /home/mkouda/create_ws/src/install/create_msgs/include/create_msgs/create_msgs/msg/detail/motor_setpoint__struct.h
[3.029s] -- Up-to-date: /home/mkouda/create_ws/src/install/create_msgs/include/create_msgs/create_msgs/msg/detail/cliff__functions.c
[3.030s] -- Up-to-date: /home/mkouda/create_ws/src/install/create_msgs/include/create_msgs/create_msgs/msg/detail/bumper__struct.h
[3.030s] -- Up-to-date: /home/mkouda/create_ws/src/install/create_msgs/include/create_msgs/create_msgs/msg/detail/bumper__functions.c
[3.031s] -- Up-to-date: /home/mkouda/create_ws/src/install/create_msgs/include/create_msgs/create_msgs/msg/detail/cliff__type_support.h
[3.031s] -- Up-to-date: /home/mkouda/create_ws/src/install/create_msgs/include/create_msgs/create_msgs/msg/mode.h
[3.031s] -- Up-to-date: /home/mkouda/create_ws/src/install/create_msgs/include/create_msgs/create_msgs/msg/bumper.h
[3.032s] -- Up-to-date: /home/mkouda/create_ws/src/install/create_msgs/include/create_msgs/create_msgs/msg/charging_state.h
[3.032s] -- Up-to-date: /home/mkouda/create_ws/src/install/create_msgs/share/create_msgs/environment/library_path.sh
[3.032s] -- Up-to-date: /home/mkouda/create_ws/src/install/create_msgs/share/create_msgs/environment/library_path.dsv
[3.033s] -- Up-to-date: /home/mkouda/create_ws/src/install/create_msgs/lib/libcreate_msgs__rosidl_generator_c.so
[3.033s] -- Up-to-date: /home/mkouda/create_ws/src/install/create_msgs/include/create_msgs/create_msgs
[3.034s] -- Up-to-date: /home/mkouda/create_ws/src/install/create_msgs/include/create_msgs/create_msgs/msg
[3.034s] -- Up-to-date: /home/mkouda/create_ws/src/install/create_msgs/include/create_msgs/create_msgs/msg/detail
[3.034s] -- Up-to-date: /home/mkouda/create_ws/src/install/create_msgs/include/create_msgs/create_msgs/msg/detail/define_song__rosidl_typesupport_fastrtps_c.h
[3.035s] -- Up-to-date: /home/mkouda/create_ws/src/install/create_msgs/include/create_msgs/create_msgs/msg/detail/motor_setpoint__rosidl_typesupport_fastrtps_c.h
[3.035s] -- Up-to-date: /home/mkouda/create_ws/src/install/create_msgs/include/create_msgs/create_msgs/msg/detail/cliff__rosidl_typesupport_fastrtps_c.h
[3.036s] -- Up-to-date: /home/mkouda/create_ws/src/install/create_msgs/include/create_msgs/create_msgs/msg/detail/charging_state__rosidl_typesupport_fastrtps_c.h
[3.036s] -- Up-to-date: /home/mkouda/create_ws/src/install/create_msgs/include/create_msgs/create_msgs/msg/detail/bumper__rosidl_typesupport_fastrtps_c.h
[3.037s] -- Up-to-date: /home/mkouda/create_ws/src/install/create_msgs/include/create_msgs/create_msgs/msg/detail/mode__rosidl_typesupport_fastrtps_c.h
[3.037s] -- Up-to-date: /home/mkouda/create_ws/src/install/create_msgs/include/create_msgs/create_msgs/msg/detail/play_song__rosidl_typesupport_fastrtps_c.h
[3.037s] -- Up-to-date: /home/mkouda/create_ws/src/install/create_msgs/include/create_msgs/create_msgs/msg/rosidl_typesupport_fastrtps_c__visibility_control.h
[3.038s] -- Up-to-date: /home/mkouda/create_ws/src/install/create_msgs/lib/libcreate_msgs__rosidl_typesupport_fastrtps_c.so
[3.038s] -- Up-to-date: /home/mkouda/create_ws/src/install/create_msgs/include/create_msgs/create_msgs
[3.038s] -- Up-to-date: /home/mkouda/create_ws/src/install/create_msgs/include/create_msgs/create_msgs/msg
[3.039s] -- Up-to-date: /home/mkouda/create_ws/src/install/create_msgs/include/create_msgs/create_msgs/msg/detail
[3.039s] -- Up-to-date: /home/mkouda/create_ws/src/install/create_msgs/include/create_msgs/create_msgs/msg/detail/cliff__rosidl_typesupport_introspection_c.h
[3.039s] -- Up-to-date: /home/mkouda/create_ws/src/install/create_msgs/include/create_msgs/create_msgs/msg/detail/define_song__type_support.c
[3.040s] -- Up-to-date: /home/mkouda/create_ws/src/install/create_msgs/include/create_msgs/create_msgs/msg/detail/play_song__rosidl_typesupport_introspection_c.h
[3.040s] -- Up-to-date: /home/mkouda/create_ws/src/install/create_msgs/include/create_msgs/create_msgs/msg/detail/bumper__type_support.c
[3.040s] -- Up-to-date: /home/mkouda/create_ws/src/install/create_msgs/include/create_msgs/create_msgs/msg/detail/charging_state__type_support.c
[3.041s] -- Up-to-date: /home/mkouda/create_ws/src/install/create_msgs/include/create_msgs/create_msgs/msg/detail/charging_state__rosidl_typesupport_introspection_c.h
[3.041s] -- Up-to-date: /home/mkouda/create_ws/src/install/create_msgs/include/create_msgs/create_msgs/msg/detail/bumper__rosidl_typesupport_introspection_c.h
[3.041s] -- Up-to-date: /home/mkouda/create_ws/src/install/create_msgs/include/create_msgs/create_msgs/msg/detail/motor_setpoint__type_support.c
[3.042s] -- Up-to-date: /home/mkouda/create_ws/src/install/create_msgs/include/create_msgs/create_msgs/msg/detail/play_song__type_support.c
[3.042s] -- Up-to-date: /home/mkouda/create_ws/src/install/create_msgs/include/create_msgs/create_msgs/msg/detail/define_song__rosidl_typesupport_introspection_c.h
[3.043s] -- Up-to-date: /home/mkouda/create_ws/src/install/create_msgs/include/create_msgs/create_msgs/msg/detail/cliff__type_support.c
[3.043s] -- Up-to-date: /home/mkouda/create_ws/src/install/create_msgs/include/create_msgs/create_msgs/msg/detail/mode__rosidl_typesupport_introspection_c.h
[3.044s] -- Up-to-date: /home/mkouda/create_ws/src/install/create_msgs/include/create_msgs/create_msgs/msg/detail/motor_setpoint__rosidl_typesupport_introspection_c.h
[3.044s] -- Up-to-date: /home/mkouda/create_ws/src/install/create_msgs/include/create_msgs/create_msgs/msg/detail/mode__type_support.c
[3.045s] -- Up-to-date: /home/mkouda/create_ws/src/install/create_msgs/include/create_msgs/create_msgs/msg/rosidl_typesupport_introspection_c__visibility_control.h
[3.045s] -- Up-to-date: /home/mkouda/create_ws/src/install/create_msgs/lib/libcreate_msgs__rosidl_typesupport_introspection_c.so
[3.046s] -- Up-to-date: /home/mkouda/create_ws/src/install/create_msgs/lib/libcreate_msgs__rosidl_typesupport_c.so
[3.046s] -- Up-to-date: /home/mkouda/create_ws/src/install/create_msgs/include/create_msgs/create_msgs
[3.047s] -- Up-to-date: /home/mkouda/create_ws/src/install/create_msgs/include/create_msgs/create_msgs/msg
[3.047s] -- Up-to-date: /home/mkouda/create_ws/src/install/create_msgs/include/create_msgs/create_msgs/msg/rosidl_generator_cpp__visibility_control.hpp
[3.047s] -- Up-to-date: /home/mkouda/create_ws/src/install/create_msgs/include/create_msgs/create_msgs/msg/mode.hpp
[3.048s] -- Up-to-date: /home/mkouda/create_ws/src/install/create_msgs/include/create_msgs/create_msgs/msg/motor_setpoint.hpp
[3.048s] -- Up-to-date: /home/mkouda/create_ws/src/install/create_msgs/include/create_msgs/create_msgs/msg/bumper.hpp
[3.049s] -- Up-to-date: /home/mkouda/create_ws/src/install/create_msgs/include/create_msgs/create_msgs/msg/charging_state.hpp
[3.049s] -- Up-to-date: /home/mkouda/create_ws/src/install/create_msgs/include/create_msgs/create_msgs/msg/define_song.hpp
[3.050s] -- Up-to-date: /home/mkouda/create_ws/src/install/create_msgs/include/create_msgs/create_msgs/msg/detail
[3.050s] -- Up-to-date: /home/mkouda/create_ws/src/install/create_msgs/include/create_msgs/create_msgs/msg/detail/charging_state__struct.hpp
[3.051s] -- Up-to-date: /home/mkouda/create_ws/src/install/create_msgs/include/create_msgs/create_msgs/msg/detail/play_song__builder.hpp
[3.051s] -- Up-to-date: /home/mkouda/create_ws/src/install/create_msgs/include/create_msgs/create_msgs/msg/detail/charging_state__type_support.hpp
[3.052s] -- Up-to-date: /home/mkouda/create_ws/src/install/create_msgs/include/create_msgs/create_msgs/msg/detail/motor_setpoint__type_support.hpp
[3.052s] -- Up-to-date: /home/mkouda/create_ws/src/install/create_msgs/include/create_msgs/create_msgs/msg/detail/bumper__builder.hpp
[3.053s] -- Up-to-date: /home/mkouda/create_ws/src/install/create_msgs/include/create_msgs/create_msgs/msg/detail/play_song__type_support.hpp
[3.053s] -- Up-to-date: /home/mkouda/create_ws/src/install/create_msgs/include/create_msgs/create_msgs/msg/detail/cliff__struct.hpp
[3.054s] -- Up-to-date: /home/mkouda/create_ws/src/install/create_msgs/include/create_msgs/create_msgs/msg/detail/charging_state__builder.hpp
[3.054s] -- Up-to-date: /home/mkouda/create_ws/src/install/create_msgs/include/create_msgs/create_msgs/msg/detail/bumper__traits.hpp
[3.055s] -- Up-to-date: /home/mkouda/create_ws/src/install/create_msgs/include/create_msgs/create_msgs/msg/detail/cliff__type_support.hpp
[3.055s] -- Up-to-date: /home/mkouda/create_ws/src/install/create_msgs/include/create_msgs/create_msgs/msg/detail/play_song__struct.hpp
[3.055s] -- Up-to-date: /home/mkouda/create_ws/src/install/create_msgs/include/create_msgs/create_msgs/msg/detail/define_song__builder.hpp
[3.056s] -- Up-to-date: /home/mkouda/create_ws/src/install/create_msgs/include/create_msgs/create_msgs/msg/detail/motor_setpoint__traits.hpp
[3.056s] -- Up-to-date: /home/mkouda/create_ws/src/install/create_msgs/include/create_msgs/create_msgs/msg/detail/cliff__builder.hpp
[3.057s] -- Up-to-date: /home/mkouda/create_ws/src/install/create_msgs/include/create_msgs/create_msgs/msg/detail/mode__struct.hpp
[3.057s] -- Up-to-date: /home/mkouda/create_ws/src/install/create_msgs/include/create_msgs/create_msgs/msg/detail/define_song__struct.hpp
[3.058s] -- Up-to-date: /home/mkouda/create_ws/src/install/create_msgs/include/create_msgs/create_msgs/msg/detail/bumper__type_support.hpp
[3.058s] -- Up-to-date: /home/mkouda/create_ws/src/install/create_msgs/include/create_msgs/create_msgs/msg/detail/motor_setpoint__struct.hpp
[3.059s] -- Up-to-date: /home/mkouda/create_ws/src/install/create_msgs/include/create_msgs/create_msgs/msg/detail/define_song__type_support.hpp
[3.059s] -- Up-to-date: /home/mkouda/create_ws/src/install/create_msgs/include/create_msgs/create_msgs/msg/detail/mode__type_support.hpp
[3.059s] -- Up-to-date: /home/mkouda/create_ws/src/install/create_msgs/include/create_msgs/create_msgs/msg/detail/mode__builder.hpp
[3.060s] -- Up-to-date: /home/mkouda/create_ws/src/install/create_msgs/include/create_msgs/create_msgs/msg/detail/define_song__traits.hpp
[3.061s] -- Up-to-date: /home/mkouda/create_ws/src/install/create_msgs/include/create_msgs/create_msgs/msg/detail/charging_state__traits.hpp
[3.062s] -- Up-to-date: /home/mkouda/create_ws/src/install/create_msgs/include/create_msgs/create_msgs/msg/detail/cliff__traits.hpp
[3.063s] -- Up-to-date: /home/mkouda/create_ws/src/install/create_msgs/include/create_msgs/create_msgs/msg/detail/mode__traits.hpp
[3.063s] -- Up-to-date: /home/mkouda/create_ws/src/install/create_msgs/include/create_msgs/create_msgs/msg/detail/bumper__struct.hpp
[3.064s] -- Up-to-date: /home/mkouda/create_ws/src/install/create_msgs/include/create_msgs/create_msgs/msg/detail/play_song__traits.hpp
[3.064s] -- Up-to-date: /home/mkouda/create_ws/src/install/create_msgs/include/create_msgs/create_msgs/msg/detail/motor_setpoint__builder.hpp
[3.065s] -- Up-to-date: /home/mkouda/create_ws/src/install/create_msgs/include/create_msgs/create_msgs/msg/cliff.hpp
[3.065s] -- Up-to-date: /home/mkouda/create_ws/src/install/create_msgs/include/create_msgs/create_msgs/msg/play_song.hpp
[3.066s] -- Up-to-date: /home/mkouda/create_ws/src/install/create_msgs/include/create_msgs/create_msgs
[3.066s] -- Up-to-date: /home/mkouda/create_ws/src/install/create_msgs/include/create_msgs/create_msgs/msg
[3.067s] -- Up-to-date: /home/mkouda/create_ws/src/install/create_msgs/include/create_msgs/create_msgs/msg/rosidl_typesupport_fastrtps_cpp__visibility_control.h
[3.067s] -- Up-to-date: /home/mkouda/create_ws/src/install/create_msgs/include/create_msgs/create_msgs/msg/detail
[3.067s] -- Up-to-date: /home/mkouda/create_ws/src/install/create_msgs/include/create_msgs/create_msgs/msg/detail/mode__rosidl_typesupport_fastrtps_cpp.hpp
[3.068s] -- Up-to-date: /home/mkouda/create_ws/src/install/create_msgs/include/create_msgs/create_msgs/msg/detail/play_song__rosidl_typesupport_fastrtps_cpp.hpp
[3.068s] -- Up-to-date: /home/mkouda/create_ws/src/install/create_msgs/include/create_msgs/create_msgs/msg/detail/charging_state__rosidl_typesupport_fastrtps_cpp.hpp
[3.069s] -- Up-to-date: /home/mkouda/create_ws/src/install/create_msgs/include/create_msgs/create_msgs/msg/detail/cliff__rosidl_typesupport_fastrtps_cpp.hpp
[3.069s] -- Up-to-date: /home/mkouda/create_ws/src/install/create_msgs/include/create_msgs/create_msgs/msg/detail/bumper__rosidl_typesupport_fastrtps_cpp.hpp
[3.069s] -- Up-to-date: /home/mkouda/create_ws/src/install/create_msgs/include/create_msgs/create_msgs/msg/detail/dds_fastrtps
[3.070s] -- Up-to-date: /home/mkouda/create_ws/src/install/create_msgs/include/create_msgs/create_msgs/msg/detail/define_song__rosidl_typesupport_fastrtps_cpp.hpp
[3.070s] -- Up-to-date: /home/mkouda/create_ws/src/install/create_msgs/include/create_msgs/create_msgs/msg/detail/motor_setpoint__rosidl_typesupport_fastrtps_cpp.hpp
[3.070s] -- Up-to-date: /home/mkouda/create_ws/src/install/create_msgs/lib/libcreate_msgs__rosidl_typesupport_fastrtps_cpp.so
[3.071s] -- Up-to-date: /home/mkouda/create_ws/src/install/create_msgs/include/create_msgs/create_msgs
[3.071s] -- Up-to-date: /home/mkouda/create_ws/src/install/create_msgs/include/create_msgs/create_msgs/msg
[3.072s] -- Up-to-date: /home/mkouda/create_ws/src/install/create_msgs/include/create_msgs/create_msgs/msg/detail
[3.072s] -- Up-to-date: /home/mkouda/create_ws/src/install/create_msgs/include/create_msgs/create_msgs/msg/detail/bumper__type_support.cpp
[3.073s] -- Up-to-date: /home/mkouda/create_ws/src/install/create_msgs/include/create_msgs/create_msgs/msg/detail/cliff__type_support.cpp
[3.074s] -- Up-to-date: /home/mkouda/create_ws/src/install/create_msgs/include/create_msgs/create_msgs/msg/detail/charging_state__type_support.cpp
[3.074s] -- Up-to-date: /home/mkouda/create_ws/src/install/create_msgs/include/create_msgs/create_msgs/msg/detail/bumper__rosidl_typesupport_introspection_cpp.hpp
[3.074s] -- Up-to-date: /home/mkouda/create_ws/src/install/create_msgs/include/create_msgs/create_msgs/msg/detail/mode__type_support.cpp
[3.075s] -- Up-to-date: /home/mkouda/create_ws/src/install/create_msgs/include/create_msgs/create_msgs/msg/detail/charging_state__rosidl_typesupport_introspection_cpp.hpp
[3.075s] -- Up-to-date: /home/mkouda/create_ws/src/install/create_msgs/include/create_msgs/create_msgs/msg/detail/define_song__rosidl_typesupport_introspection_cpp.hpp
[3.076s] -- Up-to-date: /home/mkouda/create_ws/src/install/create_msgs/include/create_msgs/create_msgs/msg/detail/play_song__rosidl_typesupport_introspection_cpp.hpp
[3.076s] -- Up-to-date: /home/mkouda/create_ws/src/install/create_msgs/include/create_msgs/create_msgs/msg/detail/motor_setpoint__type_support.cpp
[3.076s] -- Up-to-date: /home/mkouda/create_ws/src/install/create_msgs/include/create_msgs/create_msgs/msg/detail/define_song__type_support.cpp
[3.077s] -- Up-to-date: /home/mkouda/create_ws/src/install/create_msgs/include/create_msgs/create_msgs/msg/detail/mode__rosidl_typesupport_introspection_cpp.hpp
[3.077s] -- Up-to-date: /home/mkouda/create_ws/src/install/create_msgs/include/create_msgs/create_msgs/msg/detail/motor_setpoint__rosidl_typesupport_introspection_cpp.hpp
[3.078s] -- Up-to-date: /home/mkouda/create_ws/src/install/create_msgs/include/create_msgs/create_msgs/msg/detail/cliff__rosidl_typesupport_introspection_cpp.hpp
[3.078s] -- Up-to-date: /home/mkouda/create_ws/src/install/create_msgs/include/create_msgs/create_msgs/msg/detail/play_song__type_support.cpp
[3.079s] -- Up-to-date: /home/mkouda/create_ws/src/install/create_msgs/lib/libcreate_msgs__rosidl_typesupport_introspection_cpp.so
[3.079s] -- Up-to-date: /home/mkouda/create_ws/src/install/create_msgs/lib/libcreate_msgs__rosidl_typesupport_cpp.so
[3.080s] -- Up-to-date: /home/mkouda/create_ws/src/install/create_msgs/share/create_msgs/environment/pythonpath.sh
[3.080s] -- Up-to-date: /home/mkouda/create_ws/src/install/create_msgs/share/create_msgs/environment/pythonpath.dsv
[3.081s] -- Up-to-date: /home/mkouda/create_ws/src/install/create_msgs/local/lib/python3.10/dist-packages/create_msgs-3.1.0-py3.10.egg-info
[3.081s] -- Installing: /home/mkouda/create_ws/src/install/create_msgs/local/lib/python3.10/dist-packages/create_msgs-3.1.0-py3.10.egg-info/PKG-INFO
[3.082s] -- Installing: /home/mkouda/create_ws/src/install/create_msgs/local/lib/python3.10/dist-packages/create_msgs-3.1.0-py3.10.egg-info/top_level.txt
[3.082s] -- Installing: /home/mkouda/create_ws/src/install/create_msgs/local/lib/python3.10/dist-packages/create_msgs-3.1.0-py3.10.egg-info/dependency_links.txt
[3.083s] -- Installing: /home/mkouda/create_ws/src/install/create_msgs/local/lib/python3.10/dist-packages/create_msgs-3.1.0-py3.10.egg-info/SOURCES.txt
[3.084s] -- Up-to-date: /home/mkouda/create_ws/src/install/create_msgs/local/lib/python3.10/dist-packages/create_msgs
[3.084s] -- Up-to-date: /home/mkouda/create_ws/src/install/create_msgs/local/lib/python3.10/dist-packages/create_msgs/libcreate_msgs__rosidl_generator_py.so
[3.085s] -- Up-to-date: /home/mkouda/create_ws/src/install/create_msgs/local/lib/python3.10/dist-packages/create_msgs/msg
[3.087s] -- Up-to-date: /home/mkouda/create_ws/src/install/create_msgs/local/lib/python3.10/dist-packages/create_msgs/msg/_cliff.py
[3.088s] -- Up-to-date: /home/mkouda/create_ws/src/install/create_msgs/local/lib/python3.10/dist-packages/create_msgs/msg/_cliff_s.c
[3.089s] -- Up-to-date: /home/mkouda/create_ws/src/install/create_msgs/local/lib/python3.10/dist-packages/create_msgs/msg/_charging_state_s.c
[3.090s] -- Up-to-date: /home/mkouda/create_ws/src/install/create_msgs/local/lib/python3.10/dist-packages/create_msgs/msg/_bumper_s.c
[3.090s] -- Up-to-date: /home/mkouda/create_ws/src/install/create_msgs/local/lib/python3.10/dist-packages/create_msgs/msg/_bumper.py
[3.091s] -- Up-to-date: /home/mkouda/create_ws/src/install/create_msgs/local/lib/python3.10/dist-packages/create_msgs/msg/_play_song_s.c
[3.091s] -- Up-to-date: /home/mkouda/create_ws/src/install/create_msgs/local/lib/python3.10/dist-packages/create_msgs/msg/_mode.py
[3.092s] -- Up-to-date: /home/mkouda/create_ws/src/install/create_msgs/local/lib/python3.10/dist-packages/create_msgs/msg/_motor_setpoint_s.c
[3.092s] -- Up-to-date: /home/mkouda/create_ws/src/install/create_msgs/local/lib/python3.10/dist-packages/create_msgs/msg/__init__.py
[3.092s] -- Up-to-date: /home/mkouda/create_ws/src/install/create_msgs/local/lib/python3.10/dist-packages/create_msgs/msg/_motor_setpoint.py
[3.093s] -- Up-to-date: /home/mkouda/create_ws/src/install/create_msgs/local/lib/python3.10/dist-packages/create_msgs/msg/_define_song.py
[3.093s] -- Up-to-date: /home/mkouda/create_ws/src/install/create_msgs/local/lib/python3.10/dist-packages/create_msgs/msg/_charging_state.py
[3.093s] -- Up-to-date: /home/mkouda/create_ws/src/install/create_msgs/local/lib/python3.10/dist-packages/create_msgs/msg/_define_song_s.c
[3.094s] -- Up-to-date: /home/mkouda/create_ws/src/install/create_msgs/local/lib/python3.10/dist-packages/create_msgs/msg/_mode_s.c
[3.094s] -- Up-to-date: /home/mkouda/create_ws/src/install/create_msgs/local/lib/python3.10/dist-packages/create_msgs/msg/_play_song.py
[3.095s] -- Up-to-date: /home/mkouda/create_ws/src/install/create_msgs/local/lib/python3.10/dist-packages/create_msgs/create_msgs_s__rosidl_typesupport_fastrtps_c.cpython-310-aarch64-linux-gnu.so
[3.096s] -- Up-to-date: /home/mkouda/create_ws/src/install/create_msgs/local/lib/python3.10/dist-packages/create_msgs/create_msgs_s__rosidl_typesupport_introspection_c.cpython-310-aarch64-linux-gnu.so
[3.097s] -- Up-to-date: /home/mkouda/create_ws/src/install/create_msgs/local/lib/python3.10/dist-packages/create_msgs/_create_msgs_s.ep.rosidl_typesupport_c.c
[3.097s] -- Up-to-date: /home/mkouda/create_ws/src/install/create_msgs/local/lib/python3.10/dist-packages/create_msgs/__init__.py
[3.098s] -- Up-to-date: /home/mkouda/create_ws/src/install/create_msgs/local/lib/python3.10/dist-packages/create_msgs/_create_msgs_s.ep.rosidl_typesupport_fastrtps_c.c
[3.098s] -- Up-to-date: /home/mkouda/create_ws/src/install/create_msgs/local/lib/python3.10/dist-packages/create_msgs/_create_msgs_s.ep.rosidl_typesupport_introspection_c.c
[3.098s] -- Up-to-date: /home/mkouda/create_ws/src/install/create_msgs/local/lib/python3.10/dist-packages/create_msgs/create_msgs_s__rosidl_typesupport_c.cpython-310-aarch64-linux-gnu.so
[3.247s] Listing '/home/mkouda/create_ws/src/install/create_msgs/local/lib/python3.10/dist-packages/create_msgs'...
[3.248s] Listing '/home/mkouda/create_ws/src/install/create_msgs/local/lib/python3.10/dist-packages/create_msgs/msg'...
[3.273s] -- Up-to-date: /home/mkouda/create_ws/src/install/create_msgs/local/lib/python3.10/dist-packages/create_msgs/create_msgs_s__rosidl_typesupport_fastrtps_c.cpython-310-aarch64-linux-gnu.so
[3.276s] -- Up-to-date: /home/mkouda/create_ws/src/install/create_msgs/local/lib/python3.10/dist-packages/create_msgs/create_msgs_s__rosidl_typesupport_introspection_c.cpython-310-aarch64-linux-gnu.so
[3.278s] -- Up-to-date: /home/mkouda/create_ws/src/install/create_msgs/local/lib/python3.10/dist-packages/create_msgs/create_msgs_s__rosidl_typesupport_c.cpython-310-aarch64-linux-gnu.so
[3.280s] -- Up-to-date: /home/mkouda/create_ws/src/install/create_msgs/lib/libcreate_msgs__rosidl_generator_py.so
[3.282s] -- Up-to-date: /home/mkouda/create_ws/src/install/create_msgs/share/create_msgs/msg/Bumper.idl
[3.282s] -- Up-to-date: /home/mkouda/create_ws/src/install/create_msgs/share/create_msgs/msg/ChargingState.idl
[3.283s] -- Up-to-date: /home/mkouda/create_ws/src/install/create_msgs/share/create_msgs/msg/DefineSong.idl
[3.283s] -- Up-to-date: /home/mkouda/create_ws/src/install/create_msgs/share/create_msgs/msg/Mode.idl
[3.284s] -- Up-to-date: /home/mkouda/create_ws/src/install/create_msgs/share/create_msgs/msg/PlaySong.idl
[3.285s] -- Up-to-date: /home/mkouda/create_ws/src/install/create_msgs/share/create_msgs/msg/MotorSetpoint.idl
[3.285s] -- Up-to-date: /home/mkouda/create_ws/src/install/create_msgs/share/create_msgs/msg/Cliff.idl
[3.286s] -- Up-to-date: /home/mkouda/create_ws/src/install/create_msgs/share/create_msgs/msg/Bumper.msg
[3.286s] -- Up-to-date: /home/mkouda/create_ws/src/install/create_msgs/share/create_msgs/msg/ChargingState.msg
[3.287s] -- Up-to-date: /home/mkouda/create_ws/src/install/create_msgs/share/create_msgs/msg/DefineSong.msg
[3.287s] -- Up-to-date: /home/mkouda/create_ws/src/install/create_msgs/share/create_msgs/msg/Mode.msg
[3.288s] -- Up-to-date: /home/mkouda/create_ws/src/install/create_msgs/share/create_msgs/msg/PlaySong.msg
[3.289s] -- Up-to-date: /home/mkouda/create_ws/src/install/create_msgs/share/create_msgs/msg/MotorSetpoint.msg
[3.289s] -- Up-to-date: /home/mkouda/create_ws/src/install/create_msgs/share/create_msgs/msg/Cliff.msg
[3.290s] -- Up-to-date: /home/mkouda/create_ws/src/install/create_msgs/share/ament_index/resource_index/package_run_dependencies/create_msgs
[3.290s] -- Up-to-date: /home/mkouda/create_ws/src/install/create_msgs/share/ament_index/resource_index/parent_prefix_path/create_msgs
[3.291s] -- Up-to-date: /home/mkouda/create_ws/src/install/create_msgs/share/create_msgs/environment/ament_prefix_path.sh
[3.292s] -- Up-to-date: /home/mkouda/create_ws/src/install/create_msgs/share/create_msgs/environment/ament_prefix_path.dsv
[3.292s] -- Up-to-date: /home/mkouda/create_ws/src/install/create_msgs/share/create_msgs/environment/path.sh
[3.293s] -- Up-to-date: /home/mkouda/create_ws/src/install/create_msgs/share/create_msgs/environment/path.dsv
[3.293s] -- Up-to-date: /home/mkouda/create_ws/src/install/create_msgs/share/create_msgs/local_setup.bash
[3.293s] -- Up-to-date: /home/mkouda/create_ws/src/install/create_msgs/share/create_msgs/local_setup.sh
[3.294s] -- Up-to-date: /home/mkouda/create_ws/src/install/create_msgs/share/create_msgs/local_setup.zsh
[3.294s] -- Up-to-date: /home/mkouda/create_ws/src/install/create_msgs/share/create_msgs/local_setup.dsv
[3.295s] -- Installing: /home/mkouda/create_ws/src/install/create_msgs/share/create_msgs/package.dsv
[3.295s] -- Up-to-date: /home/mkouda/create_ws/src/install/create_msgs/share/ament_index/resource_index/packages/create_msgs
[3.296s] -- Up-to-date: /home/mkouda/create_ws/src/install/create_msgs/share/create_msgs/cmake/export_create_msgs__rosidl_generator_cExport.cmake
[3.297s] -- Up-to-date: /home/mkouda/create_ws/src/install/create_msgs/share/create_msgs/cmake/export_create_msgs__rosidl_generator_cExport-noconfig.cmake
[3.298s] -- Up-to-date: /home/mkouda/create_ws/src/install/create_msgs/share/create_msgs/cmake/export_create_msgs__rosidl_typesupport_fastrtps_cExport.cmake
[3.299s] -- Up-to-date: /home/mkouda/create_ws/src/install/create_msgs/share/create_msgs/cmake/export_create_msgs__rosidl_typesupport_fastrtps_cExport-noconfig.cmake
[3.301s] -- Up-to-date: /home/mkouda/create_ws/src/install/create_msgs/share/create_msgs/cmake/create_msgs__rosidl_typesupport_introspection_cExport.cmake
[3.301s] -- Up-to-date: /home/mkouda/create_ws/src/install/create_msgs/share/create_msgs/cmake/create_msgs__rosidl_typesupport_introspection_cExport-noconfig.cmake
[3.303s] -- Up-to-date: /home/mkouda/create_ws/src/install/create_msgs/share/create_msgs/cmake/create_msgs__rosidl_typesupport_cExport.cmake
[3.304s] -- Up-to-date: /home/mkouda/create_ws/src/install/create_msgs/share/create_msgs/cmake/create_msgs__rosidl_typesupport_cExport-noconfig.cmake
[3.305s] -- Up-to-date: /home/mkouda/create_ws/src/install/create_msgs/share/create_msgs/cmake/export_create_msgs__rosidl_generator_cppExport.cmake
[3.307s] -- Up-to-date: /home/mkouda/create_ws/src/install/create_msgs/share/create_msgs/cmake/export_create_msgs__rosidl_typesupport_fastrtps_cppExport.cmake
[3.307s] -- Up-to-date: /home/mkouda/create_ws/src/install/create_msgs/share/create_msgs/cmake/export_create_msgs__rosidl_typesupport_fastrtps_cppExport-noconfig.cmake
[3.309s] -- Up-to-date: /home/mkouda/create_ws/src/install/create_msgs/share/create_msgs/cmake/create_msgs__rosidl_typesupport_introspection_cppExport.cmake
[3.310s] -- Up-to-date: /home/mkouda/create_ws/src/install/create_msgs/share/create_msgs/cmake/create_msgs__rosidl_typesupport_introspection_cppExport-noconfig.cmake
[3.312s] -- Up-to-date: /home/mkouda/create_ws/src/install/create_msgs/share/create_msgs/cmake/create_msgs__rosidl_typesupport_cppExport.cmake
[3.312s] -- Up-to-date: /home/mkouda/create_ws/src/install/create_msgs/share/create_msgs/cmake/create_msgs__rosidl_typesupport_cppExport-noconfig.cmake
[3.314s] -- Up-to-date: /home/mkouda/create_ws/src/install/create_msgs/share/create_msgs/cmake/export_create_msgs__rosidl_generator_pyExport.cmake
[3.315s] -- Up-to-date: /home/mkouda/create_ws/src/install/create_msgs/share/create_msgs/cmake/export_create_msgs__rosidl_generator_pyExport-noconfig.cmake
[3.315s] -- Up-to-date: /home/mkouda/create_ws/src/install/create_msgs/share/create_msgs/cmake/rosidl_cmake-extras.cmake
[3.316s] -- Up-to-date: /home/mkouda/create_ws/src/install/create_msgs/share/create_msgs/cmake/ament_cmake_export_dependencies-extras.cmake
[3.316s] -- Up-to-date: /home/mkouda/create_ws/src/install/create_msgs/share/create_msgs/cmake/ament_cmake_export_include_directories-extras.cmake
[3.317s] -- Up-to-date: /home/mkouda/create_ws/src/install/create_msgs/share/create_msgs/cmake/ament_cmake_export_libraries-extras.cmake
[3.317s] -- Up-to-date: /home/mkouda/create_ws/src/install/create_msgs/share/create_msgs/cmake/ament_cmake_export_targets-extras.cmake
[3.318s] -- Up-to-date: /home/mkouda/create_ws/src/install/create_msgs/share/create_msgs/cmake/rosidl_cmake_export_typesupport_targets-extras.cmake
[3.319s] -- Up-to-date: /home/mkouda/create_ws/src/install/create_msgs/share/create_msgs/cmake/rosidl_cmake_export_typesupport_libraries-extras.cmake
[3.319s] -- Up-to-date: /home/mkouda/create_ws/src/install/create_msgs/share/create_msgs/cmake/create_msgsConfig.cmake
[3.320s] -- Up-to-date: /home/mkouda/create_ws/src/install/create_msgs/share/create_msgs/cmake/create_msgsConfig-version.cmake
[3.320s] -- Up-to-date: /home/mkouda/create_ws/src/install/create_msgs/share/create_msgs/package.xml
[3.329s] Invoked command in '/home/mkouda/create_ws/src/build/create_msgs' returned '0': CMAKE_PREFIX_PATH=${CMAKE_PREFIX_PATH}:/opt/ros/humble /usr/bin/cmake --install /home/mkouda/create_ws/src/build/create_msgs
