[0.087s] Invoking command in '/home/mkouda/create_ws/src/build/create_bringup': AMENT_PREFIX_PATH=/home/mkouda/create_ws/src/install/create_driver:/home/mkouda/create_ws/src/install/create_msgs:/home/mkouda/create_ws/src/install/create_description:${AMENT_PREFIX_PATH} CMAKE_PREFIX_PATH=/home/mkouda/create_ws/src/install/create_driver:/home/mkouda/create_ws/src/install/libcreate:/home/mkouda/create_ws/src/install/create_msgs:/home/mkouda/create_ws/src/install/create_description:/home/mkouda/create_ws/install/create_robot:/home/mkouda/create_ws/install/create_bringup:/home/mkouda/create_ws/install/create_driver:/home/mkouda/create_ws/install/libcreate:/home/mkouda/create_ws/install/create_msgs:/home/mkouda/create_ws/install/create_description:/opt/ros/humble LD_LIBRARY_PATH=/home/mkouda/create_ws/src/install/libcreate/lib:/home/mkouda/create_ws/src/install/create_msgs/lib:${LD_LIBRARY_PATH} PKG_CONFIG_PATH=/home/mkouda/create_ws/src/install/libcreate/lib/aarch64-linux-gnu/pkgconfig:/home/mkouda/create_ws/src/install/libcreate/lib/pkgconfig:${PKG_CONFIG_PATH} PYTHONPATH=/home/mkouda/create_ws/src/install/create_msgs/local/lib/python3.10/dist-packages:${PYTHONPATH} /usr/bin/cmake --build /home/mkouda/create_ws/src/build/create_bringup -- -j4 -l4
[0.248s] Invoked command in '/home/mkouda/create_ws/src/build/create_bringup' returned '0': AMENT_PREFIX_PATH=/home/mkouda/create_ws/src/install/create_driver:/home/mkouda/create_ws/src/install/create_msgs:/home/mkouda/create_ws/src/install/create_description:${AMENT_PREFIX_PATH} CMAKE_PREFIX_PATH=/home/mkouda/create_ws/src/install/create_driver:/home/mkouda/create_ws/src/install/libcreate:/home/mkouda/create_ws/src/install/create_msgs:/home/mkouda/create_ws/src/install/create_description:/home/mkouda/create_ws/install/create_robot:/home/mkouda/create_ws/install/create_bringup:/home/mkouda/create_ws/install/create_driver:/home/mkouda/create_ws/install/libcreate:/home/mkouda/create_ws/install/create_msgs:/home/mkouda/create_ws/install/create_description:/opt/ros/humble LD_LIBRARY_PATH=/home/mkouda/create_ws/src/install/libcreate/lib:/home/mkouda/create_ws/src/install/create_msgs/lib:${LD_LIBRARY_PATH} PKG_CONFIG_PATH=/home/mkouda/create_ws/src/install/libcreate/lib/aarch64-linux-gnu/pkgconfig:/home/mkouda/create_ws/src/install/libcreate/lib/pkgconfig:${PKG_CONFIG_PATH} PYTHONPATH=/home/mkouda/create_ws/src/install/create_msgs/local/lib/python3.10/dist-packages:${PYTHONPATH} /usr/bin/cmake --build /home/mkouda/create_ws/src/build/create_bringup -- -j4 -l4
[0.257s] Invoking command in '/home/mkouda/create_ws/src/build/create_bringup': AMENT_PREFIX_PATH=/home/mkouda/create_ws/src/install/create_driver:/home/mkouda/create_ws/src/install/create_msgs:/home/mkouda/create_ws/src/install/create_description:${AMENT_PREFIX_PATH} CMAKE_PREFIX_PATH=/home/mkouda/create_ws/src/install/create_driver:/home/mkouda/create_ws/src/install/libcreate:/home/mkouda/create_ws/src/install/create_msgs:/home/mkouda/create_ws/src/install/create_description:/home/mkouda/create_ws/install/create_robot:/home/mkouda/create_ws/install/create_bringup:/home/mkouda/create_ws/install/create_driver:/home/mkouda/create_ws/install/libcreate:/home/mkouda/create_ws/install/create_msgs:/home/mkouda/create_ws/install/create_description:/opt/ros/humble LD_LIBRARY_PATH=/home/mkouda/create_ws/src/install/libcreate/lib:/home/mkouda/create_ws/src/install/create_msgs/lib:${LD_LIBRARY_PATH} PKG_CONFIG_PATH=/home/mkouda/create_ws/src/install/libcreate/lib/aarch64-linux-gnu/pkgconfig:/home/mkouda/create_ws/src/install/libcreate/lib/pkgconfig:${PKG_CONFIG_PATH} PYTHONPATH=/home/mkouda/create_ws/src/install/create_msgs/local/lib/python3.10/dist-packages:${PYTHONPATH} /usr/bin/cmake --install /home/mkouda/create_ws/src/build/create_bringup
[0.288s] -- Install configuration: ""
[0.289s] -- Up-to-date: /home/mkouda/create_ws/src/install/create_bringup/share/create_bringup/config
[0.290s] -- Up-to-date: /home/mkouda/create_ws/src/install/create_bringup/share/create_bringup/config/default.yaml
[0.290s] -- Up-to-date: /home/mkouda/create_ws/src/install/create_bringup/share/create_bringup/config/log710.yaml
[0.291s] -- Up-to-date: /home/mkouda/create_ws/src/install/create_bringup/share/create_bringup/config/dualshock4.yaml
[0.291s] -- Up-to-date: /home/mkouda/create_ws/src/install/create_bringup/share/create_bringup/config/xbox360.yaml
[0.292s] -- Up-to-date: /home/mkouda/create_ws/src/install/create_bringup/share/create_bringup/launch
[0.293s] -- Up-to-date: /home/mkouda/create_ws/src/install/create_bringup/share/create_bringup/launch/create_2.launch
[0.293s] -- Up-to-date: /home/mkouda/create_ws/src/install/create_bringup/share/create_bringup/launch/create_1.launch
[0.294s] -- Up-to-date: /home/mkouda/create_ws/src/install/create_bringup/share/create_bringup/launch/roomba_400.launch
[0.294s] -- Up-to-date: /home/mkouda/create_ws/src/install/create_bringup/share/create_bringup/launch/joy_teleop.launch
[0.295s] -- Up-to-date: /home/mkouda/create_ws/src/install/create_bringup/share/ament_index/resource_index/package_run_dependencies/create_bringup
[0.295s] -- Up-to-date: /home/mkouda/create_ws/src/install/create_bringup/share/ament_index/resource_index/parent_prefix_path/create_bringup
[0.296s] -- Up-to-date: /home/mkouda/create_ws/src/install/create_bringup/share/create_bringup/environment/ament_prefix_path.sh
[0.296s] -- Up-to-date: /home/mkouda/create_ws/src/install/create_bringup/share/create_bringup/environment/ament_prefix_path.dsv
[0.297s] -- Up-to-date: /home/mkouda/create_ws/src/install/create_bringup/share/create_bringup/environment/path.sh
[0.297s] -- Up-to-date: /home/mkouda/create_ws/src/install/create_bringup/share/create_bringup/environment/path.dsv
[0.298s] -- Up-to-date: /home/mkouda/create_ws/src/install/create_bringup/share/create_bringup/local_setup.bash
[0.298s] -- Up-to-date: /home/mkouda/create_ws/src/install/create_bringup/share/create_bringup/local_setup.sh
[0.299s] -- Up-to-date: /home/mkouda/create_ws/src/install/create_bringup/share/create_bringup/local_setup.zsh
[0.299s] -- Up-to-date: /home/mkouda/create_ws/src/install/create_bringup/share/create_bringup/local_setup.dsv
[0.300s] -- Up-to-date: /home/mkouda/create_ws/src/install/create_bringup/share/create_bringup/package.dsv
[0.301s] -- Up-to-date: /home/mkouda/create_ws/src/install/create_bringup/share/ament_index/resource_index/packages/create_bringup
[0.301s] -- Up-to-date: /home/mkouda/create_ws/src/install/create_bringup/share/create_bringup/cmake/create_bringupConfig.cmake
[0.302s] -- Up-to-date: /home/mkouda/create_ws/src/install/create_bringup/share/create_bringup/cmake/create_bringupConfig-version.cmake
[0.304s] -- Up-to-date: /home/mkouda/create_ws/src/install/create_bringup/share/create_bringup/package.xml
[0.307s] Invoked command in '/home/mkouda/create_ws/src/build/create_bringup' returned '0': AMENT_PREFIX_PATH=/home/mkouda/create_ws/src/install/create_driver:/home/mkouda/create_ws/src/install/create_msgs:/home/mkouda/create_ws/src/install/create_description:${AMENT_PREFIX_PATH} CMAKE_PREFIX_PATH=/home/mkouda/create_ws/src/install/create_driver:/home/mkouda/create_ws/src/install/libcreate:/home/mkouda/create_ws/src/install/create_msgs:/home/mkouda/create_ws/src/install/create_description:/home/mkouda/create_ws/install/create_robot:/home/mkouda/create_ws/install/create_bringup:/home/mkouda/create_ws/install/create_driver:/home/mkouda/create_ws/install/libcreate:/home/mkouda/create_ws/install/create_msgs:/home/mkouda/create_ws/install/create_description:/opt/ros/humble LD_LIBRARY_PATH=/home/mkouda/create_ws/src/install/libcreate/lib:/home/mkouda/create_ws/src/install/create_msgs/lib:${LD_LIBRARY_PATH} PKG_CONFIG_PATH=/home/mkouda/create_ws/src/install/libcreate/lib/aarch64-linux-gnu/pkgconfig:/home/mkouda/create_ws/src/install/libcreate/lib/pkgconfig:${PKG_CONFIG_PATH} PYTHONPATH=/home/mkouda/create_ws/src/install/create_msgs/local/lib/python3.10/dist-packages:${PYTHONPATH} /usr/bin/cmake --install /home/mkouda/create_ws/src/build/create_bringup
