-- Install configuration: ""
-- Up-to-date: /home/mkouda/create_ws/src/install/create_description/share/create_description/launch
-- Up-to-date: /home/mkouda/create_ws/src/install/create_description/share/create_description/launch/create_2.launch
-- Up-to-date: /home/mkouda/create_ws/src/install/create_description/share/create_description/launch/create_1.launch
-- Up-to-date: /home/mkouda/create_ws/src/install/create_description/share/create_description/launch/roomba_400.launch
-- Up-to-date: /home/mkouda/create_ws/src/install/create_description/share/create_description/meshes
-- Up-to-date: /home/mkouda/create_ws/src/install/create_description/share/create_description/meshes/create_1.tga
-- Up-to-date: /home/mkouda/create_ws/src/install/create_description/share/create_description/meshes/create_2.dae
-- Up-to-date: /home/mkouda/create_ws/src/install/create_description/share/create_description/meshes/create_1.dae
-- Up-to-date: /home/mkouda/create_ws/src/install/create_description/share/create_description/urdf
-- Up-to-date: /home/mkouda/create_ws/src/install/create_description/share/create_description/urdf/create_2.urdf.xacro
-- Up-to-date: /home/mkouda/create_ws/src/install/create_description/share/create_description/urdf/create_2_gazebo.urdf.xacro
-- Up-to-date: /home/mkouda/create_ws/src/install/create_description/share/create_description/urdf/create_1_gazebo.urdf.xacro
-- Up-to-date: /home/mkouda/create_ws/src/install/create_description/share/create_description/urdf/create_base_gazebo.urdf.xacro
-- Up-to-date: /home/mkouda/create_ws/src/install/create_description/share/create_description/urdf/create_base.urdf.xacro
-- Up-to-date: /home/mkouda/create_ws/src/install/create_description/share/create_description/urdf/create_1.urdf.xacro
-- Up-to-date: /home/mkouda/create_ws/src/install/create_description/share/ament_index/resource_index/package_run_dependencies/create_description
-- Up-to-date: /home/mkouda/create_ws/src/install/create_description/share/ament_index/resource_index/parent_prefix_path/create_description
-- Up-to-date: /home/mkouda/create_ws/src/install/create_description/share/create_description/environment/ament_prefix_path.sh
-- Up-to-date: /home/mkouda/create_ws/src/install/create_description/share/create_description/environment/ament_prefix_path.dsv
-- Up-to-date: /home/mkouda/create_ws/src/install/create_description/share/create_description/environment/path.sh
-- Up-to-date: /home/mkouda/create_ws/src/install/create_description/share/create_description/environment/path.dsv
-- Up-to-date: /home/mkouda/create_ws/src/install/create_description/share/create_description/local_setup.bash
-- Up-to-date: /home/mkouda/create_ws/src/install/create_description/share/create_description/local_setup.sh
-- Up-to-date: /home/mkouda/create_ws/src/install/create_description/share/create_description/local_setup.zsh
-- Up-to-date: /home/mkouda/create_ws/src/install/create_description/share/create_description/local_setup.dsv
-- Up-to-date: /home/mkouda/create_ws/src/install/create_description/share/create_description/package.dsv
-- Up-to-date: /home/mkouda/create_ws/src/install/create_description/share/ament_index/resource_index/packages/create_description
-- Up-to-date: /home/mkouda/create_ws/src/install/create_description/share/create_description/cmake/create_descriptionConfig.cmake
-- Up-to-date: /home/mkouda/create_ws/src/install/create_description/share/create_description/cmake/create_descriptionConfig-version.cmake
-- Up-to-date: /home/mkouda/create_ws/src/install/create_description/share/create_description/package.xml
